  dataset        a v_congruent t0_congruent v_incongruent t0_incongruent  penalty      fit     time   method
 flanker_DDM_subject1   1.6475   1.0023   0.0000   0.0022   0.0166   0.0000 1805.9318   0.2440       ML
 flanker_DDM_subject10   1.9746   1.3606   0.0595   0.3262   0.0666   0.0000 1590.4764   0.3980       ML
 flanker_DDM_subject100   1.7832   1.0053   0.0453  -0.3702   0.0975   0.0000 1674.9590   0.1140       ML
 flanker_DDM_subject101   1.9600   0.6196   0.1200   0.5396   0.0877   0.0000 2075.6813   0.1440       ML
 flanker_DDM_subject102   1.7023   0.9285   0.1318  -0.1219   0.0271   0.0000 1634.2865   0.1540       ML
 flanker_DDM_subject103   1.8881   0.6627   0.0806  -0.1751   0.1259   0.0000 2160.0819   0.1350       ML
 flanker_DDM_subject104   1.5155   0.9286   0.0525  -0.2672   0.0758   0.0000 1278.6868   0.1440       ML
 flanker_DDM_subject105   1.9043   0.7199   0.1900   0.2325   0.0026   0.0000 2110.7988   0.1560       ML
 flanker_DDM_subject106   1.7995   1.0051   0.0379  -0.3639   0.0446   0.0000 1704.9413   0.1390       ML
 flanker_DDM_subject107   2.0312   1.6405   0.1202   0.3285   0.0640   0.0000 1468.7445   0.1410       ML
 flanker_DDM_subject108   1.8744   0.2664   0.0398   0.1063   0.1002   0.0000 2289.0296   0.1500       ML
 flanker_DDM_subject109   1.8804   0.1030   0.0956   0.2759   0.0902   0.0000 2282.5076   0.1460       ML
 flanker_DDM_subject11   1.6991   0.5419   0.1031  -0.3224   0.1348   0.0000 1787.1718   0.1340       ML
 flanker_DDM_subject110   1.3750   1.1920   0.3689   0.9949   0.3952   0.0000 374.0962   0.3010       ML
 flanker_DDM_subject111   2.2207   0.5559   0.0422  -0.3676   0.0634   0.0000 2673.8108   0.1060       ML
 flanker_DDM_subject112   1.7860   1.0546   0.0970   0.2648   0.0682   0.0000 1706.4932   0.1390       ML
 flanker_DDM_subject113   2.1128   0.1670   0.0465   0.0888   0.0568   0.0000 2761.1508   0.1360       ML
 flanker_DDM_subject114   2.5428   1.1976   0.2568  -1.5803   0.2010   0.0000 1213.5922   0.1180       ML
 flanker_DDM_subject115   2.0051   1.5854   0.0348   0.0552   0.0429   0.0000 1604.2865   0.1540       ML
 flanker_DDM_subject116   1.8025   0.2887   0.0255   0.1339   0.0913   0.0000 2148.5978   0.1180       ML
 flanker_DDM_subject117   1.9962   0.4981   0.0540  -0.0637   0.1002   0.0000 2456.9597   0.1210       ML
 flanker_DDM_subject118   2.3375   1.1055   0.1528   0.1006   0.0720   0.0000 2368.6625   0.1320       ML
 flanker_DDM_subject119   2.0638   0.5272   0.0563  -0.0197   0.1211   0.0000 2590.0636   0.1400       ML
 flanker_DDM_subject12   2.1722   1.2910   0.0098   0.0168   0.1122   0.0000 2008.1238   0.1430       ML
 flanker_DDM_subject120   2.2880   1.2471   0.1206   0.2796   0.1621   0.0000 2076.2039   0.1360       ML
 flanker_DDM_subject121   2.0822   0.7220   0.0819   0.1384   0.0024   0.0000 2454.8449   0.1290       ML
 flanker_DDM_subject122   1.5510   0.9537   0.0761  -0.2014   0.1378   0.0000 1310.5905   0.1250       ML
 flanker_DDM_subject123   2.1521   0.8386   0.0590   0.6281   0.0000   0.0000 2187.1725   0.1760       ML
 flanker_DDM_subject124   2.0606   0.9498   0.0942   0.1800   0.0379   0.0000 2112.5348   0.1700       ML
 flanker_DDM_subject125   1.9527   0.5996   0.1349  -0.1867   0.0255   0.0000 2269.5963   0.1630       ML
 flanker_DDM_subject126   2.1281   0.8633   0.0271   0.0794   0.2506   0.0000 2398.8286   0.1610       ML
 flanker_DDM_subject127   2.0444   1.4679   0.0320   0.0932   0.1712   0.0000 1670.0298   0.1390       ML
 flanker_DDM_subject128   1.9610   1.2221   0.0346  -0.0121   0.1374   0.0000 1872.7492   0.1340       ML
 flanker_DDM_subject129   1.6893   0.9648   0.2387   0.3580   0.0779   0.0000 1429.2526   0.1570       ML
 flanker_DDM_subject13   1.6973   0.6315   0.2167   0.3291   0.0198   0.0000 1820.6074   0.1330       ML
 flanker_DDM_subject130   1.7772   0.8692   0.1062   0.2410   0.0934   0.0000 1758.8790   0.1440       ML
 flanker_DDM_subject131   2.2650   1.3114   0.1000   0.1787   0.0344   0.0000 2032.6180   0.1150       ML
 flanker_DDM_subject132   2.1952   1.1241   0.0849  -0.0273   0.0431   0.0000 2184.7384   0.1370       ML
 flanker_DDM_subject133   2.0488   0.7997   0.1868   0.0866   0.1229   0.0000 2329.7677   0.1240       ML
 flanker_DDM_subject134   1.8819   0.9929   0.1144   0.0677   0.1582   0.0000 1840.3618   0.1240       ML
 flanker_DDM_subject135   1.4118   0.4089   0.1394   0.9611   0.2397   0.0000 1012.3941   0.1300       ML
 flanker_DDM_subject136   1.8413   0.4339   0.0598   0.0540   0.0174   0.0000 2249.1218   0.1370       ML
 flanker_DDM_subject137   1.7782   0.9720   0.0757  -0.2918   0.1344   0.0000 1669.7271   0.1460       ML
 flanker_DDM_subject138   1.5023   0.3844   0.0947   0.0085   0.1380   0.0000 1450.1003   0.1550       ML
 flanker_DDM_subject139   1.8949   1.8846   0.1382  -0.0621   0.0436   0.0000 1306.3342   0.1190       ML
 flanker_DDM_subject14   2.0615   1.6948   0.1983   0.3450   0.0196   0.0000 1475.7958   0.1480       ML
 flanker_DDM_subject140   2.0068   0.2442   0.1376  -0.1026   0.1071   0.0000 2558.6163   0.1160       ML
 flanker_DDM_subject141   3.6683   2.5196   0.0491  -0.0193   0.0070   0.0000 3246.2100   0.0620       ML
 flanker_DDM_subject142   1.2385   3.1215   0.6621  -1.0051   0.3394   0.0000 -611.7190   0.2300       ML
 flanker_DDM_subject143   1.9764   0.5566   0.1346   0.3957   0.0952   0.0000 2260.4451   0.1260       ML
 flanker_DDM_subject144   2.1560   0.4655   0.0943  -0.0672   0.0773   0.0000 2718.3600   0.1220       ML
 flanker_DDM_subject145   1.8772   1.1194   0.1320  -0.1761   0.0804   0.0000 1865.6442   0.1450       ML
 flanker_DDM_subject146   1.9910   1.7507   0.2148   0.0243   0.0062   0.0000 1483.9140   0.1380       ML
 flanker_DDM_subject147   2.0894   1.1898   0.1593   0.0254   0.1076   0.0000 2051.1579   0.1380       ML
 flanker_DDM_subject148   2.0210   1.4015   0.0564   0.1171   0.0840   0.0000 1711.6067   0.1280       ML
 flanker_DDM_subject149   1.8498   0.2113   0.0363  -0.4748   0.0249   0.0000 2075.0005   0.1460       ML
 flanker_DDM_subject15   1.9596   0.0731   0.1588  -0.4235   0.1175   0.0000 2362.5148   0.1260       ML
 flanker_DDM_subject150   2.0611   1.5390   0.1754  -0.2308   0.0516   0.0000 1768.8960   0.1430       ML
 flanker_DDM_subject151   1.6804  -0.1174   0.0442   0.2584   0.2291   0.0000 1972.3775   0.1440       ML
 flanker_DDM_subject152   1.5618   0.4219   0.2518   0.0626   0.0000   0.0000 1764.2315   0.2050       ML
 flanker_DDM_subject153   1.8752   0.3187   0.0000  -0.4305   0.1170   0.0000 2206.8308   0.1230       ML
 flanker_DDM_subject154   2.7811   1.2082   0.1128   0.4740   0.1079   0.0000 2407.0755   0.1160       ML
 flanker_DDM_subject155   1.8723   0.9301   0.0531  -0.1681   0.0101   0.0000 1959.4909   0.1170       ML
 flanker_DDM_subject156   1.8939   0.5901   0.1508  -0.2947   0.1621   0.0000 2129.8236   0.1290       ML
 flanker_DDM_subject157   2.0163   0.4571   0.0708   0.1153   0.0204   0.0000 2514.1689   0.1210       ML
 flanker_DDM_subject158   2.1816   1.2401   0.0836   0.2121   0.2901   0.0000 1931.3124   0.1160       ML
 flanker_DDM_subject159   2.2850   1.4545   0.0862  -0.0448   0.1064   0.0000 1984.5897   0.1390       ML
 flanker_DDM_subject16   2.2272   1.1657   0.0109  -0.1687   0.1170   0.0000 2222.8475   0.1190       ML
 flanker_DDM_subject160   2.0694   0.2257   0.0820  -0.3812   0.0754   0.0000 2613.9541   0.1180       ML
 flanker_DDM_subject161   1.9968   1.3696   0.1397  -0.1212   0.1034   0.0000 1617.7035   0.1450       ML
 flanker_DDM_subject162   2.1981   1.3268   0.0524   0.6693   0.1158   0.0000 2084.2742   0.0800       ML
 flanker_DDM_subject163   2.1997   1.4492   0.0113  -0.0707   0.0736   0.0000 1839.2966   0.1710       ML
 flanker_DDM_subject164   2.0562   1.0317   0.1108  -0.3975   0.0522   0.0000 2061.1474   0.1150       ML
 flanker_DDM_subject165   1.7760   0.6828   0.0548  -0.1613   0.1049   0.0000 1867.2413   0.1160       ML
 flanker_DDM_subject166   1.6772   0.4858   0.1352  -0.2247   0.1404   0.0000 1897.9029   0.1240       ML
 flanker_DDM_subject167   1.9290   0.6545   0.1813  -0.1989   0.1385   0.0000 2190.4261   0.1280       ML
 flanker_DDM_subject168   2.1774   0.7988   0.0865   0.4890   0.0139   0.0000 2346.5294   0.1010       ML
 flanker_DDM_subject169   1.8708   0.2478   0.0484  -0.1372   0.1004   0.0000 2249.3207   0.1180       ML
 flanker_DDM_subject17   2.2636   0.8751   0.0610  -0.0356   0.1220   0.0000 2539.9674   0.1340       ML
 flanker_DDM_subject170   1.9584   0.7448   0.1402  -0.3194   0.0532   0.0000 2189.1298   0.1420       ML
 flanker_DDM_subject171   1.9929   0.3397   0.0235   0.1001   0.0807   0.0000 2323.1878   0.3180       ML
 flanker_DDM_subject172   1.8708   0.6428   0.2022   0.0372   0.0657   0.0000 2108.6140   0.1110       ML
 flanker_DDM_subject173   1.9936   1.2945   0.1948   0.0123   0.1586   0.0000 1770.2440   0.1390       ML
 flanker_DDM_subject174   2.1379   0.9648   0.0316  -0.5232   0.0599   0.0000 2091.2671   0.1010       ML
 flanker_DDM_subject175   2.0463   1.2536   0.1652  -0.1941   0.0001   0.0000 1931.0806   0.1420       ML
 flanker_DDM_subject176   2.0526   0.6918   0.0599  -0.8391   0.0251   0.0000 1960.7393   0.1230       ML
 flanker_DDM_subject177   1.9746   0.8310   0.0840  -0.2844   0.0146   0.0000 2098.5774   0.1450       ML
 flanker_DDM_subject178   1.6379   0.5730   0.2315   0.0346   0.1507   0.0000 1764.8276   0.1220       ML
 flanker_DDM_subject179   1.7063   0.3497   0.0124   0.1015   0.0555   0.0000 1924.6457   0.1150       ML
 flanker_DDM_subject18   2.0109   0.2295   0.0637   0.0103   0.0429   0.0000 2589.5925   0.1190       ML
 flanker_DDM_subject180   1.8686   0.8262   0.1254   0.2210   0.0487   0.0000 1969.8895   0.1380       ML
 flanker_DDM_subject181   1.8803   0.4591   0.0461  -0.3054   0.0284   0.0000 2217.2094   0.1050       ML
 flanker_DDM_subject182   1.4432   0.9935   0.1070   0.4700   0.2381   0.0000 954.4505   0.1310       ML
 flanker_DDM_subject183   2.0589   0.8580   0.0977   0.0753   0.0550   0.0000 2268.2136   0.1700       ML
 flanker_DDM_subject184   2.3409   1.2637   0.0216  -0.0288   0.1587   0.0000 2189.2587   0.1210       ML
 flanker_DDM_subject185   1.5746   0.7378   0.1530   1.0428   0.0970   0.0000 1011.9588   0.1300       ML
 flanker_DDM_subject186   1.7406   0.3481   0.2227   0.3929   0.1096   0.0000 1876.5304   0.1350       ML
 flanker_DDM_subject187   2.4124   1.6053   0.1442  -0.0087   0.0818   0.0000 1991.1828   0.1390       ML
 flanker_DDM_subject188   2.2979   1.5271   0.0432   0.5528   0.0386   0.0000 1780.7853   0.1510       ML
 flanker_DDM_subject189   2.3656   0.7811   0.0828  -0.4562   0.0147   0.0000 2606.6356   0.1180       ML
 flanker_DDM_subject19   1.7965   1.0184   0.2309  -0.0366   0.0946   0.0000 1767.6692   0.1610       ML
 flanker_DDM_subject190   1.3824   1.1404   0.2896   0.1207   0.4151   0.0000 788.5066   0.1320       ML
 flanker_DDM_subject191   1.9274   0.2163   0.1134   0.3187   0.0688   0.0000 2341.3850   0.1290       ML
 flanker_DDM_subject192   2.0094   0.7545   0.1018  -0.2626   0.0593   0.0000 2253.2592   0.1090       ML
 flanker_DDM_subject193   2.2280   1.0993   0.1204  -0.0062   0.1710   0.0000 2235.3436   0.1290       ML
 flanker_DDM_subject194   1.3297   1.1582   0.2034  -0.2066   0.1855   0.0000 718.1722   0.1360       ML
 flanker_DDM_subject195   1.9957   1.4264   0.1195  -0.1758   0.1105   0.0000 1577.9724   0.1240       ML
 flanker_DDM_subject196   2.1441   1.4342   0.1335   0.5307   0.0000   0.0000 1727.6220   0.1300       ML
 flanker_DDM_subject197   2.3625   1.3640   0.0358   0.1170   0.0417   0.0000 2124.6487   0.3000       ML
 flanker_DDM_subject198   1.9189   1.1257   0.0365  -0.0102   0.0429   0.0000 1871.7973   0.1160       ML
 flanker_DDM_subject199   1.2288   1.0070   0.3324   0.3640   0.2642   0.0000 406.6040   0.1730       ML
 flanker_DDM_subject2   1.7644   0.8405   0.0124   0.2844   0.0931   0.0000 1773.0390   0.1470       ML
 flanker_DDM_subject20   2.2441   1.3523   0.0594  -0.3428   0.0057   0.0000 1927.0553   0.1480       ML
 flanker_DDM_subject200   1.8316   1.5293   0.1642  -0.0506   0.2021   0.0000 1327.7452   0.1490       ML
 flanker_DDM_subject201   1.9460   0.6477   0.0053   0.3862   0.1720   0.0000 2132.1281   0.1500       ML
 flanker_DDM_subject202   1.7913   0.1833   0.1293   0.2093   0.0719   0.0000 2172.4967   0.1220       ML
 flanker_DDM_subject203   2.3242   1.2807   0.0227   0.2699   0.1476   0.0000 2115.4007   0.1210       ML
 flanker_DDM_subject204   1.8185   0.4194   0.0812   0.2875   0.0000   0.0000 2270.4458   0.1430       ML
 flanker_DDM_subject205   2.0217   0.8131   0.0595   0.3578   0.0618   0.0000 2188.5952   0.1490       ML
 flanker_DDM_subject206   1.1425   1.4896   0.3563   0.8519   0.2818   0.0000 -134.6117   0.1580       ML
 flanker_DDM_subject207   1.8609   0.9377   0.1915  -0.4245   0.0053   0.0000 1841.4930   0.1450       ML
 flanker_DDM_subject208   2.5206   1.1993   0.1429  -0.0019   0.0484   0.0000 2439.2317   0.1400       ML
 flanker_DDM_subject209   2.2034   1.4406   0.0457  -0.3236   0.0437   0.0000 1837.7792   0.1050       ML
 flanker_DDM_subject21   2.4413   0.9792   0.0249  -1.1691   0.0594   0.0000 1779.1180   0.1190       ML
 flanker_DDM_subject210   1.8081   0.9397   0.0410  -0.0027   0.0161   0.0000 1845.9013   0.1580       ML
 flanker_DDM_subject211   1.5814   0.6237   0.0406   0.7482   0.0336   0.0000 1393.1535   0.1310       ML
 flanker_DDM_subject212   2.0760   0.3629   0.0582   0.2028   0.0251   0.0000 2574.5875   0.1370       ML
 flanker_DDM_subject213   1.7053   0.9101   0.0219   0.2182   0.0983   0.0000 1592.5993   0.0990       ML
 flanker_DDM_subject214   2.1464   0.6682   0.0713  -0.1652   0.0384   0.0000 2552.3041   0.1300       ML
 flanker_DDM_subject215   1.9800   0.9237   0.1572   0.0564   0.0519   0.0000 2193.1489   0.1580       ML
 flanker_DDM_subject216   2.2764   1.0971   0.0852   0.2035   0.0018   0.0000 2293.9459   0.1840       ML
 flanker_DDM_subject217   1.9483   0.0856   0.1469  -0.3642   0.1708   0.0000 2401.2941   0.1530       ML
 flanker_DDM_subject218   1.6638   0.7215   0.0909   0.8569   0.0176   0.0000 1414.4589   0.1460       ML
 flanker_DDM_subject219   1.9139  -0.0218   0.0595   0.3310   0.1129   0.0000 2376.0737   0.1580       ML
 flanker_DDM_subject22   2.1682   0.8067   0.1238   0.0037   0.0845   0.0000 2480.9681   0.1510       ML
 flanker_DDM_subject220   2.1154   1.2153   0.0437   0.2565   0.0000   0.0000 2011.8052   0.1630       ML
 flanker_DDM_subject221   2.0885   1.3767   0.0540  -0.2268   0.0898   0.0000 1619.9169   0.2390       ML
 flanker_DDM_subject222   2.1230   0.6858   0.0505  -0.1459   0.0000   0.0000 2559.1635   0.1540       ML
 flanker_DDM_subject223   2.0233   0.3077   0.0563   0.0036   0.0335   0.0000 2617.7499   0.1290       ML
 flanker_DDM_subject224   1.7440   0.4885   0.1376   0.0385   0.0833   0.0000 1937.3532   0.1340       ML
 flanker_DDM_subject225   1.8094   1.3439   0.1862  -0.5081   0.1117   0.0000 1404.7085   0.1700       ML
 flanker_DDM_subject226   2.1594   0.9637   0.0006   0.4018   0.0415   0.0000 2251.9706   0.1540       ML
 flanker_DDM_subject227   2.3767   0.6684   0.1251   0.4057   0.1884   0.0000 2717.1702   0.1210       ML
 flanker_DDM_subject228   2.0601   1.3365   0.0989  -0.7246   0.0902   0.0000 1491.7634   0.1300       ML
 flanker_DDM_subject229   1.9674   0.9155   0.0675  -0.2442   0.1038   0.0000 2081.3060   0.1330       ML
 flanker_DDM_subject23   2.0581   1.3139   0.0684  -0.3617   0.1384   0.0000 1722.2727   0.1370       ML
 flanker_DDM_subject230   1.8638   0.2702   0.0880   0.0377   0.0952   0.0000 2312.0489   0.1440       ML
 flanker_DDM_subject231   1.9387   0.5979   0.2348   0.0311   0.0179   0.0000 2314.2567   0.1400       ML
 flanker_DDM_subject232   1.8142   0.0203   0.0000   0.0184   0.0070   0.0000 2247.7114   0.1500       ML
 flanker_DDM_subject233   2.2314   1.1888   0.0837   0.6061   0.0282   0.0000 1910.5036   0.1450       ML
 flanker_DDM_subject234   1.9293   0.3573   0.1473   0.3411   0.2156   0.0000 2313.1559   0.1230       ML
 flanker_DDM_subject235   1.9544   1.2956   0.0642  -0.2665   0.0869   0.0000 1682.3874   0.1230       ML
 flanker_DDM_subject236   1.8603   0.3676   0.1085   0.5347   0.0672   0.0000 2127.6937   0.1420       ML
 flanker_DDM_subject237   1.1495   1.3240   0.3246   1.2990   0.4253   0.0000 -111.6551   0.1710       ML
 flanker_DDM_subject238   2.1517   1.5454   0.0890  -0.6939   0.0351   0.0000 1458.3600   0.1270       ML
 flanker_DDM_subject239   2.1415   1.2451   0.1567   0.5273   0.0838   0.0000 1823.1217   0.1430       ML
 flanker_DDM_subject24   2.5080   1.3368   0.0347   0.5290   0.0135   0.0000 2082.3999   0.1300       ML
 flanker_DDM_subject240   1.9263   1.6190   0.1253   0.0224   0.1658   0.0000 1374.0670   0.1550       ML
 flanker_DDM_subject241   2.1288   0.9523   0.1433  -0.1901   0.0659   0.0000 2260.5145   0.1460       ML
 flanker_DDM_subject242   1.7203   1.0415   0.0000  -0.4173   0.1829   0.0000 1601.2231   0.1340       ML
 flanker_DDM_subject243   1.7771   0.8087   0.0957   0.2860   0.1966   0.0000 1816.3271   0.1590       ML
 flanker_DDM_subject244   1.8245   0.4396   0.0751  -0.2403   0.1135   0.0000 2129.3719   0.1400       ML
 flanker_DDM_subject245   2.0085   0.5200   0.0713  -0.2286   0.1095   0.0000 2464.5957   0.1470       ML
 flanker_DDM_subject246   1.9789   0.1155   0.0838   0.0136   0.0857   0.0000 2613.1730   0.1270       ML
 flanker_DDM_subject247   1.8850   0.0846   0.1395   0.1970   0.1108   0.0000 2336.5244   0.1450       ML
 flanker_DDM_subject248   2.0813   0.6768   0.0427  -0.2064   0.0988   0.0000 2472.4656   0.1240       ML
 flanker_DDM_subject249   1.8918   0.3038   0.0361  -0.5691   0.0191   0.0000 2166.0349   0.1230       ML
 flanker_DDM_subject25   2.1866   1.1307   0.0973  -0.2564   0.0745   0.0000 2133.8545   0.1130       ML
 flanker_DDM_subject250   2.0510   1.0553   0.1414  -0.4208   0.0000   0.0000 2020.2091   0.1660       ML
 flanker_DDM_subject251   1.9136   1.1507   0.0562   0.4451   0.1708   0.0000 1723.5175   0.1580       ML
 flanker_DDM_subject252   1.7267   0.4571   0.0087   0.4256   0.0711   0.0000 1827.5435   0.1810       ML
 flanker_DDM_subject253   1.7540   0.1621   0.1575  -0.2578   0.2368   0.0000 2061.1012   0.1830       ML
 flanker_DDM_subject254   1.6215   1.1408   0.1715  -0.1277   0.0312   0.0000 1319.0122   0.1380       ML
 flanker_DDM_subject255   2.1772   1.4556   0.1408  -0.4541   0.0656   0.0000 1741.5793   0.1370       ML
 flanker_DDM_subject256   2.1498   1.3184   0.0979  -0.2041   0.0180   0.0000 1835.0514   0.1350       ML
 flanker_DDM_subject257   1.7482   0.4711   0.1432   0.2707   0.1931   0.0000 1898.2390   0.1370       ML
 flanker_DDM_subject258   1.1601   1.4880   0.0401  -1.0498   0.2567   0.0000 -79.4305   0.2350       ML
 flanker_DDM_subject259   2.0110   0.8815   0.0456   0.2242   0.1353   0.0000 2139.3786   0.2080       ML
 flanker_DDM_subject26   1.8512   0.8046   0.2314  -0.1127   0.1602   0.0000 2037.7164   0.1320       ML
 flanker_DDM_subject260   1.9838   0.1306   0.1439   0.5688   0.1624   0.0000 2298.7221   0.1370       ML
 flanker_DDM_subject261   1.9779   0.3811   0.0217   0.1281   0.1722   0.0000 2412.3394   0.1340       ML
 flanker_DDM_subject262   1.9804   2.0155   0.0914   1.8957   0.2144   0.0000 542.3746   0.0880       ML
 flanker_DDM_subject263   1.4824   0.8489   0.1850   0.0544   0.1753   0.0000 1271.6109   0.1450       ML
 flanker_DDM_subject264   2.5140   0.9776   0.0912   0.9373   0.0466   0.0000 2036.5583   0.1190       ML
 flanker_DDM_subject265   1.9365   0.4951   0.1152   0.2291   0.0559   0.0000 2304.2521   0.1270       ML
 flanker_DDM_subject266   2.3006   1.2366   0.0582   0.4938   0.0862   0.0000 2000.9707   0.1590       ML
 flanker_DDM_subject267   2.0674   1.4436   0.1042   0.1692   0.1197   0.0000 1673.0950   0.1420       ML
 flanker_DDM_subject268   2.0800   1.2343   0.1225   0.3269   0.1289   0.0000 1841.3208   0.1440       ML
 flanker_DDM_subject269   1.5861   1.2706   0.1632   0.2773   0.4870   0.0000 994.4246   0.1620       ML
 flanker_DDM_subject27   1.8303   0.4665   0.0968  -0.1174   0.0894   0.0000 2171.2640   0.1290       ML
 flanker_DDM_subject270   2.1156   0.9726   0.1553   0.4578   0.0315   0.0000 2111.9554   0.1640       ML
 flanker_DDM_subject271   2.1362   1.5993   0.1232   0.4445   0.0725   0.0000 1615.2822   0.1450       ML
 flanker_DDM_subject272   2.3842   1.6747   0.0000  -0.5934   0.0838   0.0000 1775.1647   0.1330       ML
 flanker_DDM_subject273   1.8991   0.6644   0.0507  -0.3897   0.0903   0.0000 2032.9238   0.1310       ML
 flanker_DDM_subject274   1.9129   0.7687   0.1408   0.3585   0.0631   0.0000 2022.0888   0.1520       ML
 flanker_DDM_subject275   2.1202   1.0504   0.1999  -0.5941   0.0145   0.0000 1993.1959   0.1680       ML
 flanker_DDM_subject276   1.8245   1.5536   0.2732   0.8633   0.0778   0.0000 1094.0713   0.1640       ML
 flanker_DDM_subject277   1.4801   1.1027   0.0025  -0.1489   0.0732   0.0000 1089.3207   0.1770       ML
 flanker_DDM_subject278   2.3076   0.9625   0.1356  -0.0117   0.1456   0.0000 2501.7843   0.1460       ML
 flanker_DDM_subject279   2.0700   0.1108   0.0728   0.3055   0.1933   0.0000 2672.5742   0.1490       ML
 flanker_DDM_subject28   2.0675   0.8983   0.0608  -0.2481   0.0570   0.0000 2250.7024   0.1350       ML
 flanker_DDM_subject280   2.2454   1.2661   0.0316  -0.6843   0.1067   0.0000 1840.1811   0.1290       ML
 flanker_DDM_subject281   1.8143   0.7604   0.0284   0.1118   0.1434   0.0000 1945.9688   0.1330       ML
 flanker_DDM_subject282   2.1092   0.4284   0.0652   0.4073   0.2375   0.0000 2509.4553   0.1500       ML
 flanker_DDM_subject283   2.0070   1.0112   0.0424   0.2502   0.1364   0.0000 2079.0488   0.1530       ML
 flanker_DDM_subject284   1.7764   0.1930   0.0674   0.5346   0.0513   0.0000 2017.2331   0.1440       ML
 flanker_DDM_subject285   2.1445   0.4874   0.1186   0.2208   0.1621   0.0000 2668.0064   0.1390       ML
 flanker_DDM_subject286   1.9314   1.2396   0.1665  -0.3977   0.0292   0.0000 1677.4978   0.1480       ML
 flanker_DDM_subject287   1.8757   0.1425   0.0318  -0.5777   0.0582   0.0000 2169.4432   0.1650       ML
 flanker_DDM_subject288   1.6529   0.6092   0.0517  -0.1675   0.1257   0.0000 1779.0257   0.1250       ML
 flanker_DDM_subject289   1.9179   1.0794   0.0000   0.3181   0.0108   0.0000 1925.2369   0.1200       ML
 flanker_DDM_subject29   2.1262   0.5747   0.0602  -0.3146   0.1993   0.0000 2432.0161   0.1620       ML
 flanker_DDM_subject290   1.9478   0.5905   0.1243  -0.0986   0.0168   0.0000 2273.5843   0.1330       ML
 flanker_DDM_subject291   2.0604   1.0813   0.0383   0.0586   0.0537   0.0000 2102.2062   0.1490       ML
 flanker_DDM_subject292   1.7565   1.1699   0.0510  -0.0276   0.2688   0.0000 1560.6119   0.1360       ML
 flanker_DDM_subject293   1.2270   2.0752   0.2597  -0.8088   0.0531   0.0000 238.3405   0.2410       ML
 flanker_DDM_subject294   1.9437   1.5962   0.0131   0.5070   0.0544   0.0000 1355.9080   0.1130       ML
 flanker_DDM_subject295   1.9942   1.0893   0.0658  -0.2444   0.0295   0.0000 2024.7356   0.1270       ML
 flanker_DDM_subject296   1.6238   1.4378   0.1950   0.3258   0.0858   0.0000 1164.5622   0.1390       ML
 flanker_DDM_subject297   1.8805   1.2234   0.1231   0.2891   0.0428   0.0000 1688.1894   0.1620       ML
 flanker_DDM_subject298   1.8687   0.5242   0.0813  -0.0114   0.0653   0.0000 2070.5288   0.1290       ML
 flanker_DDM_subject299   2.0398   0.9764   0.0856  -0.2804   0.0914   0.0000 2030.4499   0.1370       ML
 flanker_DDM_subject3   1.9940   0.5747   0.0176   1.0011   0.2361   0.0000 1762.9247   0.1140       ML
 flanker_DDM_subject30   2.1141   1.2066   0.0445   0.2041   0.0756   0.0000 2013.0175   0.1330       ML
 flanker_DDM_subject300   1.9596   1.0885   0.1213  -0.0208   0.1014   0.0000 1940.8520   0.1430       ML
 flanker_DDM_subject301   1.8134   1.5437   0.0532   0.4995   0.1835   0.0000 1188.6175   0.1300       ML
 flanker_DDM_subject302   1.8557   1.2647   0.0196   0.0200   0.0000   0.0000 1710.5690   0.1630       ML
 flanker_DDM_subject303   1.9565   0.3203   0.0897   0.0951   0.0535   0.0000 2452.7375   0.1130       ML
 flanker_DDM_subject304   1.9838   1.6505   0.0720  -0.1666   0.1214   0.0000 1438.0015   0.1260       ML
 flanker_DDM_subject305   2.0475   0.9244   0.1486  -0.1150   0.0524   0.0000 2151.4349   0.1690       ML
 flanker_DDM_subject306   1.9208   0.6035   0.0073  -0.0999   0.0916   0.0000 2251.5624   0.1960       ML
 flanker_DDM_subject307   1.7014   0.5417   0.1844  -0.0071   0.0425   0.0000 1858.8199   0.1400       ML
 flanker_DDM_subject308   1.8320   1.2856   0.1527   0.4235   0.0471   0.0000 1542.9643   0.1720       ML
 flanker_DDM_subject309   2.0729   0.2138   0.0399   0.0037   0.1329   0.0000 2724.7543   0.1510       ML
 flanker_DDM_subject31   1.9486   0.4570   0.0000  -0.1982   0.1170   0.0000 2324.6298   0.1170       ML
 flanker_DDM_subject310   2.1047   1.5529   0.0601   0.1482   0.0021   0.0000 1675.4179   0.1870       ML
 flanker_DDM_subject311   1.4508   1.6048   0.2215  -0.0446   0.3390   0.0000 598.9446   0.1350       ML
 flanker_DDM_subject312   1.4032   1.2256   0.0678  -0.0078   0.4028   0.0000 751.5632   0.1520       ML
 flanker_DDM_subject313   1.6491   0.5140   0.1202   0.0697   0.0870   0.0000 1819.1484   0.1400       ML
 flanker_DDM_subject314   1.9043   0.6001   0.0622  -0.3905   0.0624   0.0000 2132.5203   0.1470       ML
 flanker_DDM_subject315   2.0048   1.3596   0.0595   0.1986   0.1111   0.0000 1763.7127   0.1210       ML
 flanker_DDM_subject316   2.3214   1.4857   0.0372  -0.7849   0.0531   0.0000 1593.4840   0.1230       ML
 flanker_DDM_subject317   2.1125   1.1839   0.1051   0.7063   0.0532   0.0000 1758.5319   0.1680       ML
 flanker_DDM_subject318   1.1484   0.5733   0.2609  -0.2497   0.0286   0.0000 555.9455   0.1460       ML
 flanker_DDM_subject319   1.8762   0.8800   0.0380   0.2402   0.0328   0.0000 1915.3842   0.1330       ML
 flanker_DDM_subject32   2.1236   0.9301   0.1514  -0.2543   0.0682   0.0000 2277.4274   0.1400       ML
 flanker_DDM_subject320   1.8270   1.2223   0.0411  -0.6228   0.0126   0.0000 1536.3058   0.1450       ML
 flanker_DDM_subject321   1.9194   0.9315   0.0523   0.2162   0.1039   0.0000 2013.6917   0.1110       ML
 flanker_DDM_subject322   2.0745   0.7112   0.0532  -0.9450   0.0557   0.0000 1828.1192   0.2030       ML
 flanker_DDM_subject323   2.0922   0.4033   0.0400   0.1141   0.1617   0.0000 2600.2092   0.1410       ML
 flanker_DDM_subject324   1.8093   0.2342   0.1469   0.4085   0.0042   0.0000 2112.8574   0.1540       ML
 flanker_DDM_subject325   1.7350   0.5121   0.0951  -0.2263   0.0996   0.0000 1923.1641   0.1220       ML
 flanker_DDM_subject326   2.1599   1.4419   0.0904  -0.7375   0.0913   0.0000 1507.3121   0.1550       ML
 flanker_DDM_subject327   1.6602   0.1563   0.0489   0.2219   0.1578   0.0000 1823.7493   0.1570       ML
 flanker_DDM_subject328   1.9906   0.7885   0.0485  -0.1937   0.0290   0.0000 2217.7717   0.1600       ML
 flanker_DDM_subject329   1.8360   0.4786   0.1200   0.2620   0.0150   0.0000 2136.5321   0.1220       ML
 flanker_DDM_subject33   1.8668   0.5805   0.1221  -0.0998   0.0084   0.0000 2139.9281   0.3040       ML
 flanker_DDM_subject330   1.7386   1.5436   0.1196  -0.3009   0.1699   0.0000 1237.3459   0.1340       ML
 flanker_DDM_subject331   1.9173   0.1450   0.0669   0.2036   0.1273   0.0000 2404.8905   0.1370       ML
 flanker_DDM_subject332   1.8807   0.2554   0.0718   0.2661   0.0119   0.0000 2337.8300   0.1310       ML
 flanker_DDM_subject333   1.9799   1.0308   0.0393   0.0572   0.0445   0.0000 1974.9840   0.1460       ML
 flanker_DDM_subject334   1.9461  -0.0260   0.0816   0.2965   0.0814   0.0000 2499.3546   0.1210       ML
 flanker_DDM_subject335   1.7682   1.5292   0.2058  -0.3947   0.1353   0.0000 1089.6450   0.1590       ML
 flanker_DDM_subject336   1.9501   0.6970   0.1868   0.2126   0.2078   0.0000 2175.5326   0.1350       ML
 flanker_DDM_subject337   2.0077   0.9223   0.0212   0.0020   0.0446   0.0000 2163.5599   0.1120       ML
 flanker_DDM_subject338   1.9036   0.6107   0.0460   0.1635   0.0117   0.0000 2205.1332   0.1370       ML
 flanker_DDM_subject339   1.8633   0.8413   0.0950   0.1028   0.0448   0.0000 1936.1430   0.1470       ML
 flanker_DDM_subject34   2.2144   0.8785   0.0377  -0.8957   0.0727   0.0000 1903.0579   0.1060       ML
 flanker_DDM_subject340   1.6915   0.8656   0.0841   0.4948   0.0561   0.0000 1580.3944   0.1590       ML
 flanker_DDM_subject341   1.9063   0.6224   0.0354   0.1277   0.0313   0.0000 2267.7300   0.1430       ML
 flanker_DDM_subject342   1.8152   1.4614   0.0848  -0.2507   0.1342   0.0000 1320.8813   0.1620       ML
 flanker_DDM_subject343   1.9737   1.0582   0.0361  -0.0919   0.0848   0.0000 1876.8326   0.1280       ML
 flanker_DDM_subject344   1.8653   0.7060   0.1108  -0.1384   0.1318   0.0000 2085.6962   0.1290       ML
 flanker_DDM_subject345   1.9463   0.7723   0.0560  -0.0293   0.0455   0.0000 2249.4079   0.1440       ML
 flanker_DDM_subject346   2.1790   0.2323   0.0845  -0.1370   0.0543   0.0000 2793.7844   0.1200       ML
 flanker_DDM_subject347   2.1664   0.3906   0.0950  -0.6625   0.1263   0.0000 2420.4763   0.1100       ML
 flanker_DDM_subject348   1.6453   1.6094   0.0474   0.0776   0.0972   0.0000 978.0114   0.1390       ML
 flanker_DDM_subject349   1.7765   0.0538   0.0259   0.8670   0.2146   0.0000 1725.2194   0.0800       ML
 flanker_DDM_subject35   1.8782   0.1319   0.0780   0.0878   0.1181   0.0000 2352.1635   0.1440       ML
 flanker_DDM_subject350   1.2222   1.9320   0.3443  -1.2285   0.5612   0.0000 -284.4818   0.1560       ML
 flanker_DDM_subject351   2.0193   1.1460   0.1003   0.4882   0.1735   0.0000 1839.3892   0.1280       ML
 flanker_DDM_subject352   2.6436   1.2577   0.0299  -0.5374   0.0325   0.0000 2292.7699   0.1240       ML
 flanker_DDM_subject353   1.9484   0.9454   0.1171  -0.1854   0.0886   0.0000 1987.7172   0.1510       ML
 flanker_DDM_subject354   2.3116   0.8876   0.1153   0.0303   0.0221   0.0000 2561.1846   0.1520       ML
 flanker_DDM_subject355   2.0469   0.4670   0.1148  -0.1584   0.0356   0.0000 2535.8814   0.1550       ML
 flanker_DDM_subject356   1.9695   0.1701   0.1308   0.3657   0.0531   0.0000 2420.1659   0.1220       ML
 flanker_DDM_subject357   1.5754   0.7669   0.1812  -0.1856   0.0489   0.0000 1430.1414   0.1320       ML
 flanker_DDM_subject358   2.0141   0.1966   0.0443  -0.4780   0.1166   0.0000 2412.0570   0.1300       ML
 flanker_DDM_subject359   2.0424   1.0721   0.1163  -0.1760   0.1252   0.0000 2007.4517   0.1190       ML
 flanker_DDM_subject36   1.8859   1.1550   0.2027   0.0119   0.1943   0.0000 1773.6446   0.1380       ML
 flanker_DDM_subject360   1.9276   1.0704   0.0231   0.3600   0.1433   0.0000 1819.7560   0.1180       ML
 flanker_DDM_subject361   1.8209   1.9306   0.3213  -0.1072   0.1977   0.0000 1219.9572   0.1420       ML
 flanker_DDM_subject362   1.6878   0.0668   0.1871   0.0717   0.0657   0.0000 1975.6267   0.1200       ML
 flanker_DDM_subject363   1.7531   1.1251   0.2433  -0.2620   0.1404   0.0000 1541.4358   0.1570       ML
 flanker_DDM_subject364   2.1777   0.6938   0.0474   0.4136   0.0727   0.0000 2478.0295   0.1380       ML
 flanker_DDM_subject365   1.9467   0.9790   0.1356  -0.4831   0.1328   0.0000 1853.1956   0.1380       ML
 flanker_DDM_subject366   1.8553   0.6095   0.1756   0.2909   0.0558   0.0000 2109.9669   0.1410       ML
 flanker_DDM_subject367   2.1923   0.7321   0.0000   1.5013   0.0672   0.0000 1411.0598   0.1360       ML
 flanker_DDM_subject368   2.0011   0.7275   0.0526  -0.2349   0.0940   0.0000 2326.9227   0.1110       ML
 flanker_DDM_subject369   1.9709   0.7614   0.0388  -0.1209   0.0635   0.0000 2221.6587   0.1360       ML
 flanker_DDM_subject37   2.1407   1.1239   0.0755  -0.4814   0.2264   0.0000 1935.5454   0.3520       ML
 flanker_DDM_subject370   1.5382   1.3934   0.0765   0.3174   0.1467   0.0000 867.4013   0.1650       ML
 flanker_DDM_subject371   1.7340   0.1510   0.1229   0.5184   0.0791   0.0000 1844.3873   0.1370       ML
 flanker_DDM_subject372   2.2509   0.8620   0.0412  -0.5006   0.0351   0.0000 2331.4329   0.1200       ML
 flanker_DDM_subject373   2.1643   0.8451   0.0188  -0.3321   0.0486   0.0000 2385.8481   0.1500       ML
 flanker_DDM_subject374   1.9662   1.7045   0.1792   0.0942   0.0518   0.0000 1432.5957   0.1480       ML
 flanker_DDM_subject375   1.8974   1.0074   0.1550   1.6520   0.1884   0.0000 912.0562   0.1440       ML
 flanker_DDM_subject376   2.1383   1.4425   0.0428  -0.5233   0.1256   0.0000 1691.2288   0.1350       ML
 flanker_DDM_subject377   2.1592   1.5451   0.0389   0.1481   0.2269   0.0000 1743.1415   0.1470       ML
 flanker_DDM_subject378   1.9430   0.8257   0.0443   0.5202   0.1343   0.0000 1999.8889   0.1230       ML
 flanker_DDM_subject379   2.2349   0.4404   0.1053  -0.2347   0.1270   0.0000 2822.1074   0.1350       ML
 flanker_DDM_subject38   2.0832   0.3618   0.0257  -0.1330   0.0996   0.0000 2641.8019   0.1170       ML
 flanker_DDM_subject380   1.8150   1.2980   0.1975   0.1920   0.1393   0.0000 1481.6835   0.1360       ML
 flanker_DDM_subject381   2.2068   0.7748   0.0691   0.2409   0.1430   0.0000 2520.5115   0.1770       ML
 flanker_DDM_subject382   1.7211   0.1098   0.0743   0.2305   0.0000   0.0000 2191.3450   0.3570       ML
 flanker_DDM_subject383   2.1596   0.7347   0.0652  -0.0304   0.1460   0.0000 2552.5179   0.1320       ML
 flanker_DDM_subject384   1.8251  -0.0624   0.1095  -0.0297   0.0559   0.0000 2313.5015   0.1330       ML
 flanker_DDM_subject385   1.9391   0.7026   0.0201  -0.0993   0.2219   0.0000 2229.1095   0.1440       ML
 flanker_DDM_subject386   1.7363   0.9569   0.1153   0.0865   0.1925   0.0000 1655.0013   0.1300       ML
 flanker_DDM_subject387   1.9269   0.8367   0.0838  -0.6104   0.0626   0.0000 1865.2661   0.1310       ML
 flanker_DDM_subject388   1.9948   1.3006   0.1617  -0.0193   0.0315   0.0000 1726.2040   0.1760       ML
 flanker_DDM_subject389   1.9636   0.6449   0.0541  -0.1622   0.1533   0.0000 2257.7194   0.1440       ML
 flanker_DDM_subject39   1.5807   0.7146   0.0966  -0.1757   0.2616   0.0000 1445.0002   0.1620       ML
 flanker_DDM_subject390   2.1291   0.0139   0.0242  -0.1926   0.0302   0.0000 2801.2828   0.1410       ML
 flanker_DDM_subject391   1.8376   1.6054   0.0189   0.3105   0.0696   0.0000 1322.6231   0.1070       ML
 flanker_DDM_subject392   2.0375   0.5856   0.1743   0.4134   0.0263   0.0000 2335.8579   0.1400       ML
 flanker_DDM_subject393   1.9341   1.0583   0.0983  -0.2979   0.0870   0.0000 1840.2000   0.1430       ML
 flanker_DDM_subject394   2.2628   1.4392   0.0423  -0.5624   0.0418   0.0000 1788.6950   0.1630       ML
 flanker_DDM_subject395   1.6847   0.2776   0.1262   0.2920   0.2182   0.0000 1741.2480   0.2580       ML
 flanker_DDM_subject396   1.9645   1.2657   0.0652  -0.1519   0.0272   0.0000 1710.8461   0.2280       ML
 flanker_DDM_subject397   1.9481   0.6816   0.0197   0.0518   0.2199   0.0000 2227.2533   0.1540       ML
 flanker_DDM_subject398   1.8662   0.7647   0.1202  -0.4547   0.0622   0.0000 1941.1058   0.1450       ML
 flanker_DDM_subject399   1.9000   0.8574   0.0680   0.4767   0.1607   0.0000 1826.7370   0.1210       ML
 flanker_DDM_subject4   2.0487   0.1949   0.0560   0.0329   0.0294   0.0000 2674.1586   0.1310       ML
 flanker_DDM_subject40   1.7694   0.9206   0.1322  -0.1490   0.0972   0.0000 1751.8352   0.1670       ML
 flanker_DDM_subject400   1.8313   1.7664   0.0240   0.5227   0.0919   0.0000 1155.0670   0.1440       ML
 flanker_DDM_subject401   2.4676   1.2871   0.0366   0.4419   0.0977   0.0000 2127.1187   0.1710       ML
 flanker_DDM_subject402   1.7215   0.7260   0.3200  -0.5690   0.2583   0.0000 1647.9766   0.1400       ML
 flanker_DDM_subject403   1.7981   0.8075   0.0583   0.4708   0.0932   0.0000 1733.7990   0.1680       ML
 flanker_DDM_subject404   2.1702   1.1168   0.1923   0.0597   0.1074   0.0000 2145.6724   0.1210       ML
 flanker_DDM_subject405   2.0939   0.4205   0.0039  -0.2916   0.0301   0.0000 2583.3180   0.1970       ML
 flanker_DDM_subject406   2.1561   1.0771   0.1670  -0.4859   0.0516   0.0000 2095.3696   0.1330       ML
 flanker_DDM_subject407   1.6027   1.1869   0.0582   0.1330   0.2125   0.0000 1164.0571   0.1600       ML
 flanker_DDM_subject408   1.7686   0.5981   0.1355  -0.2044   0.0521   0.0000 2064.4474   0.4300       ML
 flanker_DDM_subject409   2.0440   0.5046   0.0554   0.0928   0.0939   0.0000 2462.5440   0.1050       ML
 flanker_DDM_subject41   2.2527   1.6893   0.0626   0.3327   0.0958   0.0000 1682.0534   0.1640       ML
 flanker_DDM_subject410   1.9362   0.3774   0.0000  -0.3604   0.0662   0.0000 2336.3238   0.1490       ML
 flanker_DDM_subject411   2.3930   1.3385   0.0190   0.1313   0.0416   0.0000 2182.4706   0.1280       ML
 flanker_DDM_subject412   2.0264   0.4055   0.0594   0.2042   0.0278   0.0000 2524.5152   0.1110       ML
 flanker_DDM_subject413   2.0068   1.1477   0.1604  -0.2173   0.1212   0.0000 1871.8778   0.1330       ML
 flanker_DDM_subject414   1.9404   0.5050   0.0865   0.0652   0.0159   0.0000 2352.1074   0.1590       ML
 flanker_DDM_subject415   1.9484   0.9017   0.0839  -0.0183   0.1026   0.0000 2072.8816   0.1420       ML
 flanker_DDM_subject416   2.1510   0.4354   0.1115   0.2931   0.0669   0.0000 2663.5415   0.1220       ML
 flanker_DDM_subject417   2.4300   1.0297   0.0486   0.2984   0.0230   0.0000 2524.6408   0.1250       ML
 flanker_DDM_subject418   1.8937   0.8922   0.0402   0.3590   0.0419   0.0000 1939.8284   0.1190       ML
 flanker_DDM_subject419   1.9497   0.1623   0.1377   0.1178   0.0895   0.0000 2494.8060   0.1420       ML
 flanker_DDM_subject42   2.0244   0.7504   0.0096   0.0672   0.1026   0.0000 2325.0526   0.1480       ML
 flanker_DDM_subject420   2.3789   1.4839   0.1805   0.9489   0.0000   0.0000 1571.0396   0.1520       ML
 flanker_DDM_subject421   1.9989   0.7904   0.1270   0.4126   0.1230   0.0000 2106.5759   0.1260       ML
 flanker_DDM_subject422   2.3478   0.9295   0.1168   0.2838   0.2454   0.0000 2540.3861   0.1450       ML
 flanker_DDM_subject423   1.6645   1.8705   0.2338   0.3524   0.1876   0.0000 686.5811   0.1480       ML
 flanker_DDM_subject424   1.8506   1.2776   0.0796   0.3194   0.2478   0.0000 1556.7402   0.1230       ML
 flanker_DDM_subject425   1.9186   0.6758   0.0679  -0.1672   0.1403   0.0000 2252.6308   0.1240       ML
 flanker_DDM_subject426   2.0195   1.1793   0.0748  -0.6561   0.1410   0.0000 1637.9231   0.1510       ML
 flanker_DDM_subject427   2.1760   1.3844   0.0156  -0.3261   0.0595   0.0000 1850.0933   0.1920       ML
 flanker_DDM_subject428   1.9078   1.2612   0.1021  -0.0323   0.1065   0.0000 1700.3478   0.1140       ML
 flanker_DDM_subject429   1.8197   0.8705   0.0813   0.1900   0.0627   0.0000 1785.9824   0.1510       ML
 flanker_DDM_subject43   1.9352   0.5707   0.0732  -0.0668   0.0538   0.0000 2313.6090   0.1260       ML
 flanker_DDM_subject430   1.8935   0.9260   0.0117   0.3109   0.0157   0.0000 1962.8598   0.1780       ML
 flanker_DDM_subject431   1.8582   0.6087   0.0277   0.2553   0.0604   0.0000 2154.4390   0.1510       ML
 flanker_DDM_subject432   2.0477   0.4582   0.0576   0.5834   0.1212   0.0000 2311.4533   0.1210       ML
 flanker_DDM_subject433   2.5982   1.6758   0.0393   0.7997   0.0392   0.0000 1638.4754   0.1350       ML
 flanker_DDM_subject434   2.1207   0.4766   0.0930  -0.1838   0.1598   0.0000 2583.9579   0.1310       ML
 flanker_DDM_subject435   1.3851   1.0026   0.0890   0.2871   0.3419   0.0000 904.1327   0.1750       ML
 flanker_DDM_subject436   2.2011   0.3830   0.0705  -0.0124   0.1612   0.0000 2854.8306   0.1380       ML
 flanker_DDM_subject437   2.1456   1.1080   0.0375  -0.1184   0.1776   0.0000 2047.8354   0.2610       ML
 flanker_DDM_subject438   2.3124   0.8713   0.0477   0.1529   0.2060   0.0000 2577.7573   0.1220       ML
 flanker_DDM_subject439   1.4327   0.6052   0.1633  -0.1294   0.1549   0.0000 1201.7269   0.1490       ML
 flanker_DDM_subject44   1.9867   1.3043   0.1020  -0.3927   0.0293   0.0000 1674.7567   0.1350       ML
 flanker_DDM_subject440   1.8270   0.8321   0.0237  -0.2291   0.0104   0.0000 1919.8579   0.1220       ML
 flanker_DDM_subject441   2.0690   1.4852   0.0864   0.4399   0.2892   0.0000 1556.4277   0.1500       ML
 flanker_DDM_subject442   1.8585   1.1175   0.0466  -0.0869   0.1105   0.0000 1793.5213   0.1330       ML
 flanker_DDM_subject443   2.2563   0.6293   0.0607  -0.2064   0.0591   0.0000 2699.3661   0.1220       ML
 flanker_DDM_subject444   1.4142  -0.0801   0.4606  -0.5681   0.2066   0.0000 1183.4008   0.1880       ML
 flanker_DDM_subject445   1.3692   0.6257   0.2052   0.7038   0.2885   0.0000 768.8476   0.3640       ML
 flanker_DDM_subject446   1.9967   1.6818   0.1322  -0.7491   0.1900   0.0000 1143.2703   0.1550       ML
 flanker_DDM_subject447   2.1151   1.3598   0.0637  -0.2054   0.0287   0.0000 1852.8703   0.1220       ML
 flanker_DDM_subject448   2.0740   0.9275   0.1387   0.0616   0.0083   0.0000 2039.8337   0.0770       ML
 flanker_DDM_subject449   2.2367   1.3238   0.0413  -0.3659   0.0985   0.0000 1909.2300   0.1550       ML
 flanker_DDM_subject45   1.9674   0.5062   0.0191   0.7242   0.0226   0.0000 2007.3742   0.1130       ML
 flanker_DDM_subject450   1.8730   1.0608   0.1108  -0.1694   0.0000   0.0000 1945.3025   0.3450       ML
 flanker_DDM_subject451   2.1955   1.5925   0.0828  -0.4318   0.0454   0.0000 1678.6033   0.1480       ML
 flanker_DDM_subject452   2.2679   1.2227   0.0611   0.0533   0.0729   0.0000 2162.3225   0.1630       ML
 flanker_DDM_subject453   1.9075   0.8109   0.0629  -0.0649   0.0246   0.0000 2073.8541   0.1210       ML
 flanker_DDM_subject454   1.8222   0.4491   0.0753  -0.2371   0.1423   0.0000 2130.3158   0.1180       ML
 flanker_DDM_subject455   1.6742  -0.2033   0.1909   0.2702   0.0167   0.0000 1915.0809   0.1600       ML
 flanker_DDM_subject456   1.7110   1.3032   0.1429  -0.0473   0.1169   0.0000 1497.4879   0.1930       ML
 flanker_DDM_subject457   2.0043   1.5486   0.0584   0.0608   0.1005   0.0000 1561.4158   0.1420       ML
 flanker_DDM_subject458   2.0688   0.9563   0.0000   0.0474   0.2214   0.0000 2224.8473   0.1280       ML
 flanker_DDM_subject459   1.5913   0.3303   0.2042  -0.3602   0.0483   0.0000 1592.5662   0.1340       ML
 flanker_DDM_subject46   1.6411   0.7224   0.0721  -0.0412   0.1901   0.0000 1639.5809   0.1410       ML
 flanker_DDM_subject460   2.0667  -0.2315   0.1134   0.1340   0.1246   0.0000 2655.5352   0.1320       ML
 flanker_DDM_subject461   1.5272   1.4420   0.2241  -0.0339   0.0213   0.0000 985.5020   0.2050       ML
 flanker_DDM_subject462   1.9255   1.2842   0.0633   0.1735   0.0600   0.0000 1735.3217   0.1280       ML
 flanker_DDM_subject463   1.7773   1.0517   0.0959  -0.7075   0.0774   0.0000 1463.1297   0.1300       ML
 flanker_DDM_subject464   2.0449   0.6754   0.0670   0.0308   0.1452   0.0000 2398.1297   0.1300       ML
 flanker_DDM_subject465   1.7309   0.6514   0.0924   0.3482   0.1019   0.0000 1801.7026   0.1330       ML
 flanker_DDM_subject466   1.4536   0.3936   0.1006  -0.2292   0.3044   0.0000 1307.6234   0.1460       ML
 flanker_DDM_subject467   1.8527  -0.4412   0.0754   0.1688   0.2023   0.0000 2169.6231   0.3260       ML
 flanker_DDM_subject468   2.1553   1.3188   0.0295   0.5045   0.1197   0.0000 1805.9540   0.1550       ML
 flanker_DDM_subject469   1.2347   1.0421   0.2547   0.1917   0.6783   0.0000 478.5030   0.1430       ML
 flanker_DDM_subject47   2.8860   1.8573   0.0351   1.4553   0.0912   0.0000 1117.5969   0.1610       ML
 flanker_DDM_subject470   1.9363   0.9996   0.0952   0.6720   0.0321   0.0000 1737.8830   0.1260       ML
 flanker_DDM_subject471   2.0707   0.2268   0.1304   0.0825   0.0484   0.0000 2671.5425   0.1290       ML
 flanker_DDM_subject472   1.3214  -0.1704   0.0670   0.0489   0.3504   0.0000 1105.1465   0.1500       ML
 flanker_DDM_subject473   1.8278   0.7252   0.2559   0.4054   0.0757   0.0000 1813.8875   0.1280       ML
 flanker_DDM_subject474   2.2235   1.2216   0.0625   0.1672   0.0835   0.0000 2056.2260   0.1300       ML
 flanker_DDM_subject475   2.0773   1.2766   0.0468  -0.0958   0.0000   0.0000 1904.7596   0.1590       ML
 flanker_DDM_subject476   1.9039   0.8878   0.1697  -0.4172   0.0309   0.0000 1897.8000   0.1240       ML
 flanker_DDM_subject477   1.6067   1.1102   0.0434  -0.4728   0.2060   0.0000 1171.5326   0.1430       ML
 flanker_DDM_subject478   1.9661  -0.0581   0.0848   0.3582   0.1909   0.0000 2427.3617   0.1270       ML
 flanker_DDM_subject479   1.9295   0.4775   0.1286  -0.7647   0.0988   0.0000 1985.7215   0.2450       ML
 flanker_DDM_subject48   2.1440   1.6723   0.3903   0.6913   0.0573   0.0000 1475.2615   0.1530       ML
 flanker_DDM_subject480   2.2508   1.2765   0.0693  -0.0100   0.0236   0.0000 2032.7822   0.1370       ML
 flanker_DDM_subject481   1.7024   1.1890   0.1257   0.1276   0.0293   0.0000 1496.3147   0.1920       ML
 flanker_DDM_subject482   2.8565   1.6516   0.0000  -1.3759   0.0526   0.0000 1353.2604   0.1550       ML
 flanker_DDM_subject483   1.4899   1.3265   0.2196   0.0916   0.0889   0.0000 943.4116   0.2030       ML
 flanker_DDM_subject484   2.5227   1.5847   0.0128   0.8937   0.0856   0.0000 1581.5236   0.1280       ML
 flanker_DDM_subject485   1.7375   0.4766   0.2399   0.1552   0.0245   0.0000 1969.3261   0.1280       ML
 flanker_DDM_subject486   2.0554   0.5022   0.0562   0.3512   0.0558   0.0000 2512.1868   0.1220       ML
 flanker_DDM_subject487   1.9281   0.5764   0.0747  -0.1157   0.0839   0.0000 2326.0536   0.1420       ML
 flanker_DDM_subject488   1.9333  -0.3901   0.1695   0.0481   0.1426   0.0000 2368.7256   0.2150       ML
 flanker_DDM_subject489   1.3642   0.4919   0.0781   0.7166   0.5823   0.0000 1006.0042   0.1430       ML
 flanker_DDM_subject49   1.0675   0.9541   0.2290  -1.1171   0.2901   0.0000 -108.9531   0.1800       ML
 flanker_DDM_subject490   1.9988   1.1429   0.1172   0.6466   0.1141   0.0000 1680.8341   0.1160       ML
 flanker_DDM_subject491   1.8927   1.0125   0.1728  -0.0425   0.0441   0.0000 1906.1219   0.1350       ML
 flanker_DDM_subject492   1.7661   0.5959   0.0261  -0.1317   0.0952   0.0000 1989.7011   0.1540       ML
 flanker_DDM_subject493   1.7649   0.5257   0.0991  -0.3069   0.0327   0.0000 1950.5313   0.1500       ML
 flanker_DDM_subject494   2.2102   0.7426   0.0202  -0.7327   0.1722   0.0000 2132.4969   0.1550       ML
 flanker_DDM_subject495   1.8380   1.0661   0.1820   0.3740   0.1096   0.0000 1662.8381   0.1390       ML
 flanker_DDM_subject496   2.2607   1.3902   0.3101  -0.3053   0.1577   0.0000 1957.5518   0.1520       ML
 flanker_DDM_subject497   1.8847  -0.8487   0.0963   0.2573   0.0716   0.0000 1984.8843   0.1580       ML
 flanker_DDM_subject498   2.2694   1.2996   0.0327   0.1648   0.0322   0.0000 2012.6215   0.1370       ML
 flanker_DDM_subject499   1.7203   0.4278   0.0907  -0.2421   0.0207   0.0000 1935.8373   0.1450       ML
 flanker_DDM_subject5   1.7553   0.0988   0.1050   0.3930   0.1938   0.0000 1973.9512   0.1500       ML
 flanker_DDM_subject50   1.8636   0.8466   0.1164  -0.3697   0.0560   0.0000 1913.2431   0.1240       ML
 flanker_DDM_subject500   2.1554   0.8322   0.1038   0.0997   0.0969   0.0000 2409.5832   0.1380       ML
 flanker_DDM_subject501   2.0535   0.2742   0.0555  -0.7357   0.0940   0.0000 2253.8585   0.1400       ML
 flanker_DDM_subject502   2.0598   0.8263   0.1387   0.4779   0.0480   0.0000 2127.0662   0.1080       ML
 flanker_DDM_subject503   1.7415   0.9939   0.0210   0.0054   0.0401   0.0000 1704.5661   0.1240       ML
 flanker_DDM_subject504   1.9876   1.8907   0.1953   0.0744   0.0794   0.0000 1348.9946   0.1250       ML
 flanker_DDM_subject505   1.9514   0.9451   0.0000   0.2574   0.0651   0.0000 2068.5222   0.1470       ML
 flanker_DDM_subject506   1.9817   1.1947   0.0903   0.0242   0.3276   0.0000 1709.8738   0.1760       ML
 flanker_DDM_subject507   2.1529   0.7040   0.1177   0.9798   0.0364   0.0000 1900.0132   0.1120       ML
 flanker_DDM_subject508   1.9156   0.6784   0.2135   0.1905   0.0240   0.0000 2188.4216   0.1450       ML
 flanker_DDM_subject509   1.7308   0.3298   0.0187   0.0120   0.0007   0.0000 2090.2055   0.1240       ML
 flanker_DDM_subject51   2.0572   1.6612   0.0695  -0.0667   0.1732   0.0000 1534.1546   0.1710       ML
 flanker_DDM_subject510   2.1223   0.7315   0.1580  -0.0020   0.0103   0.0000 2475.5830   0.1230       ML
 flanker_DDM_subject511   1.7786   1.0372   0.0931   0.2760   0.1445   0.0000 1637.7348   0.1870       ML
 flanker_DDM_subject512   1.6245   0.0815   0.1426   0.6363   0.0662   0.0000 1583.0038   0.1230       ML
 flanker_DDM_subject513   2.1551   1.3681   0.1331   0.3771   0.0855   0.0000 1791.3755   0.1440       ML
 flanker_DDM_subject514   2.1293   1.0527   0.0648   0.2846   0.0604   0.0000 2118.8505   0.1540       ML
 flanker_DDM_subject515   2.1988   1.3961   0.0000   0.5234   0.1255   0.0000 1794.9836   0.1440       ML
 flanker_DDM_subject516   1.5772   0.3300   0.0866  -0.2921   0.1774   0.0000 1592.8785   0.1660       ML
 flanker_DDM_subject517   1.7567   1.9199   0.4242   0.0303   0.0071   0.0000 1309.5125   0.2970       ML
 flanker_DDM_subject518   1.4790   1.1895   0.1501   0.1615   0.0705   0.0000 1042.3319   0.1390       ML
 flanker_DDM_subject519   1.9373   1.9488   0.0499   0.3367   0.1282   0.0000 1204.2171   0.2060       ML
 flanker_DDM_subject52   1.7376   0.3497   0.0000  -0.5440   0.1140   0.0000 1960.2247   0.1690       ML
 flanker_DDM_subject520   1.9374   1.3076   0.0346  -0.3936   0.1014   0.0000 1641.0157   0.1180       ML
 flanker_DDM_subject521   1.9052   0.9121   0.1708  -0.4349   0.0013   0.0000 1915.1240   0.1340       ML
 flanker_DDM_subject522   1.7775   0.7531   0.1369   0.1625   0.0928   0.0000 1826.4462   0.1220       ML
 flanker_DDM_subject523   2.0179   1.6201   0.1479  -0.2674   0.1426   0.0000 1504.1880   0.1540       ML
 flanker_DDM_subject524   2.0926   1.3917   0.1187  -0.3375   0.0850   0.0000 1701.7638   0.1310       ML
 flanker_DDM_subject525   2.2070   0.9504   0.0318   0.2136   0.1996   0.0000 2345.3283   0.1900       ML
 flanker_DDM_subject526   1.6340   1.1473   0.2600   0.0313   0.0971   0.0000 1295.7202   0.1780       ML
 flanker_DDM_subject527   2.1411   0.8139   0.1443   0.4227   0.0963   0.0000 2307.3153   0.1230       ML
 flanker_DDM_subject528   1.7536   0.0810   0.1163  -0.2919   0.0407   0.0000 2086.6011   0.1430       ML
 flanker_DDM_subject529   1.7965   1.4404   0.1549   0.6607   0.0000   0.0000 1391.8599   0.2290       ML
 flanker_DDM_subject53   1.8710   0.8588   0.0892   0.1876   0.0702   0.0000 2027.7125   0.1300       ML
 flanker_DDM_subject530   1.7903   1.3244   0.1514   0.3091   0.0102   0.0000 1363.8690   0.1590       ML
 flanker_DDM_subject531   1.5333   0.3104   0.1295   0.1287   0.2343   0.0000 1550.0366   0.1260       ML
 flanker_DDM_subject532   1.9838   0.8572   0.1146   0.3510   0.0325   0.0000 2118.2741   0.1960       ML
 flanker_DDM_subject533   2.0981   0.2314   0.1475  -0.5464   0.0818   0.0000 2429.9520   0.1400       ML
 flanker_DDM_subject534   1.9957   0.8245   0.1767   0.2591   0.0743   0.0000 2172.3822   0.1270       ML
 flanker_DDM_subject535   1.7702   0.8467   0.0183  -0.7024   0.1258   0.0000 1595.1317   0.1290       ML
 flanker_DDM_subject536   1.9349   0.8788   0.0902  -0.3143   0.0718   0.0000 2024.7499   0.1440       ML
 flanker_DDM_subject537   1.9043   0.4221   0.1366   0.3434   0.0335   0.0000 2229.9169   0.1520       ML
 flanker_DDM_subject538   1.9478   1.3217   0.1316   0.1077   0.0811   0.0000 1612.2522   0.1450       ML
 flanker_DDM_subject539   2.0459   1.2213   0.0590   0.3222   0.0802   0.0000 1810.5621   0.1460       ML
 flanker_DDM_subject54   1.6904   0.6149   0.1035   0.0918   0.0828   0.0000 1846.5949   0.1190       ML
 flanker_DDM_subject540   1.6090   0.8368   0.1794   0.2675   0.1354   0.0000 1427.3422   0.1480       ML
 flanker_DDM_subject541   2.2673   0.9050   0.1359  -0.2797   0.0535   0.0000 2409.9256   0.1220       ML
 flanker_DDM_subject542   1.7216   0.9554   0.1542   0.1939   0.0572   0.0000 1638.8282   0.1600       ML
 flanker_DDM_subject543   2.1189   1.2932   0.1436  -0.4546   0.0926   0.0000 1820.7492   0.1260       ML
 flanker_DDM_subject544   1.8601   0.4405   0.0355  -0.4714   0.1748   0.0000 2079.4842   0.1300       ML
 flanker_DDM_subject545   1.8659   0.3264   0.1064   0.1741   0.1576   0.0000 2316.9041   0.1300       ML
 flanker_DDM_subject546   1.8139   0.8397   0.0049   0.3550   0.0371   0.0000 1933.8206   0.1580       ML
 flanker_DDM_subject547   1.8193   0.8648   0.1446  -1.1125   0.1014   0.0000 1319.3663   0.1570       ML
 flanker_DDM_subject548   1.8543   0.8947   0.0719   0.8842   0.1540   0.0000 1502.4741   0.1390       ML
 flanker_DDM_subject549   2.0890   0.4561   0.1327  -0.0553   0.1356   0.0000 2507.9839   0.3560       ML
 flanker_DDM_subject55   1.9687   1.2932   0.0493   0.5473   0.0489   0.0000 1527.6860   0.1370       ML
 flanker_DDM_subject550   1.1801   0.4075   0.0886  -0.4247   0.0013   0.0000 1243.1552   0.3100       ML
 flanker_DDM_subject551   2.3737   1.1279   0.0790   0.0454   0.0415   0.0000 2357.4425   0.1160       ML
 flanker_DDM_subject552   1.3662   0.9041   0.2003   0.7177   0.2481   0.0000 800.4057   0.1760       ML
 flanker_DDM_subject553   1.8986   0.7327   0.0669   0.0631   0.0523   0.0000 2170.5422   0.1380       ML
 flanker_DDM_subject554   2.2224   1.3151   0.0454   1.2251   0.1955   0.0000 1311.1585   0.1190       ML
 flanker_DDM_subject555   2.0793   1.0586   0.1361  -0.3607   0.0891   0.0000 2078.8648   0.1210       ML
 flanker_DDM_subject556   1.6257   1.9128   0.3782  -0.5979   0.0550   0.0000 815.0354   0.2340       ML
 flanker_DDM_subject557   2.1727   1.3257   0.0000   0.7604   0.0424   0.0000 1681.1956   0.1390       ML
 flanker_DDM_subject558   1.9062   0.6502   0.1630  -0.0950   0.0670   0.0000 2222.8708   0.1340       ML
 flanker_DDM_subject559   1.4097   0.7948   0.0830   1.7094   0.2196   0.0000 335.7024   0.1670       ML
 flanker_DDM_subject56   1.5695   0.3528   0.2293   1.6590   0.3384   0.0000 839.2988   0.4250       ML
 flanker_DDM_subject560   2.1135   1.3777   0.0755   0.0760   0.0329   0.0000 1847.6595   0.2340       ML
 flanker_DDM_subject561   2.3953   1.3232   0.0527   0.1574   0.1853   0.0000 2221.4559   0.1300       ML
 flanker_DDM_subject562   2.1649   0.6521   0.0560  -0.8076   0.1630   0.0000 2147.4948   0.1260       ML
 flanker_DDM_subject563   1.7921   1.3080   0.1751  -0.0242   0.0452   0.0000 1512.3124   0.1540       ML
 flanker_DDM_subject564   2.0067   0.7576   0.0420  -0.2187   0.1712   0.0000 2201.6887   0.1470       ML
 flanker_DDM_subject565   1.5248   0.9399   0.0976  -1.1595   0.2030   0.0000 832.9381   0.1680       ML
 flanker_DDM_subject566   2.1569   0.7691   0.0377   0.3972   0.2165   0.0000 2360.5484   0.1570       ML
 flanker_DDM_subject567   1.9612   0.7267   0.0974   0.0776   0.1831   0.0000 2210.2512   0.1200       ML
 flanker_DDM_subject568   1.9956   0.9145   0.1164   0.4910   0.1491   0.0000 1972.9509   0.1350       ML
 flanker_DDM_subject569   1.1970   1.4893   0.2233  -0.7760   0.1362   0.0000 196.4436   0.1660       ML
 flanker_DDM_subject57   1.8805   0.5183   0.0000  -0.3420   0.1924   0.0000 2175.4583   0.1470       ML
 flanker_DDM_subject570   2.3146   0.7175   0.0818  -0.8901   0.0916   0.0000 2126.4645   0.1270       ML
 flanker_DDM_subject571   1.9573   0.9843   0.0724   0.3529   0.0392   0.0000 1985.2046   0.1520       ML
 flanker_DDM_subject572   2.0004   0.7668   0.0939   0.1818   0.0239   0.0000 2261.3139   0.1640       ML
 flanker_DDM_subject573   2.3444   1.1901   0.0610   0.0539   0.0153   0.0000 2211.7631   0.1270       ML
 flanker_DDM_subject574   2.2145   0.4178   0.0249   0.7592   0.1029   0.0000 2318.6044   0.1500       ML
 flanker_DDM_subject575   1.8367   0.6481   0.0556   0.6867   0.1157   0.0000 1797.5103   0.1310       ML
 flanker_DDM_subject576   1.9189   0.4775   0.0844  -0.1138   0.0785   0.0000 2364.6404   0.1300       ML
 flanker_DDM_subject577   2.5298   1.0387   0.0915  -0.4546   0.1157   0.0000 2479.8466   0.1320       ML
 flanker_DDM_subject578   1.9002   1.5872   0.1171  -0.0681   0.0058   0.0000 1426.7812   0.1500       ML
 flanker_DDM_subject579   1.8421   0.8874   0.0030  -0.1319   0.0346   0.0000 1958.6417   0.1190       ML
 flanker_DDM_subject58   1.9514   0.6826   0.0000   0.5801   0.0678   0.0000 2079.2163   0.1440       ML
 flanker_DDM_subject580   1.8895   0.2735   0.0359   0.5712   0.1369   0.0000 2131.4672   0.1170       ML
 flanker_DDM_subject581   2.5221   1.3702   0.0915  -0.8871   0.0112   0.0000 1777.7809   0.1780       ML
 flanker_DDM_subject582   1.7433   0.8599   0.1538  -0.4796   0.0000   0.0000 1699.9704   0.1500       ML
 flanker_DDM_subject583   1.6047   0.9791   0.1540  -0.6715   0.3255   0.0000 1115.8244   0.2130       ML
 flanker_DDM_subject584   2.0852   1.0456   0.0103  -0.6808   0.0638   0.0000 1858.0098   0.1340       ML
 flanker_DDM_subject585   1.9414   1.2520   0.0359  -0.2558   0.1469   0.0000 1713.2489   0.1160       ML
 flanker_DDM_subject586   1.9894   0.3860   0.0895   0.2184   0.1350   0.0000 2488.7738   0.1340       ML
 flanker_DDM_subject587   2.3987   1.3255   0.0513   0.2284   0.0648   0.0000 2084.6005   0.1560       ML
 flanker_DDM_subject588   1.9133   0.9466   0.0420   0.1858   0.1464   0.0000 1958.9364   0.1290       ML
 flanker_DDM_subject589   1.3676   2.3600   0.1948  -0.0040   0.2409   0.0000  45.8438   0.2590       ML
 flanker_DDM_subject59   2.0872   1.0537   0.0428   0.4189   0.0271   0.0000 2033.9464   0.1230       ML
 flanker_DDM_subject590   2.4250   1.3172   0.0801  -0.0588   0.0700   0.0000 2261.2025   0.1280       ML
 flanker_DDM_subject591   1.3201   0.2358   0.2322   0.3451   0.2095   0.0000 895.3443   0.1610       ML
 flanker_DDM_subject592   1.9737   0.6182   0.0158  -0.4012   0.0172   0.0000 2287.9964   0.1390       ML
 flanker_DDM_subject593   2.1746   0.8916   0.1227   0.8134   0.0330   0.0000 1935.2863   0.1390       ML
 flanker_DDM_subject594   2.0896   1.3596   0.1073   0.3322   0.0214   0.0000 1798.6195   0.1520       ML
 flanker_DDM_subject595   1.9160   1.2283   0.1093   0.3514   0.0274   0.0000 1719.2394   0.1500       ML
 flanker_DDM_subject596   1.9360   0.8997   0.1224  -0.4522   0.0004   0.0000 1942.2555   0.1530       ML
 flanker_DDM_subject597   1.8663   0.4944   0.0509   0.1007   0.0156   0.0000 2297.5592   0.1230       ML
 flanker_DDM_subject598   1.9699   0.8124   0.0372   0.1268   0.1203   0.0000 2183.2228   0.1580       ML
 flanker_DDM_subject599   1.2863  -0.0157   0.2962  -0.0802   0.0087   0.0000 1008.7626   0.2090       ML
 flanker_DDM_subject6   1.9872   0.9384   0.1157  -0.3758   0.1273   0.0000 2041.0585   0.1520       ML
 flanker_DDM_subject60   2.0607   1.1603   0.0695   0.5096   0.0250   0.0000 1874.1537   0.1580       ML
 flanker_DDM_subject600   1.7370   1.3217   0.1267   0.5551   0.0981   0.0000 1302.6821   0.1410       ML
 flanker_DDM_subject601   1.9613   0.6092   0.0699  -0.1602   0.0910   0.0000 2301.7012   0.1540       ML
 flanker_DDM_subject602   1.9212   0.4985   0.0296   0.3522   0.0253   0.0000 2259.6684   0.1450       ML
 flanker_DDM_subject603   1.9656   0.5684   0.0295  -0.2785   0.0502   0.0000 2261.1119   0.1800       ML
 flanker_DDM_subject604   2.0219   1.5348   0.0281  -0.0281   0.1082   0.0000 1773.1332   0.1960       ML
 flanker_DDM_subject605   1.7304   1.2608   0.1522   0.2689   0.0458   0.0000 1532.5473   0.4270       ML
 flanker_DDM_subject606   1.8908   1.5847   0.2770   0.1090   0.0000   0.0000 1571.3703   0.3200       ML
 flanker_DDM_subject607   1.7872   0.6113   0.1384  -0.4254   0.0100   0.0000 1955.2728   0.1640       ML
 flanker_DDM_subject608   2.0573   0.6866   0.0613  -0.3768   0.0624   0.0000 2304.5888   0.1530       ML
 flanker_DDM_subject609   2.2292   5.3789   0.4314  -1.1586   0.1028   0.0000 -199.9072   0.1620       ML
 flanker_DDM_subject61   1.9365   0.3189   0.0260   0.2041   0.1297   0.0000 2406.0704   0.1570       ML
 flanker_DDM_subject610   1.8344   0.5561   0.0829  -0.4358   0.2063   0.0000 2003.2655   0.1220       ML
 flanker_DDM_subject611   1.9605   0.8443   0.0983   0.4287   0.0238   0.0000 1996.6087   0.1310       ML
 flanker_DDM_subject612   1.4745   0.2749   0.2456   0.2641   0.1594   0.0000 1370.7375   0.1360       ML
 flanker_DDM_subject613   1.5969   0.4931   0.1038  -0.7946   0.0278   0.0000 1435.2276   0.1440       ML
 flanker_DDM_subject614   2.1693   0.7701   0.1466   0.1947   0.2151   0.0000 2509.0204   0.1410       ML
 flanker_DDM_subject615   1.9245   0.4559   0.0925   0.4105   0.0000   0.0000 2307.8826   0.2560       ML
 flanker_DDM_subject616   1.9954   0.4946   0.0948   0.0751   0.1239   0.0000 2437.2202   0.1270       ML
 flanker_DDM_subject617   2.2397   1.2715   0.0000   0.1011   0.2750   0.0000 2097.9632   0.1530       ML
 flanker_DDM_subject618   1.9070   0.7010   0.1476   0.0237   0.1781   0.0000 2165.2732   0.1380       ML
 flanker_DDM_subject619   1.7786   1.3219   0.1745   0.1368   0.1134   0.0000 1527.6730   0.1330       ML
 flanker_DDM_subject62   2.1787   1.4519   0.0625  -0.6775   0.0512   0.0000 1621.0593   0.1360       ML
 flanker_DDM_subject620   1.7938   0.3821   0.0399  -0.3504   0.1005   0.0000 1961.8243   0.1260       ML
 flanker_DDM_subject621   1.9451   0.2670   0.2488  -0.6005   0.0325   0.0000 2231.7073   0.1240       ML
 flanker_DDM_subject622   2.3045   1.2483   0.1303   0.3205   0.0309   0.0000 2167.2745   0.1580       ML
 flanker_DDM_subject623   2.0701   0.2541   0.0460   0.5571   0.0358   0.0000 2383.6215   0.1110       ML
 flanker_DDM_subject624   1.9158   0.9957   0.1306   0.0529   0.0456   0.0000 1996.5092   0.1400       ML
 flanker_DDM_subject625   2.2410   1.5081   0.0126   0.0022   0.0068   0.0000 1958.7637   0.1300       ML
 flanker_DDM_subject626   2.0291   1.9274   0.0838  -0.5065   0.1450   0.0000 1105.8278   0.1300       ML
 flanker_DDM_subject627   1.8291   0.7565   0.0439   0.3442   0.0478   0.0000 1913.8168   0.1350       ML
 flanker_DDM_subject628   2.5259   1.2617   0.0817  -0.4412   0.0365   0.0000 2212.4024   0.1390       ML
 flanker_DDM_subject629   2.2246   0.8759   0.0150  -0.4720   0.0410   0.0000 2255.6557   0.1090       ML
 flanker_DDM_subject63   1.7919   0.7767   0.0789  -0.2475   0.2248   0.0000 1884.6972   0.1180       ML
 flanker_DDM_subject630   2.0340   0.2013   0.0874   0.3964   0.0503   0.0000 2460.5467   0.1720       ML
 flanker_DDM_subject631   2.1425   0.7406   0.0082   0.7936   0.0472   0.0000 2073.0227   0.2850       ML
 flanker_DDM_subject632   2.3031   1.5105   0.1597   0.2374   0.0512   0.0000 1949.0907   0.1420       ML
 flanker_DDM_subject633   1.7204   0.0653   0.1232  -0.4056   0.0496   0.0000 1892.8861   0.1100       ML
 flanker_DDM_subject634   1.7673  -0.1503   0.0563  -0.5130   0.1418   0.0000 1942.0938   0.1370       ML
 flanker_DDM_subject635   1.7304   1.2943   0.0091   0.1409   0.1360   0.0000 1334.6787   0.1320       ML
 flanker_DDM_subject636   2.3601   1.2474   0.0529  -0.1738   0.0523   0.0000 2248.2898   0.1630       ML
 flanker_DDM_subject637   1.9616   1.3486   0.0653   0.1394   0.1741   0.0000 1595.7358   0.1210       ML
 flanker_DDM_subject638   1.7431   0.7068   0.1105   0.2547   0.1032   0.0000 1815.3955   0.1200       ML
 flanker_DDM_subject639   1.6809   0.4958   0.0545   0.0270   0.1182   0.0000 1813.5804   0.1730       ML
 flanker_DDM_subject64   1.8901   1.1926   0.2249  -0.5924   0.1075   0.0000 1514.0941   0.1250       ML
 flanker_DDM_subject640   2.2766   0.9576   0.0264  -0.0318   0.1698   0.0000 2477.1460   0.1060       ML
 flanker_DDM_subject641   2.0602   1.0504   0.0875  -0.1412   0.0130   0.0000 2103.6875   0.1430       ML
 flanker_DDM_subject642   1.9894   0.4856   0.2185  -0.1447   0.0732   0.0000 2366.9264   0.1220       ML
 flanker_DDM_subject643   1.8002   0.9197   0.0626  -0.3804   0.0288   0.0000 1761.6282   0.1320       ML
 flanker_DDM_subject644   1.8337   1.0024   0.1570   0.1667   0.0107   0.0000 1850.9409   0.1290       ML
 flanker_DDM_subject645   2.6099   1.2444   0.0922  -0.5857   0.1312   0.0000 2229.3680   0.1410       ML
 flanker_DDM_subject646   1.9521   0.6876   0.0363  -0.0161   0.0318   0.0000 2267.6585   0.1150       ML
 flanker_DDM_subject647   1.7352   0.4802   0.0960   0.0466   0.2327   0.0000 1893.5042   0.1440       ML
 flanker_DDM_subject648   2.0548   0.8900   0.0000  -0.2864   0.1176   0.0000 2282.0464   0.1460       ML
 flanker_DDM_subject649   1.9839   0.4362   0.0770   0.0129   0.0495   0.0000 2487.6525   0.1310       ML
 flanker_DDM_subject65   1.8018   1.0438   0.1471  -0.0136   0.0703   0.0000 1791.8989   0.1340       ML
 flanker_DDM_subject650   1.6744   1.5175   0.2343  -0.0435   0.2268   0.0000 1198.5516   0.1530       ML
 flanker_DDM_subject651   2.1193   0.7558   0.0314   0.1719   0.1315   0.0000 2361.8326   0.1150       ML
 flanker_DDM_subject652   2.1748   1.3735   0.0000   0.2440   0.2121   0.0000 1944.7924   0.1640       ML
 flanker_DDM_subject653   1.8916   1.6773   0.1045   0.4110   0.0749   0.0000 1208.9170   0.1220       ML
 flanker_DDM_subject654   2.2220   0.3292   0.0572  -0.8804   0.0593   0.0000 2214.1267   0.2200       ML
 flanker_DDM_subject655   2.2268   1.3294   0.1528  -0.2144   0.0000   0.0000 2021.1023   0.1710       ML
 flanker_DDM_subject656   1.9968   1.2413   0.0364  -0.2893   0.0701   0.0000 1863.1184   0.1170       ML
 flanker_DDM_subject657   2.0309  -0.0977   0.0659   0.0833   0.1641   0.0000 2468.0160   0.1340       ML
 flanker_DDM_subject658   2.2886   1.0889   0.1310   0.0402   0.0394   0.0000 2352.0762   0.1150       ML
 flanker_DDM_subject659   2.2535   1.0050   0.0640   0.0439   0.0329   0.0000 2376.1972   0.1460       ML
 flanker_DDM_subject66   1.5447   1.0402   0.2745   0.0384   0.1751   0.0000 1229.9907   0.1970       ML
 flanker_DDM_subject660   1.4585   0.5789   0.1632   0.3805   0.1405   0.0000 1241.8385   0.1430       ML
 flanker_DDM_subject661   2.6089   1.2947   0.0532  -0.5126   0.1393   0.0000 2213.9455   0.1460       ML
 flanker_DDM_subject662   2.1194   1.0618   0.0242  -0.1197   0.1424   0.0000 2209.7038   0.1190       ML
 flanker_DDM_subject663   2.0055   0.2234   0.0174  -0.0761   0.0445   0.0000 2547.9392   0.1280       ML
 flanker_DDM_subject664   1.2380   2.8778   0.3233  -0.1462   0.2451   0.0000 175.3892   0.1660       ML
 flanker_DDM_subject665   1.6912   3.9630   0.4117  -0.5038   0.2687   0.0000 -68.0802   0.1770       ML
 flanker_DDM_subject666   2.1288   0.5708   0.1054  -0.3154   0.1398   0.0000 2548.2739   0.1200       ML
 flanker_DDM_subject667   2.2282   1.4434   0.0593  -0.0331   0.1358   0.0000 1902.0130   0.1420       ML
 flanker_DDM_subject668   1.6970   0.4729   0.0889   0.5433   0.1436   0.0000 1716.8981   0.1200       ML
 flanker_DDM_subject669   2.1235   0.9174   0.0728   0.1303   0.1065   0.0000 2252.8619   0.1300       ML
 flanker_DDM_subject67   2.3859   1.5283   0.0176   0.9107   0.0830   0.0000 1517.4335   0.1210       ML
 flanker_DDM_subject670   2.0639   1.1491   0.0000  -0.0394   0.0562   0.0000 2186.7455   0.2160       ML
 flanker_DDM_subject671   2.0817   0.5551   0.1377  -0.3337   0.0165   0.0000 2487.4193   0.1240       ML
 flanker_DDM_subject672   1.9648   1.2166   0.0698  -0.0969   0.0961   0.0000 1746.9639   0.1270       ML
 flanker_DDM_subject673   1.9578   0.8264   0.0630   0.3683   0.1711   0.0000 2034.9939   0.1390       ML
 flanker_DDM_subject674   1.8143   0.5812   0.2953  -0.3662   0.0803   0.0000 1977.6400   0.1300       ML
 flanker_DDM_subject675   2.0829   1.3563   0.0181   0.4930   0.1074   0.0000 1758.3660   0.1390       ML
 flanker_DDM_subject676   2.0732   1.2265   0.0697  -0.1797   0.0734   0.0000 1898.5216   0.1260       ML
 flanker_DDM_subject677   2.0776   2.6636   0.0559   0.8353   0.0357   0.0000 1677.9764   0.3080       ML
 flanker_DDM_subject678   2.2244   1.0053   0.1179  -0.1818   0.1251   0.0000 2261.6640   0.1310       ML
 flanker_DDM_subject679   2.2460   0.5858   0.0430   0.4064   0.1139   0.0000 2626.1053   0.1850       ML
 flanker_DDM_subject68   2.3042   1.4110   0.1012   0.0198   0.0827   0.0000 1910.6528   0.2500       ML
 flanker_DDM_subject680   2.8859   1.6725   0.1036   1.1782   0.0150   0.0000 1462.4423   0.1090       ML
 flanker_DDM_subject681   2.2483   0.5962   0.0701   0.3439   0.0927   0.0000 2653.2970   0.1190       ML
 flanker_DDM_subject682   1.7163   0.2274   0.0877  -0.0946   0.0928   0.0000 1967.0743   0.1350       ML
 flanker_DDM_subject683   1.9851   0.0953   0.0733   0.3534   0.0479   0.0000 2488.5560   0.1380       ML
 flanker_DDM_subject684   1.2360   0.9146   0.3319  -0.3587   0.5828   0.0000 521.1263   0.1630       ML
 flanker_DDM_subject685   1.9123   0.6707   0.0932   0.0518   0.2675   0.0000 2182.6358   0.1530       ML
 flanker_DDM_subject686   1.9346   0.2786   0.1731   0.5673   0.0798   0.0000 2207.9665   0.1180       ML
 flanker_DDM_subject687   1.8584   1.2513   0.1468   0.3898   0.1136   0.0000 1573.6035   0.1490       ML
 flanker_DDM_subject688   1.6790   0.0713   0.1502   0.4243   0.0456   0.0000 1839.1882   0.1240       ML
 flanker_DDM_subject689   1.9614   0.7453   0.0809   0.4184   0.0107   0.0000 2150.6534   0.1280       ML
 flanker_DDM_subject69   2.2408   1.2717   0.0548   0.5545   0.1518   0.0000 1929.3998   0.1170       ML
 flanker_DDM_subject690   2.1419   1.0250   0.1331   0.3214   0.0490   0.0000 2188.1533   0.2790       ML
 flanker_DDM_subject691   1.9422   0.9812   0.0517   0.1354   0.0298   0.0000 1970.3611   0.1730       ML
 flanker_DDM_subject692   2.1547   0.6417   0.0855  -0.5521   0.0881   0.0000 2361.3814   0.1090       ML
 flanker_DDM_subject693   2.1665   0.4377   0.0047   0.4063   0.1289   0.0000 2648.9684   0.1190       ML
 flanker_DDM_subject694   1.8972   1.0093   0.0648  -0.0884   0.1840   0.0000 1912.0319   0.1440       ML
 flanker_DDM_subject695   2.6483   1.2710   0.0492   0.7722   0.1239   0.0000 2022.3100   0.1540       ML
 flanker_DDM_subject696   2.2561   1.0170   0.1165   0.0441   0.0232   0.0000 2402.7416   0.1430       ML
 flanker_DDM_subject697   2.4815   1.1674   0.1383   0.0045   0.0728   0.0000 2424.3745   0.1690       ML
 flanker_DDM_subject698   1.3720   0.7100   0.2279   0.2341   0.1498   0.0000 1024.2570   0.1450       ML
 flanker_DDM_subject699   1.5689   0.6483   0.1312   0.2513   0.0384   0.0000 1503.9494   0.1490       ML
 flanker_DDM_subject7   1.6690   1.0497   0.0746   0.4398   0.1645   0.0000 1364.5606   0.1480       ML
 flanker_DDM_subject70   2.1499   1.4259   0.1280   0.9048   0.0163   0.0000 1410.4193   0.1390       ML
 flanker_DDM_subject700   1.8226   0.2438   0.1268   0.2419   0.1069   0.0000 2174.5039   0.1220       ML
 flanker_DDM_subject701   2.1160   0.3258   0.0657  -0.1318   0.1288   0.0000 2728.8916   0.1240       ML
 flanker_DDM_subject702   2.0120   0.5040   0.1110   0.0022   0.2217   0.0000 2446.4031   0.1290       ML
 flanker_DDM_subject703   1.8259   1.0822   0.1237  -0.4720   0.0129   0.0000 1620.7743   0.1410       ML
 flanker_DDM_subject704   1.5796   0.5501   0.2928  -0.0552   0.0229   0.0000 1557.1594   0.1820       ML
 flanker_DDM_subject705   1.9819   1.0838   0.2219  -0.5909   0.0013   0.0000 1824.5225   0.1170       ML
 flanker_DDM_subject706   1.9594   0.5830   0.0865   0.3799   0.1303   0.0000 2214.9306   0.1370       ML
 flanker_DDM_subject707   1.7014   2.1251   0.4347   0.6098   0.1762   0.0000 706.8361   0.1310       ML
 flanker_DDM_subject708   1.3770   0.9437   0.0109  -0.0606   0.1495   0.0000 961.3737   0.1530       ML
 flanker_DDM_subject709   1.9216   0.8358   0.1120  -0.2715   0.1165   0.0000 1986.7391   0.2450       ML
 flanker_DDM_subject71   2.1829   0.0284   0.0062   0.1170   0.1088   0.0000 2891.0349   0.1180       ML
 flanker_DDM_subject710   2.3145   1.2714   0.0155  -1.0530   0.0557   0.0000 1561.2279   0.1270       ML
 flanker_DDM_subject711   2.0839   0.3898   0.0672   0.0027   0.0970   0.0000 2603.4904   0.3680       ML
 flanker_DDM_subject712   1.9547   2.5078   0.3872   0.1313   0.0912   0.0000 992.4367   0.1400       ML
 flanker_DDM_subject713   1.5573   0.1755   0.1078  -0.1532   0.3483   0.0000 1597.7776   0.1360       ML
 flanker_DDM_subject714   2.1229   1.3460   0.0516  -0.2288   0.0236   0.0000 1786.3027   0.1380       ML
 flanker_DDM_subject715   1.7987   0.4992   0.1365  -0.6178   0.1718   0.0000 1844.8526   0.1250       ML
 flanker_DDM_subject716   2.1860   0.3610   0.0315   0.0188   0.1474   0.0000 2815.6359   0.1360       ML
 flanker_DDM_subject717   2.1164   1.4092   0.0552   0.1245   0.1115   0.0000 1835.3965   0.1150       ML
 flanker_DDM_subject718   2.0556   0.6173   0.0611  -0.0148   0.1469   0.0000 2477.8892   0.1080       ML
 flanker_DDM_subject719   1.9924   0.7146   0.1186  -0.1670   0.0212   0.0000 2276.2974   0.1500       ML
 flanker_DDM_subject72   2.0517   1.0444   0.1084  -0.1998   0.0865   0.0000 2064.8156   0.1150       ML
 flanker_DDM_subject720   1.7490   0.0863   0.0860  -0.2218   0.0483   0.0000 2070.7412   0.1290       ML
 flanker_DDM_subject721   1.9243   0.8220   0.0907   1.3291   0.0226   0.0000 1259.1665   0.1290       ML
 flanker_DDM_subject722   2.0448   1.3043   0.0684   0.1787   0.2716   0.0000 1742.4760   0.1400       ML
 flanker_DDM_subject723   1.7912   0.0342   0.1618  -0.3347   0.0764   0.0000 2101.6828   0.1350       ML
 flanker_DDM_subject724   1.8079  -0.0104   0.1736   0.2099   0.1022   0.0000 2163.9289   0.1150       ML
 flanker_DDM_subject725   1.5862   0.5750   0.0815  -0.0850   0.1579   0.0000 1584.5580   0.1140       ML
 flanker_DDM_subject726   1.9030   0.4782   0.0735   0.5125   0.0803   0.0000 2145.7486   0.1400       ML
 flanker_DDM_subject727   1.8563   0.5327   0.0539  -0.0220   0.0226   0.0000 2277.0946   0.1130       ML
 flanker_DDM_subject728   2.0611   0.7230   0.0955  -0.1237   0.0474   0.0000 2393.2836   0.1090       ML
 flanker_DDM_subject729   1.8203   0.0530   0.1187   0.1990   0.0517   0.0000 2238.6507   0.1240       ML
 flanker_DDM_subject73   1.9889   0.4690   0.0956  -0.4371   0.0163   0.0000 2275.1443   0.1330       ML
 flanker_DDM_subject730   1.7730   0.8132   0.2312  -0.3334   0.0760   0.0000 1829.8400   0.1360       ML
 flanker_DDM_subject731   1.8755   0.7884   0.0241   0.4835   0.0000   0.0000 1970.8983   0.1870       ML
 flanker_DDM_subject732   1.3807   0.7596   0.2472  -2.0118   0.4389   0.0000 216.3359   0.1460       ML
 flanker_DDM_subject733   1.7554   0.8099   0.0178  -0.3227   0.0000   0.0000 1910.6260   0.1850       ML
 flanker_DDM_subject734   2.0367   0.3425   0.0463   0.1036   0.1193   0.0000 2513.6237   0.1240       ML
 flanker_DDM_subject735   2.0435   2.0295   0.2057  -0.3103   0.0610   0.0000 1223.7613   0.1280       ML
 flanker_DDM_subject736   1.9003   0.8173   0.0597  -0.1071   0.0000   0.0000 2178.3059   0.1980       ML
 flanker_DDM_subject737   2.0698   0.9916   0.0750  -0.4716   0.0061   0.0000 2068.1895   0.1290       ML
 flanker_DDM_subject738   1.9732   1.2635   0.0848   0.3072   0.1010   0.0000 1763.9878   0.1320       ML
 flanker_DDM_subject739   1.8475   0.8229   0.1848   0.2912   0.0738   0.0000 1940.5155   0.1170       ML
 flanker_DDM_subject74   1.9439   0.8731   0.1110   0.5588   0.1212   0.0000 1938.9394   0.1280       ML
 flanker_DDM_subject740   2.0804   0.9947   0.0186   0.5325   0.0778   0.0000 2030.3918   0.1550       ML
 flanker_DDM_subject741   1.9884   1.3811   0.0575   0.0792   0.0282   0.0000 2086.2400   0.3880       ML
 flanker_DDM_subject742   1.0948   1.9298   0.2821  -0.3672   0.4957   0.0000 -386.5951   0.2240       ML
 flanker_DDM_subject743   1.8819   0.6389   0.0320  -0.2602   0.0475   0.0000 2118.5149   0.1480       ML
 flanker_DDM_subject744   1.8986   0.4616   0.0028   0.0706   0.1270   0.0000 2241.3822   0.1530       ML
 flanker_DDM_subject745   2.2634   1.3364   0.0627  -0.0993   0.1048   0.0000 2042.9617   0.1730       ML
 flanker_DDM_subject746   1.8112   0.2408   0.1620  -0.2414   0.0775   0.0000 2158.8795   0.1170       ML
 flanker_DDM_subject747   2.4216   1.3657   0.1072   0.7271   0.0748   0.0000 1874.2682   0.1180       ML
 flanker_DDM_subject748   2.1499   1.0661   0.0799   0.8304   0.1121   0.0000 1785.6647   0.1250       ML
 flanker_DDM_subject749   2.2407   1.4453   0.0272  -0.4532   0.0952   0.0000 1779.1208   0.1530       ML
 flanker_DDM_subject75   1.6979   1.2286   0.1534   0.2991   0.0205   0.0000 1470.2235   0.1390       ML
 flanker_DDM_subject750   1.7865   0.2542   0.1006   0.4777   0.2479   0.0000 1986.3478   0.1120       ML
 flanker_DDM_subject751   1.8313   1.0086   0.0565   0.5539   0.1379   0.0000 1666.9345   0.1390       ML
 flanker_DDM_subject752   2.1572   1.3613   0.0216   0.2352   0.0962   0.0000 1778.6802   0.2000       ML
 flanker_DDM_subject753   1.9771   1.0137   0.1229   0.1910   0.1780   0.0000 1977.9671   0.1220       ML
 flanker_DDM_subject754   1.8639   0.5941   0.0817   0.7245   0.0252   0.0000 1807.7765   0.1530       ML
 flanker_DDM_subject755   2.0194   0.7103   0.1285  -0.5726   0.0908   0.0000 2124.5647   0.1070       ML
 flanker_DDM_subject756   1.4800   6.8859   0.5731   0.6689   0.1583   0.0000 -118.5780   0.1990       ML
 flanker_DDM_subject757   1.9795   1.0354   0.0659   0.0371   0.0386   0.0000 2039.8570   0.1250       ML
 flanker_DDM_subject758   1.8426   0.7587   0.0472   0.0349   0.1158   0.0000 2034.4917   0.1350       ML
 flanker_DDM_subject759   1.6345   0.5824   0.3881   0.0860   0.1275   0.0000 1764.7989   0.1260       ML
 flanker_DDM_subject76   1.8784   0.7081   0.1325   0.4941   0.1561   0.0000 1987.3737   0.1280       ML
 flanker_DDM_subject760   1.8058   0.3271   0.1376   0.3056   0.0555   0.0000 2093.7353   0.1250       ML
 flanker_DDM_subject761   1.6057   0.7140   0.1904  -0.1344   0.0799   0.0000 1604.7792   0.1290       ML
 flanker_DDM_subject762   1.8141   1.0445   0.0392  -0.2066   0.1811   0.0000 1714.5334   0.1580       ML
 flanker_DDM_subject763   1.7469   0.6069   0.0970   0.2767   0.1523   0.0000 1870.2029   0.1460       ML
 flanker_DDM_subject764   2.4863   1.1980   0.0558   0.2817   0.0000   0.0000 2306.3348   0.1540       ML
 flanker_DDM_subject765   2.0268   0.4513   0.1508  -0.1878   0.0950   0.0000 2509.9789   0.1380       ML
 flanker_DDM_subject766   2.1421   0.7644   0.1003  -0.1061   0.0496   0.0000 2471.7952   0.1410       ML
 flanker_DDM_subject767   2.2730   0.4632   0.0383  -0.5634   0.1779   0.0000 2609.9491   0.1270       ML
 flanker_DDM_subject768   2.1067   1.4416   0.2226  -0.0378   0.0000   0.0000 1798.9365   0.2010       ML
 flanker_DDM_subject769   1.9055   0.8650   0.0476  -0.4939   0.0314   0.0000 1826.7362   0.1550       ML
 flanker_DDM_subject77   1.8893   1.5779   0.0990   0.2470   0.1055   0.0000 1368.0276   0.1340       ML
 flanker_DDM_subject770   1.7331   1.1622   0.1175   0.3946   0.1173   0.0000 1343.1160   0.2190       ML
 flanker_DDM_subject771   2.0429   0.4289   0.0976  -0.2912   0.1353   0.0000 2523.5478   0.1130       ML
 flanker_DDM_subject772   1.6065  -0.2206   0.1210   0.3057   0.1072   0.0000 1767.0935   0.1330       ML
 flanker_DDM_subject773   1.4591   0.9378   0.2480  -0.3531   0.0469   0.0000 1074.5950   0.1240       ML
 flanker_DDM_subject774   1.5861   1.4420   0.0978  -1.3902   0.2380   0.0000 470.6762   0.1500       ML
 flanker_DDM_subject775   2.0212  -0.1339   0.1336   0.1189   0.0034   0.0000 2616.9836   0.1390       ML
 flanker_DDM_subject776   2.0479   0.5038   0.0613  -0.2056   0.1881   0.0000 2536.9053   0.1350       ML
 flanker_DDM_subject777   1.7300   0.4196   0.0119  -0.0105   0.1138   0.0000 2003.2793   0.1340       ML
 flanker_DDM_subject778   1.0704   0.9550   0.1578   1.1346   0.4366   0.0000 -59.7458   0.1590       ML
 flanker_DDM_subject779   1.7351   0.3796   0.0866  -0.0470   0.0538   0.0000 1947.9895   0.1340       ML
 flanker_DDM_subject78   2.3025   1.4556   0.0000  -0.7851   0.0466   0.0000 1635.9579   0.1250       ML
 flanker_DDM_subject780   2.1491   0.6162   0.0957  -0.0855   0.0000   0.0000 2589.4145   0.1540       ML
 flanker_DDM_subject781   1.5626   0.4356   0.2593   0.5646   0.0775   0.0000 1501.5279   0.1420       ML
 flanker_DDM_subject782   1.5873   1.3751   0.2808  -0.3993   0.2228   0.0000 989.1598   0.2080       ML
 flanker_DDM_subject783   1.7468   0.7674   0.1128  -0.2245   0.1755   0.0000 1834.5033   0.1170       ML
 flanker_DDM_subject784   1.2765   0.7142   0.1414  -0.1615   0.2631   0.0000 804.6036   0.1400       ML
 flanker_DDM_subject785   1.6330   0.4798   0.0560  -0.0164   0.0715   0.0000 1733.0482   0.1180       ML
 flanker_DDM_subject786   2.0368   0.1967   0.0760  -0.2636   0.0424   0.0000 2536.7923   0.1250       ML
 flanker_DDM_subject787   2.0610   0.7142   0.0548  -0.1389   0.1034   0.0000 2418.7318   0.1140       ML
 flanker_DDM_subject788   1.8924   0.8439   0.0128  -0.0044   0.1183   0.0000 2044.6749   0.1320       ML
 flanker_DDM_subject789   1.9322   0.4392   0.0452  -0.0500   0.0084   0.0000 2377.7434   0.1240       ML
 flanker_DDM_subject79   2.0861   1.0454   0.0952  -0.2167   0.0653   0.0000 2159.8344   0.1410       ML
 flanker_DDM_subject790   1.7324   0.5456   0.0990  -0.0917   0.0968   0.0000 1942.0098   0.1340       ML
 flanker_DDM_subject791   2.2220   1.4625   0.0920  -0.2695   0.0170   0.0000 1930.1377   0.1830       ML
 flanker_DDM_subject792   1.8481   0.6798   0.0001   0.6907   0.1324   0.0000 1863.0277   0.2840       ML
 flanker_DDM_subject793   1.9799   0.7049   0.0628  -0.4121   0.0488   0.0000 2196.2663   0.1680       ML
 flanker_DDM_subject794   2.3133   1.2721   0.0613   0.0070   0.0298   0.0000 2150.1669   0.1460       ML
 flanker_DDM_subject795   2.0504   0.5959   0.0601  -0.3563   0.0799   0.0000 2329.3496   0.1340       ML
 flanker_DDM_subject796   1.5274   0.9328   0.1564   0.4577   0.0081   0.0000 1260.2340   0.1480       ML
 flanker_DDM_subject797   2.2229   2.5904   0.1952  -0.5365   0.0629   0.0000 1102.2837   0.1480       ML
 flanker_DDM_subject798   2.1434   0.9221   0.1354  -0.2544   0.0702   0.0000 2302.4887   0.1230       ML
 flanker_DDM_subject799   1.9463  -0.0631   0.2148  -0.0460   0.1186   0.0000 2431.1609   0.1360       ML
 flanker_DDM_subject8   2.0727   1.3991   0.0860  -0.2864   0.1541   0.0000 1708.3148   0.1670       ML
 flanker_DDM_subject80   2.0168   1.7086   0.1133   0.2672   0.0493   0.0000 1474.8614   0.1320       ML
 flanker_DDM_subject800   2.1218   0.2492   0.0800   0.4441   0.0230   0.0000 2650.1620   0.1300       ML
 flanker_DDM_subject81   1.7070   0.5861   0.0224   0.1627   0.0977   0.0000 1857.9085   0.1300       ML
 flanker_DDM_subject82   1.9535   0.5366   0.0000  -0.3701   0.0940   0.0000 2315.5873   0.1100       ML
 flanker_DDM_subject83   2.5907   1.4642   0.0782   1.0242   0.0675   0.0000 1632.7997   0.1280       ML
 flanker_DDM_subject84   2.1112   0.2230   0.1109   0.1693   0.1175   0.0000 2756.8577   0.1170       ML
 flanker_DDM_subject85   1.6859   0.7231   0.2259  -0.0389   0.0589   0.0000 1761.9995   0.1520       ML
 flanker_DDM_subject86   1.8695   0.1282   0.1636   0.4463   0.0231   0.0000 2178.9854   0.1130       ML
 flanker_DDM_subject87   2.0998   0.8234   0.0896   0.0171   0.0601   0.0000 2357.0717   0.1230       ML
 flanker_DDM_subject88   2.1438   1.2134   0.0672   0.0387   0.0477   0.0000 2066.8863   0.1320       ML
 flanker_DDM_subject89   2.0588   1.0836   0.0965   0.0691   0.0054   0.0000 2043.4635   0.2170       ML
 flanker_DDM_subject9   1.8043   1.3288   0.1239   0.0527   0.1115   0.0000 1625.1699   0.1230       ML
 flanker_DDM_subject90   1.9126   0.6596   0.0898   0.0856   0.1225   0.0000 2199.7087   0.1130       ML
 flanker_DDM_subject91   1.9868   0.3785   0.1090  -0.5914   0.0351   0.0000 2205.9214   0.1140       ML
 flanker_DDM_subject92   1.3943   1.2294   0.1665  -0.3519   0.2651   0.0000 690.4551   0.1690       ML
 flanker_DDM_subject93   2.1225   1.6626   0.0389   0.2202   0.1092   0.0000 1634.7856   0.1480       ML
 flanker_DDM_subject94   2.3869   0.4830   0.0126  -0.4134   0.0000   0.0000 2852.2184   0.1460       ML
 flanker_DDM_subject95   1.6977   0.4644   0.1834  -0.8252   0.1239   0.0000 1439.9526   0.1150       ML
 flanker_DDM_subject96   1.8997   0.6810   0.0341   0.2718   0.0000   0.0000 2206.7597   0.1430       ML
 flanker_DDM_subject97   2.0143   0.7699   0.0000  -0.1276   0.1948   0.0000 2277.2495   0.1260       ML
 flanker_DDM_subject98   1.2859   0.7746   0.1290  -0.2193   0.4096   0.0000 747.8564   0.1570       ML
 flanker_DDM_subject99   1.4565   1.4618   0.4723  -0.1043   0.1278   0.0000 980.9423   0.2180       ML
