  dataset a_congruent v_congruent t0_congruent a_incongruent v_incongruent t0_incongruent  penalty      fit     time   method
 msit_DDM_subject1   3.6934   2.2403   0.0000   6.9921   2.2127   0.0000   0.0000 1103.8581   0.1960       ML
 msit_DDM_subject10   6.7752   4.2988   0.0000   1.9053   0.5239   0.4562   0.0000 871.4735   0.2790       ML
 msit_DDM_subject100   2.1724   1.1948   0.1171   2.6360   0.7215   0.5504   0.0000 2206.1903   0.1750       ML
 msit_DDM_subject101   3.3571   2.1097   0.0000   2.5565   0.4788   0.3799   0.0000 2008.3315   0.2120       ML
 msit_DDM_subject102   2.2886   1.6972   0.1141   6.7868   2.4778   0.0000   0.0000 997.2614   0.2490       ML
 msit_DDM_subject103   3.0535   1.3676   0.0937   2.7183  -0.6045   0.4486   0.0000 2498.8619   0.1940       ML
 msit_DDM_subject104   3.2935   1.3155   0.0464   2.5376   0.3956   0.4559   0.0000 2725.9941   0.2020       ML
 msit_DDM_subject105   1.8538   2.0858   0.1840   1.7813   2.5036   0.7724   0.0000 -312.0119   0.1850       ML
 msit_DDM_subject106   3.5338   2.3873   0.0627   3.0199   1.2777   0.2295   0.0000 1206.9729   0.2220       ML
 msit_DDM_subject107   3.1002   1.7579   0.0573   2.3007  -0.1517   0.4138   0.0000 2274.6144   0.2070       ML
 msit_DDM_subject108   2.0589   1.6144   0.2001   2.2397   0.3361   0.4098   0.0000 1885.4887   0.1950       ML
 msit_DDM_subject109   2.4852   1.0014   0.1505   2.5350   0.5571   0.2126   0.0000 2660.1768   0.1820       ML
 msit_DDM_subject11   2.9432   1.8513   0.0032   2.9820   1.1731   0.2656   0.0000 1482.0478   0.5230       ML
 msit_DDM_subject110   1.7385   3.1791   0.3022   1.8583   1.2132   0.5253   0.0000 -77.7256   0.1980       ML
 msit_DDM_subject111   1.8029   1.4603   0.1282   7.8725   2.9710   0.0000   0.0000 809.3530   0.3780       ML
 msit_DDM_subject112   2.4128   1.9258   0.1174   2.2056   0.7389   0.3806   0.0000 1414.0694   0.2020       ML
 msit_DDM_subject113   2.8431   2.6509   0.0396   1.8991  -0.0097   0.4406   0.0000 1215.1357   0.2660       ML
 msit_DDM_subject114   2.2255   1.9415   0.2574   1.4819   0.2325   0.7803   0.0000 965.6125   0.2180       ML
 msit_DDM_subject115   3.2332   2.2360   0.0000   2.1985   0.1765   0.5112   0.0000 1841.1876   0.2330       ML
 msit_DDM_subject116   2.1464   1.9785   0.1138   1.9518   0.6693   0.3112   0.0000 1155.8335   0.3390       ML
 msit_DDM_subject117   2.9202   1.8769   0.1680   5.9645   2.4136   0.0000   0.0000 984.6557   0.4450       ML
 msit_DDM_subject118   3.0678   2.0146   0.0058   3.4195   1.6037   0.4334   0.0000 1115.1210   0.2240       ML
 msit_DDM_subject119   2.3771   1.4090   0.0699   2.6405   0.9737   0.5790   0.0000 1809.6685   0.1880       ML
 msit_DDM_subject12   3.7486   2.0573   0.0000   2.3520   0.5459   0.3625   0.0000 1928.4284   0.3080       ML
 msit_DDM_subject120   3.2180   1.7269   0.0345   7.3229   2.2212   0.0000   0.0000 1396.9533   0.3090       ML
 msit_DDM_subject121   4.2835   2.3139   0.0000   3.2822   1.3373   0.1398   0.0000 1372.4778   0.2320       ML
 msit_DDM_subject122   3.9630   2.6419   0.0000   5.9905   2.4658   0.0000   0.0000 703.6024   0.2500       ML
 msit_DDM_subject123   2.0635   1.2674   0.0990   2.4773   0.6000   0.5716   0.0000 2087.4825   0.2020       ML
 msit_DDM_subject124   3.8074   2.3998   0.0000   2.0872  -0.2451   0.2388   0.0000 1705.6462   0.2100       ML
 msit_DDM_subject125   3.5508   2.3811   0.0421   6.1253   2.7625   0.0000   0.0000 624.3499   0.6370       ML
 msit_DDM_subject126   3.8797   2.3840   0.0000   2.1913   0.6335   0.4861   0.0000 1541.7376   0.3030       ML
 msit_DDM_subject127   3.3567   2.2173   0.1075   5.3587   1.9930   0.0000   0.0000 1058.2671   0.4020       ML
 msit_DDM_subject128   3.6840   1.7655   0.0000   2.6485   0.5499   0.3103   0.0000 2339.8899   0.2450       ML
 msit_DDM_subject129   3.2327   2.0964   0.0826   3.7476   1.4692   0.0927   0.0000 1298.4525   0.2880       ML
 msit_DDM_subject13   3.2138   1.8422   0.0000   2.1649  -0.0350   0.4476   0.0000 2078.3008   0.2640       ML
 msit_DDM_subject130   3.5578   1.9991   0.0000   2.5404   0.7950   0.2120   0.0000 1783.3548   0.3630       ML
 msit_DDM_subject131   2.3630   0.9258   0.1019   2.7194   0.4415   0.3375   0.0000 2893.5768   0.2850       ML
 msit_DDM_subject132   2.4242   1.3549   0.0805   2.4512   0.2095   0.3603   0.0000 2517.6560   0.2150       ML
 msit_DDM_subject133   2.9807   2.0490   0.0000   2.9340   1.1565   0.4677   0.0000 1375.1129   0.3900       ML
 msit_DDM_subject134   2.9155   1.5924   0.1298   2.3692  -0.0150   0.2963   0.0000 2397.0970   0.3270       ML
 msit_DDM_subject135   2.2186   1.1614   0.1241   7.3152   2.3694   0.0000   0.0000 1538.6363   0.5590       ML
 msit_DDM_subject136   2.2546   1.2792   0.0914   2.3888   0.0473   0.4234   0.0000 2483.2046   0.2800       ML
 msit_DDM_subject137   2.1196   1.0613   0.1482   2.2963   0.5811   0.3308   0.0000 2243.3894   0.2610       ML
 msit_DDM_subject138   2.1902   1.8088   0.1254   2.1957   0.7826   0.2930   0.0000 1420.7606   0.2620       ML
 msit_DDM_subject139   2.2170   1.8394   0.1241   2.1060   0.5811   0.5771   0.0000 1515.4549   0.6190       ML
 msit_DDM_subject14   3.4295   1.6263   0.0480   5.7797   1.7299   0.0000   0.0000 1738.8760   0.4970       ML
 msit_DDM_subject140   5.6936   3.6477   0.0000   2.8526   0.8884   0.1660   0.0000 1221.8184   0.3620       ML
 msit_DDM_subject141   2.7076   2.5166   0.0509   2.5368   0.8596   0.3979   0.0000 1196.9969   0.3520       ML
 msit_DDM_subject142   3.2618   1.9993   0.0000   2.4443   0.3269   0.2887   0.0000 2065.2023   0.3040       ML
 msit_DDM_subject143   2.4368   1.4549   0.1228   6.5505   2.2270   0.0000   0.0000 1367.2026   0.7340       ML
 msit_DDM_subject144   3.0079   1.7942   0.1096   2.6429   0.6500   0.2079   0.0000 1985.1081   0.3450       ML
 msit_DDM_subject145   2.4370   1.4085   0.0723   3.2203   1.0550   0.3223   0.0000 1892.0233   0.3700       ML
 msit_DDM_subject146   2.6870   1.3542   0.0864   2.6902   0.3012   0.2087   0.0000 2646.1199   0.2960       ML
 msit_DDM_subject147   4.2329   2.2569   0.0000   4.3761   1.5794   0.0816   0.0000 1378.7616   0.5710       ML
 msit_DDM_subject148   2.7462   0.9736   0.1597   6.9871   1.8943   0.0000   0.0000 2181.6543   0.5740       ML
 msit_DDM_subject149   3.7926   2.3557   0.0000   2.1341   0.4106   0.3228   0.0000 1703.5382   0.2420       ML
 msit_DDM_subject15   1.8255   1.4723   0.1710   7.3057   3.2023   0.0000   0.0000 639.8489   0.3720       ML
 msit_DDM_subject150   2.5590   1.9810   0.0856   2.5611   0.9772   0.2032   0.0000 1388.2229   0.1780       ML
 msit_DDM_subject151   2.4047   2.0375   0.1135   2.1762   0.5140   0.4174   0.0000 1525.7939   0.1740       ML
 msit_DDM_subject152   4.2503   2.6880   0.0000   2.2065   1.3299   0.4733   0.0000 828.8936   0.2570       ML
 msit_DDM_subject153   4.4446   1.8886   0.0000   2.3521   0.1175   0.2571   0.0000 2476.4471   0.2160       ML
 msit_DDM_subject154   3.1609   1.7110   0.0837   7.2744   2.4228   0.0000   0.0000 1290.3434   0.2230       ML
 msit_DDM_subject155   3.2500   1.6267   0.0769   2.9041   0.8845   0.3312   0.0000 2040.2589   0.2260       ML
 msit_DDM_subject156   2.4039   1.7600   0.0834   2.2504   0.2133   0.3513   0.0000 1933.4935   0.2040       ML
 msit_DDM_subject157   2.9750   1.6151   0.0665   6.9005   2.0388   0.0000   0.0000 1529.9300   0.2610       ML
 msit_DDM_subject158   3.9323   1.9197   0.0000   2.5500   0.2992   0.2964   0.0000 2400.9876   0.1850       ML
 msit_DDM_subject159   4.3078   2.2562   0.0000   5.5955   1.8890   0.0000   0.0000 1283.3694   0.2660       ML
 msit_DDM_subject16   2.6303   1.7556   0.0869   2.4449   0.6489   0.4444   0.0000 1881.8955   0.2190       ML
 msit_DDM_subject160   3.1809   2.0121   0.0846   5.4636   2.1089   0.0000   0.0000 1096.8709   0.2910       ML
 msit_DDM_subject161   2.5880   1.1359   0.1467   2.6628   0.7725   0.3222   0.0000 2377.1571   0.1690       ML
 msit_DDM_subject162   2.8328   1.3851   0.1726   3.0564   1.1717   0.2460   0.0000 1896.4270   0.1750       ML
 msit_DDM_subject163   2.6640   1.7729   0.0618   2.7718   0.5757   0.3441   0.0000 2073.4875   0.2050       ML
 msit_DDM_subject164   5.3469   4.0885   0.0000   1.8681   1.5565   0.6596   0.0000   0.7905   0.3070       ML
 msit_DDM_subject165   4.6531   3.6073   0.0000   2.0271   0.6630   0.7276   0.0000 964.1323   0.2360       ML
 msit_DDM_subject166   6.1949   6.0761   0.0000   7.1443   3.7063   0.0000   0.0000 -711.6818   0.3970       ML
 msit_DDM_subject167   2.2315   1.9858   0.1499   5.7009   2.2404   0.0000   0.0000 816.2152   0.4060       ML
 msit_DDM_subject168   4.1966   1.8428   0.0000   2.6585   0.6946   0.2961   0.0000 2129.0163   0.3000       ML
 msit_DDM_subject169   2.3023   1.7508   0.1222   1.7410   0.4244   0.5821   0.0000 1387.2810   0.2220       ML
 msit_DDM_subject17   4.6621   2.9624   0.0000   7.5718   3.3701   0.0000   0.0000 338.7509   0.2710       ML
 msit_DDM_subject170   3.2106   1.6863   0.0005   8.4398   2.1658   0.0000   0.0000 1541.6562   0.3590       ML
 msit_DDM_subject171   2.5078   1.9716   0.1299   2.0575   0.0479   0.2742   0.0000 1735.0570   0.1890       ML
 msit_DDM_subject172   3.7077   2.1708   0.0000   2.2608   0.7783   0.3712   0.0000 1587.9673   0.2340       ML
 msit_DDM_subject173   4.4574   2.8533   0.0000   2.1048  -0.2733   0.2816   0.0000 1603.3332   0.2450       ML
 msit_DDM_subject174   2.1021   1.2317   0.0889   2.5757   0.5847   0.4364   0.0000 2258.4876   0.1950       ML
 msit_DDM_subject175   2.9074   1.8117   0.0705   4.3198   1.5910   0.2114   0.0000 1403.4401   0.2050       ML
 msit_DDM_subject176   2.5563   2.2506   0.0469   9.3251   3.0514   0.0000   0.0000 564.8933   0.4590       ML
 msit_DDM_subject177   1.8722   1.4871   0.1590   2.3472   0.9531   0.5371   0.0000 1370.1055   0.3280       ML
 msit_DDM_subject178   2.3700   1.2899   0.0856   2.5116   0.5911   0.4647   0.0000 2281.4126   0.2320       ML
 msit_DDM_subject179   2.1025   1.4559   0.1379  10.0000   4.3779   0.1145   0.0000 491.9307   0.2810       ML
 msit_DDM_subject18   3.2536   1.3316   0.1256   3.1135   0.9458   0.2686   0.0000 2307.6218   0.1990       ML
 msit_DDM_subject180   3.9680   1.9276   0.0000   2.5770   0.2935   0.2587   0.0000 2424.9664   0.2050       ML
 msit_DDM_subject181   1.7612   1.4859   0.1281   2.2145   0.4665   0.5714   0.0000 1722.4153   0.2000       ML
 msit_DDM_subject182   2.5315   1.3777   0.1629   2.1405   0.2623   0.2752   0.0000 2173.4342   0.2550       ML
 msit_DDM_subject183   2.5279   1.5951   0.1207   2.1252   0.5323   0.2187   0.0000 1888.8288   0.1960       ML
 msit_DDM_subject184   3.8079   2.1543   0.0000   6.1660   2.1191   0.0000   0.0000 1182.0272   0.2850       ML
 msit_DDM_subject185   2.1677   1.0416   0.1403   2.3272   0.2635   0.2266   0.0000 2547.8931   0.1880       ML
 msit_DDM_subject186   2.1072   1.7283   0.1067   2.3153   0.8561   0.3947   0.0000 1423.8332   0.1570       ML
 msit_DDM_subject187   4.1497   1.8305   0.0000   6.1166   2.1134   0.0000   0.0000 1449.6841   0.2670       ML
 msit_DDM_subject188   2.2707   1.3765   0.1130   2.4062   0.4237   0.3611   0.0000 2238.8891   0.1750       ML
 msit_DDM_subject189   4.1337   2.7024   0.0000   2.0797   0.1814   0.3523   0.0000 1644.3869   0.2060       ML
 msit_DDM_subject19   2.3941   0.9721   0.1089   2.8615   0.5180   0.3350   0.0000 2829.9101   0.2170       ML
 msit_DDM_subject190   3.7208   1.8946   0.0000   3.0816   0.7836   0.2621   0.0000 2089.6268   0.2290       ML
 msit_DDM_subject191   4.3924   2.3143   0.0000   2.3213   0.6353   0.3867   0.0000 1772.6736   0.2630       ML
 msit_DDM_subject192   2.6093   1.3031   0.0854   2.8513   0.6473   0.4001   0.0000 2438.8232   0.1800       ML
 msit_DDM_subject193   3.1893   1.6080   0.0382   2.2503   0.3962   0.3901   0.0000 2188.2822   0.1960       ML
 msit_DDM_subject194   2.5178   1.5101   0.1143   3.4701   1.2821   0.1743   0.0000 1664.6940   0.1910       ML
 msit_DDM_subject195   2.3297   1.8100   0.1212   2.5524   1.4392   0.4795   0.0000 1008.1739   0.1630       ML
 msit_DDM_subject196   1.8812   1.4775   0.1253   1.7799   1.1365   0.7689   0.0000 992.1913   0.2180       ML
 msit_DDM_subject197   2.0387   1.3726   0.1590   2.2832   0.3886   0.1616   0.0000 2110.2696   0.1730       ML
 msit_DDM_subject198   3.6692   1.9491   0.0000   9.4303   2.9061   0.0000   0.0000 1091.1266   0.4520       ML
 msit_DDM_subject199   2.9845   2.8653   0.1258   2.0568   0.7988   0.3601   0.0000 951.0966   0.1830       ML
 msit_DDM_subject2   3.3229   2.3983   0.0572   2.6075  -1.1553   0.3361   0.0000 1140.6756   0.2520       ML
 msit_DDM_subject20   2.7025   1.2558   0.1172   2.7896   0.6494   0.2952   0.0000 2480.7590   0.2280       ML
 msit_DDM_subject200   2.4619   1.1487   0.1423   2.5929   0.4579   0.3309   0.0000 2606.6638   0.2320       ML
 msit_DDM_subject201   4.5548   2.2652   0.0000   2.3345   0.3209   0.3908   0.0000 2146.6722   0.3190       ML
 msit_DDM_subject202   4.6844   3.1505   0.0000   1.8454   1.3786   0.9192   0.0000 420.2563   0.3740       ML
 msit_DDM_subject203   2.4868   1.5224   0.0858   2.3168   0.3233   0.2872   0.0000 2240.0139   0.2850       ML
 msit_DDM_subject204   3.1830   1.6742   0.0298   2.6209   0.6212   0.2103   0.0000 2139.3329   0.2250       ML
 msit_DDM_subject205   3.4348   2.0894   0.0014   8.4189   2.4544   0.0000   0.0000 1130.1655   0.5190       ML
 msit_DDM_subject206   2.1713   1.2679   0.1099   5.1800   1.9489   0.0000   0.0000 1484.1375   0.3140       ML
 msit_DDM_subject207   2.3653   1.3771   0.1095   2.9926   1.1178   0.1817   0.0000 1795.4302   0.2260       ML
 msit_DDM_subject208   2.3785   1.6252   0.0749   2.3182   0.2276   0.4990   0.0000 2155.2203   0.2620       ML
 msit_DDM_subject209   3.3979   2.0501   0.0000   3.1681   0.9239   0.2632   0.0000 1781.1936   0.2340       ML
 msit_DDM_subject21   2.8371   1.3899   0.0257   2.6111   0.6116   0.5072   0.0000 2307.5361   0.3100       ML
 msit_DDM_subject210   4.0555   2.0735   0.0000   6.9653   2.1307   0.0000   0.0000 1339.4125   0.4060       ML
 msit_DDM_subject211   2.0077   1.2887   0.1135   2.3072   0.2543   0.2996   0.0000 2240.3262   0.2350       ML
 msit_DDM_subject212   3.4660   2.2916   0.0000  10.0000   3.0963   0.0604   0.0000 748.9786   0.3030       ML
 msit_DDM_subject213   2.0726   1.5388   0.1842   2.2019   0.6716   0.4559   0.0000 1666.6623   0.2340       ML
 msit_DDM_subject214   2.5309   1.0788   0.1122   3.0539   0.8585   0.2922   0.0000 2447.1839   0.2770       ML
 msit_DDM_subject215   1.9976   1.5303   0.1589   2.2406   0.6901   0.4532   0.0000 1661.7397   0.2340       ML
 msit_DDM_subject216   2.6173   1.5903   0.1208   2.2042   0.1436   0.3528   0.0000 2121.3062   0.3390       ML
 msit_DDM_subject217   2.7243   1.2910   0.0871   2.8315   0.7880   0.5014   0.0000 2405.0626   0.2240       ML
 msit_DDM_subject218   3.4169   1.8150   0.0000   2.2435  -0.0609   0.4105   0.0000 2202.2522   0.3010       ML
 msit_DDM_subject219   3.9303   2.1001   0.0000   2.3640   0.4088   0.2557   0.0000 2070.0854   0.2820       ML
 msit_DDM_subject22   2.8639   1.8911   0.0849   7.0962   2.4990   0.0000   0.0000 1021.7518   0.5300       ML
 msit_DDM_subject220   3.3574   2.0872   0.0365   3.2165   0.9881   0.2245   0.0000 1694.1405   0.2970       ML
 msit_DDM_subject221   2.5099   1.3067   0.1296   2.5534   0.5979   0.3125   0.0000 2335.1356   0.3150       ML
 msit_DDM_subject222   3.2449   2.0095   0.0000   2.3231   0.5235   0.2061   0.0000 1904.8546   0.2250       ML
 msit_DDM_subject223   2.4050   1.4943   0.1114   2.5795   0.9556   0.4203   0.0000 1739.8821   0.2510       ML
 msit_DDM_subject224   2.5469   1.7554   0.0839   4.5657   1.6250   0.0000   0.0000 1368.5078   0.3110       ML
 msit_DDM_subject225   3.0718   2.8849   0.2245   2.9590   1.7014   0.2071   0.0000 476.6332   0.2790       ML
 msit_DDM_subject226   2.9422   1.4267   0.0919   3.3483   0.9557   0.2368   0.0000 2181.1144   0.2680       ML
 msit_DDM_subject227   3.5628   1.9217   0.0000   2.6858   0.6842   0.3870   0.0000 2028.2714   0.3330       ML
 msit_DDM_subject228   4.6963   2.0519   0.0000   2.4960   0.0938   0.2644   0.0000 2455.5188   0.3030       ML
 msit_DDM_subject229   3.7568   2.0443   0.0000   2.3388   0.1530   0.3960   0.0000 2189.7867   0.2880       ML
 msit_DDM_subject23   3.5340   1.9594   0.0000   2.3420   0.3124   0.2786   0.0000 2158.2997   0.3040       ML
 msit_DDM_subject230   3.3421   2.2614   0.0811   2.2846   0.9748   0.4035   0.0000 1184.3081   0.2040       ML
 msit_DDM_subject231   2.4655   1.7707   0.1471   2.3206   0.4698   0.2308   0.0000 1878.7973   0.1920       ML
 msit_DDM_subject232   3.9104   1.9487   0.0000   2.4237   0.8732   0.3168   0.0000 1775.2406   0.2010       ML
 msit_DDM_subject233   3.1973   2.5992   0.1075   2.1781   0.3323   0.1794   0.0000 1549.7933   0.1990       ML
 msit_DDM_subject234   2.4010   1.1759   0.1131   3.1608   1.1436   0.2902   0.0000 2013.0228   0.1880       ML
 msit_DDM_subject235   1.9858   0.9439   0.1165   2.7675   0.6441   0.3410   0.0000 2470.9698   0.1840       ML
 msit_DDM_subject236   2.8217   1.8732   0.1240   6.5998   2.2326   0.0000   0.0000 1143.7438   0.2250       ML
 msit_DDM_subject237   3.2399   2.2317   0.0000   2.0554   0.1330   0.5882   0.0000 1663.7404   0.2330       ML
 msit_DDM_subject238   3.3722   2.3606   0.0021   7.9062   2.7062   0.0000   0.0000 783.9483   0.4080       ML
 msit_DDM_subject239   2.2796   1.9104   0.1280   1.7190   0.7695   0.3824   0.0000 1034.9387   0.1690       ML
 msit_DDM_subject24   3.5322   2.0899   0.0000   2.3674   0.5991   0.2722   0.0000 1812.1702   0.2200       ML
 msit_DDM_subject240   4.0211   1.9475   0.0000   2.7784   0.9767   0.2430   0.0000 1821.2985   0.2440       ML
 msit_DDM_subject241   2.3753   1.5392   0.1033   3.9277   1.5934   0.5208   0.0000 1417.1788   0.1850       ML
 msit_DDM_subject242   3.3341   1.9260   0.0000   2.2721   0.4307   0.5069   0.0000 2026.0818   0.1680       ML
 msit_DDM_subject243   4.0771   2.3453   0.0000   2.0514   0.0694   0.2823   0.0000 1804.1386   0.3530       ML
 msit_DDM_subject244   5.5278   2.8641   0.0000   2.2716  -0.3688   0.1644   0.0000 1813.6836   0.2280       ML
 msit_DDM_subject245   2.8396   1.4991   0.1057   2.3598   0.1847   0.2590   0.0000 2405.1292   0.1980       ML
 msit_DDM_subject246   4.0623   2.5198   0.0000   2.2927   0.3233   0.2428   0.0000 1881.9930   0.2260       ML
 msit_DDM_subject247   3.7233   2.2096   0.0000   2.9090   1.1541   0.3722   0.0000 1431.5848   0.2180       ML
 msit_DDM_subject248   1.6359   1.4192   0.2240   2.0256   0.0687   0.3325   0.0000 1699.3760   0.1830       ML
 msit_DDM_subject249   2.3620   1.4425   0.1460   2.7469   1.2933   0.3470   0.0000 1497.2463   0.1950       ML
 msit_DDM_subject25   2.4781   1.4990   0.1288   5.8755   2.1712   0.0000   0.0000 1317.4728   0.3230       ML
 msit_DDM_subject250   3.6132   2.1864   0.0052   2.0906   0.1326   0.4668   0.0000 1824.7417   0.2990       ML
 msit_DDM_subject251   3.4120   1.9790   0.0000   2.0966   0.4768   0.1708   0.0000 1812.8208   0.2410       ML
 msit_DDM_subject252   1.9489   1.7166   0.1750   2.0791   0.3992   0.2235   0.0000 1647.4110   0.1860       ML
 msit_DDM_subject253   8.7656   5.2225   0.0000   2.1183   0.3698   0.2238   0.0000 1053.3498   0.3350       ML
 msit_DDM_subject254   3.9745   1.9446   0.0000   2.4643   0.5391   0.3132   0.0000 2118.7406   0.1730       ML
 msit_DDM_subject255   4.4483   2.0776   0.0000   2.1740   0.3534   0.4455   0.0000 2103.5829   0.2500       ML
 msit_DDM_subject256   3.8468   2.3566   0.0000   2.4221   0.4028   0.4627   0.0000 1917.5179   0.2050       ML
 msit_DDM_subject257   2.2708   1.2728   0.1076   2.7268   0.8145   0.3109   0.0000 2098.1013   0.2090       ML
 msit_DDM_subject258   2.8429   1.3875   0.0774   6.2971   1.7780   0.0000   0.0000 1830.2465   0.5010       ML
 msit_DDM_subject259   3.3969   1.6459   0.0000   3.0894   0.7351   0.3816   0.0000 2276.8130   0.3380       ML
 msit_DDM_subject26   3.3845   2.2784   0.0002   2.2598   0.6222   0.5014   0.0000 1600.8540   0.1610       ML
 msit_DDM_subject260   2.7545   1.5106   0.0968   2.6949   0.6896   0.2321   0.0000 2178.2079   0.2060       ML
 msit_DDM_subject261   3.7449   1.6834   0.0607   2.4854   0.4332   0.3587   0.0000 2216.3311   0.3290       ML
 msit_DDM_subject262   3.3116   2.4898   0.0001   7.2449   3.0384   0.0000   0.0000 468.1645   0.2960       ML
 msit_DDM_subject263   3.7594   2.0309   0.0000   2.3219   0.2575   0.3844   0.0000 2115.4230   0.2210       ML
 msit_DDM_subject264   2.3133   1.8536   0.1276   1.5148   0.9813   0.8336   0.0000 782.0622   0.2140       ML
 msit_DDM_subject265   3.3628   1.9237   0.0000   2.5250  -0.1793   0.3422   0.0000 2307.6230   0.2700       ML
 msit_DDM_subject266   2.7684   2.0694   0.0229   1.5820   0.3513   0.9571   0.0000 1084.5256   0.2950       ML
 msit_DDM_subject267   1.8041   2.4229   0.1893   1.7196   1.0382   0.6803   0.0000 360.8533   0.1930       ML
 msit_DDM_subject268   3.9034   2.4689   0.0000   9.9991   3.9500   0.0182   0.0000 377.0339   0.2480       ML
 msit_DDM_subject269   2.0524   1.8948   0.1475   2.3445   0.6012   0.3598   0.0000 1554.9614   0.2210       ML
 msit_DDM_subject27   2.2352   1.2828   0.0915   2.8951   0.8720   0.1979   0.0000 2062.1885   0.1570       ML
 msit_DDM_subject270   1.9217   1.7768   0.1225   2.1821   0.4859   0.4611   0.0000 1589.9302   0.1910       ML
 msit_DDM_subject271   3.4027   2.2666   0.0000   2.2226   0.7069   0.4806   0.0000 1490.0205   0.1770       ML
 msit_DDM_subject272   2.4842   2.0113   0.2178   8.4191   4.0575   0.0000   0.0000 229.3876   0.2440       ML
 msit_DDM_subject273   2.2854   1.6987   0.0820   3.3016   1.0162   0.1992   0.0000 1700.6079   0.1820       ML
 msit_DDM_subject274   3.8168   2.0311   0.0002   6.7702   2.2171   0.0000   0.0000 1265.9015   0.2270       ML
 msit_DDM_subject275   3.7615   2.1117   0.0000   2.4003   0.2118   0.3619   0.0000 2169.8430   0.1990       ML
 msit_DDM_subject276   2.3705   1.6480   0.0733   2.1634   0.5415   0.5232   0.0000 1773.7878   0.1750       ML
 msit_DDM_subject277   3.2228   2.4850   0.0187   2.2524   0.3625   0.3812   0.0000 1585.0252   0.3460       ML
 msit_DDM_subject278   4.0285   2.2368   0.0000   2.0845   0.5626   0.2959   0.0000 1623.7186   0.3020       ML
 msit_DDM_subject279   3.2350   1.9238   0.0000   2.1957   0.3731   0.3513   0.0000 1923.7629   0.1940       ML
 msit_DDM_subject28   3.8193   2.2918   0.0000   5.7169   2.2178   0.0001   0.0000 975.3958   0.3030       ML
 msit_DDM_subject280   3.2604   1.5479   0.0727   2.6431   0.6270   0.2110   0.0000 2275.1573   0.1620       ML
 msit_DDM_subject281   2.0019   1.5042   0.1027   2.8000   1.1827   0.5223   0.0000 1434.9814   0.1990       ML
 msit_DDM_subject282   2.5546   1.4861   0.1154   5.1846   1.9389   0.0000   0.0000 1431.2487   0.2900       ML
 msit_DDM_subject283   2.4577   1.5237   0.0868   2.6635   0.8022   0.4211   0.0000 1925.7451   0.1820       ML
 msit_DDM_subject284   2.3485   1.2297   0.1212   6.4868   2.1021   0.0000   0.0000 1622.2589   0.3100       ML
 msit_DDM_subject285   2.2815   1.3470   0.0908   8.5958   2.5239   0.0000   0.0000 1381.4647   0.2650       ML
 msit_DDM_subject286   2.4133   1.5956   0.0962   2.0955   0.6581   0.3874   0.0000 1709.2137   0.1840       ML
 msit_DDM_subject287   2.6957   1.0146   0.1383   2.6475   0.2876   0.2661   0.0000 3000.7463   0.2240       ML
 msit_DDM_subject288   2.5126   1.4041   0.1132   2.3993   0.5687   0.2093   0.0000 2134.3167   0.1620       ML
 msit_DDM_subject289   3.6904   2.1475   0.0000   2.6037   0.7550   0.2665   0.0000 1761.2473   0.2540       ML
 msit_DDM_subject29   2.4538   1.3463   0.1618   2.3026   0.5447   0.2227   0.0000 2209.8311   0.2080       ML
 msit_DDM_subject290   5.0026   3.7571   0.0000   2.0364   0.2336   0.3998   0.0000 1163.8307   0.2380       ML
 msit_DDM_subject291   3.6690   2.4051   0.0000   2.0551   0.0236   0.3782   0.0000 1679.0960   0.2580       ML
 msit_DDM_subject292   2.0572   2.1327   0.1781   1.7029  -0.5894   0.5454   0.0000 931.1329   0.2760       ML
 msit_DDM_subject293   2.7281   1.9222   0.0931   3.4429   1.5733   0.2631   0.0000 1153.8830   0.2070       ML
 msit_DDM_subject294   2.5215   1.8727   0.1042   2.4145  -0.0150   0.2983   0.0000 2087.3457   0.2020       ML
 msit_DDM_subject295   2.2167   1.6242   0.1768   2.3100   0.1613   0.2285   0.0000 2050.9339   0.1880       ML
 msit_DDM_subject296   1.9579   1.8687   0.1575   6.9204   2.9387   0.0000   0.0000 526.2467   0.2900       ML
 msit_DDM_subject297   3.9117   1.8787   0.0000   3.1517   1.1686   0.4874   0.0000 1740.5503   0.2000       ML
 msit_DDM_subject298   3.0639   2.6309   0.1019   3.1881   1.6455   0.3347   0.0000 700.5655   0.2090       ML
 msit_DDM_subject299   3.4334   1.9204   0.0000   2.3572  -0.1060   0.3188   0.0000 2248.0560   0.2150       ML
 msit_DDM_subject3   2.8100   1.6048   0.0862   2.4996   0.3882   0.3625   0.0000 2272.4647   0.1670       ML
 msit_DDM_subject30   2.5583   1.8427   0.1496   6.0536   2.1638   0.0000   0.0000 1088.4840   0.3380       ML
 msit_DDM_subject300   1.8482   1.2044   0.1460   2.3459   1.0748   0.2363   0.0000 1566.9050   0.1660       ML
 msit_DDM_subject301   2.1270   1.5013   0.2062   2.0082   0.2295   0.1967   0.0000 1870.4874   0.2010       ML
 msit_DDM_subject302   3.3672   2.3179   0.0009   7.3440   2.7587   0.0000   0.0000 730.7813   0.2460       ML
 msit_DDM_subject303   1.6199   2.0460   0.1714   2.2078   1.4696   0.4402   0.0000 451.8994   0.2170       ML
 msit_DDM_subject304   3.6789   2.0165   0.0000   2.3926   0.5885   0.3726   0.0000 1918.9781   0.1970       ML
 msit_DDM_subject305   2.3480   1.5171   0.1140   2.4955   0.8005   0.3274   0.0000 1824.5197   0.2050       ML
 msit_DDM_subject306   3.9534   1.8885   0.0000   2.2478   0.2851   0.4112   0.0000 2186.9836   0.2370       ML
 msit_DDM_subject307   4.5129   3.0913   0.0000   2.5664   1.2603   0.1407   0.0000 892.5779   0.2400       ML
 msit_DDM_subject308   3.5848   1.8553   0.0000   2.5802   0.7450   0.2635   0.0000 1970.4858   0.2070       ML
 msit_DDM_subject309   2.7772   1.2968   0.1223   3.0713   1.2597   0.0892   0.0000 1886.8382   0.1620       ML
 msit_DDM_subject31   3.2643   1.7881   0.1059   2.8587   0.8745   0.3155   0.0000 1924.0550   0.1860       ML
 msit_DDM_subject310   2.2816   1.2928   0.1217   2.3985   0.0965   0.4517   0.0000 2463.4624   0.2010       ML
 msit_DDM_subject311   2.7419   2.1422   0.0495   2.9375   1.0882   0.5197   0.0000 1300.7726   0.2080       ML
 msit_DDM_subject312   3.5873   2.8270   0.0000   3.8434   1.8776   0.3833   0.0000 643.9362   0.2980       ML
 msit_DDM_subject313   2.8387   1.9522   0.1463   2.0987   0.1712   0.3306   0.0000 1848.1252   0.2170       ML
 msit_DDM_subject314   2.4787   1.6806   0.0895   2.0267   0.2091   0.5586   0.0000 1834.3863   0.2440       ML
 msit_DDM_subject315   3.6669   1.9088   0.0000   2.7580   0.4147   0.3552   0.0000 2378.5220   0.1950       ML
 msit_DDM_subject316   2.6516   1.3171   0.1168   2.3832   0.2165   0.3181   0.0000 2537.0926   0.2090       ML
 msit_DDM_subject317   3.8625   2.1216   0.0000   4.9553   1.8235   0.0000   0.0000 1286.6441   0.3390       ML
 msit_DDM_subject318   2.4088   1.2784   0.1731   2.3087   0.1594   0.3235   0.0000 2482.6052   0.2140       ML
 msit_DDM_subject319   3.6151   2.0318   0.0000   2.0831  -0.1833   0.5103   0.0000 1947.3752   0.1920       ML
 msit_DDM_subject32   2.1917   1.4888   0.1107   2.6400   0.6944   0.5411   0.0000 1983.9620   0.2070       ML
 msit_DDM_subject320   2.5603   1.2783   0.1512   2.3202   0.4046   0.5584   0.0000 2392.3792   0.1870       ML
 msit_DDM_subject321   2.6758   1.5190   0.0885   2.2429  -0.0723   0.3293   0.0000 2264.4800   0.1910       ML
 msit_DDM_subject322   1.8360   1.5901   0.1352   1.7913   0.2923   0.7088   0.0000 1390.3356   0.2160       ML
 msit_DDM_subject323   3.0047   1.5667   0.1219   3.6810   1.2649   0.2324   0.0000 1819.4279   0.1970       ML
 msit_DDM_subject324   4.2279   2.0042   0.0000   6.6355   2.0613   0.0000   0.0000 1429.1502   0.2550       ML
 msit_DDM_subject325   2.4199   1.3931   0.1025   3.4821   1.0873   0.2274   0.0000 1950.1355   0.1840       ML
 msit_DDM_subject326   2.5197   2.1627   0.1761   1.6629   0.5972   0.4575   0.0000 968.5274   0.2080       ML
 msit_DDM_subject327   4.6663   2.4181   0.0000   2.8526   1.1261   0.2699   0.0000 1450.0135   0.2440       ML
 msit_DDM_subject328   4.5737   2.2514   0.0000   2.3163   0.0021   0.1938   0.0000 2208.7718   0.2740       ML
 msit_DDM_subject329   3.5878   2.5539   0.0002   5.0088   1.9413   0.0000   0.0000 904.1160   0.2230       ML
 msit_DDM_subject33   3.2169   1.9262   0.0000   3.3049   1.1553   0.2631   0.0000 1612.5215   0.1920       ML
 msit_DDM_subject330   3.5811   1.8570   0.0000   2.7880   0.6157   0.2867   0.0000 2200.1371   0.1610       ML
 msit_DDM_subject331   2.3249   1.3030   0.1229   2.6996   0.8260   0.2868   0.0000 2069.4528   0.1830       ML
 msit_DDM_subject332   4.2679   2.7997   0.0000   1.6798   0.1484   0.6223   0.0000 1199.0417   0.2570       ML
 msit_DDM_subject333   3.4484   2.2348   0.0000   4.1382   1.1555   0.2704   0.0000 1616.8732   0.2470       ML
 msit_DDM_subject334   2.2954   2.9537   0.3377   2.0327   0.5387   0.1776   0.0000 898.1017   0.2340       ML
 msit_DDM_subject335   2.2377   1.8505   0.1028   2.1550   0.7627   0.4189   0.0000 1427.6790   0.2030       ML
 msit_DDM_subject336   2.6565   1.2772   0.1238   7.4299   2.2347   0.0000   0.0000 1650.3449   0.2530       ML
 msit_DDM_subject337   2.4079   1.5121   0.1147   2.4698   0.9987   0.3058   0.0000 1663.3489   0.1850       ML
 msit_DDM_subject338   2.0289   1.5991   0.1821   2.4360   0.7150   0.2540   0.0000 1686.1499   0.1930       ML
 msit_DDM_subject339   3.7616   2.1890   0.0000   2.4836   0.5961   0.3206   0.0000 1884.5360   0.2020       ML
 msit_DDM_subject34   3.4140   2.3706   0.0000   2.1342  -0.1175   0.4834   0.0000 1744.1829   0.2810       ML
 msit_DDM_subject340   2.7703   1.6717   0.1038   2.4961   0.5914   0.2648   0.0000 2056.1640   0.1750       ML
 msit_DDM_subject341   2.4288   1.1779   0.0779   2.7786   0.5238   0.3442   0.0000 2599.8304   0.1650       ML
 msit_DDM_subject342   3.2331   2.2350   0.0003   2.1636   0.5539   0.4811   0.0000 1605.5123   0.2780       ML
 msit_DDM_subject343   2.2137   1.1912   0.1467   2.5669   0.1383   0.1658   0.0000 2638.2134   0.1460       ML
 msit_DDM_subject344   4.0514   2.3849   0.0002   8.0568   2.4062   0.0003   0.0000 1058.0216   0.4890       ML
 msit_DDM_subject345   1.7696   2.0350   0.1649   7.5934   3.5664   0.0000   0.0000 116.7834   0.4070       ML
 msit_DDM_subject346   4.4689   2.7492   0.0000   2.9458   1.2727   0.2177   0.0000 1137.8828   0.2070       ML
 msit_DDM_subject347   3.7868   2.0953   0.0091   3.2913   1.1444   0.3530   0.0000 1625.0579   0.2150       ML
 msit_DDM_subject348   3.2243   2.1601   0.0000   2.5753   0.8665   0.3151   0.0000 1543.7582   0.2280       ML
 msit_DDM_subject349   3.4296   1.9288   0.0000   2.3663   0.3113   0.4388   0.0000 2125.3620   0.2890       ML
 msit_DDM_subject35   2.5881   1.4551   0.0617   2.5282   0.4632   0.4960   0.0000 2301.0782   0.2570       ML
 msit_DDM_subject350   2.2151   1.4033   0.1256   2.6636   0.8573   0.3299   0.0000 1886.7472   0.2040       ML
 msit_DDM_subject351   2.4802   1.4759   0.1415   2.4902   1.1902   0.4200   0.0000 1475.2068   0.2510       ML
 msit_DDM_subject352   2.5047   1.4174   0.0776   4.1937   1.2220   0.3109   0.0000 1932.8369   0.2210       ML
 msit_DDM_subject353   2.6295   1.4959   0.1925   2.1123   0.6868   0.4092   0.0000 1815.9095   0.2010       ML
 msit_DDM_subject354   1.7493   2.2242   0.2462   1.5707   1.2930   0.5470   0.0000 134.3004   0.2250       ML
 msit_DDM_subject355   3.5685   1.9684   0.0000   6.9652   2.3414   0.0000   0.0000 1183.7245   0.2280       ML
 msit_DDM_subject356   2.4133   1.2183   0.1092   2.6607   0.6939   0.2387   0.0000 2250.1326   0.3840       ML
 msit_DDM_subject357   4.6064   3.1143   0.0236   1.6881   0.0637   0.3435   0.0000 1029.8721   0.3040       ML
 msit_DDM_subject358   1.7290   1.3641   0.1482   1.8392   0.4982   0.5291   0.0000 1458.9572   0.1940       ML
 msit_DDM_subject359   2.5872   1.4120   0.0770   2.5676   0.7007   0.3305   0.0000 2106.2730   0.2170       ML
 msit_DDM_subject36   4.1796   2.0407   0.0000   5.8214   2.1259   0.0000   0.0000 1286.7103   0.2860       ML
 msit_DDM_subject360   4.4756   3.2147   0.0000   1.9540   0.7994   0.4074   0.0000 964.5326   0.2310       ML
 msit_DDM_subject361   2.0367   1.4513   0.1271   2.0940   0.9145   0.4608   0.0000 1462.9504   0.1810       ML
 msit_DDM_subject362   2.4595   1.6958   0.0755   2.4668   0.6562   0.2693   0.0000 1773.7266   0.2680       ML
 msit_DDM_subject363   2.2326   1.5509   0.1067   2.2268   0.6008   0.5425   0.0000 1837.2993   0.1860       ML
 msit_DDM_subject364   2.4337   1.1320   0.1404   2.7787   0.5451   0.3228   0.0000 2625.8433   0.2050       ML
 msit_DDM_subject365   2.5847   1.4570   0.1874   2.2379   0.2874   0.2004   0.0000 2205.4254   0.1900       ML
 msit_DDM_subject366   2.3924   1.7616   0.0941   2.1679   0.1597   0.3303   0.0000 1903.9221   0.1840       ML
 msit_DDM_subject367   3.5563   2.4088   0.0000   2.6928   0.6226   0.2875   0.0000 1744.1147   0.2700       ML
 msit_DDM_subject368   3.9048   1.8624   0.0114   6.6923   2.2248   0.0000   0.0000 1376.5766   0.2340       ML
 msit_DDM_subject369   1.9814   1.0115   0.1322   4.4147   1.3801   0.2844   0.0000 1996.5732   0.2590       ML
 msit_DDM_subject37   3.8090   1.7853   0.1040   5.0267   1.9280   0.0000   0.0000 1451.7233   0.2130       ML
 msit_DDM_subject370   3.3528   2.2908   0.0000   2.2622   0.5288   0.3203   0.0000 1645.3055   0.2020       ML
 msit_DDM_subject371   4.3351   2.3313   0.0000   2.1642  -0.0419   0.5114   0.0000 1987.0037   0.2210       ML
 msit_DDM_subject372   2.6448   2.4030   0.2173   2.1804   0.7838   0.1679   0.0000 1201.0935   0.2860       ML
 msit_DDM_subject373   2.4160   1.2766   0.1038   2.8451   0.4079   0.3291   0.0000 2647.1821   0.2220       ML
 msit_DDM_subject374   3.7070   4.2363   0.1543   6.3332   5.2715   0.4414   0.0000 -1017.3973   0.6460       ML
 msit_DDM_subject375   3.1213   1.9102   0.0000   2.5162   0.6579   0.3829   0.0000 1862.1555   0.2770       ML
 msit_DDM_subject376   2.7472   1.3895   0.0950   2.5098   0.1546   0.3805   0.0000 2614.0164   0.2070       ML
 msit_DDM_subject377   3.9788   1.7133   0.0000   2.8220   0.7557   0.2311   0.0000 2263.8340   0.2070       ML
 msit_DDM_subject378   2.4058   1.2852   0.1684   2.1204   0.4493   0.3446   0.0000 2152.1801   0.3120       ML
 msit_DDM_subject379   2.6152   1.5583   0.0971   8.3049   2.1187   0.0000   0.0000 1535.2868   0.4150       ML
 msit_DDM_subject38   3.9256   2.3241   0.0000   2.9146   0.9346   0.2017   0.0000 1635.8337   0.3160       ML
 msit_DDM_subject380   4.6832   2.3661   0.0000   2.2696   0.5215   0.1682   0.0000 1881.4320   0.4840       ML
 msit_DDM_subject381   2.4774   1.5916   0.1043   2.3124   0.3746   0.3295   0.0000 2066.9568   0.3150       ML
 msit_DDM_subject382   2.3103   1.5704   0.0938   3.2311   0.8627   0.3118   0.0000 1956.0789   0.2990       ML
 msit_DDM_subject383   9.9519   8.0484   0.0000   1.9132   0.4140   0.4135   0.0000 234.0651   0.5190       ML
 msit_DDM_subject384   3.0919   2.1263   0.0000   7.3157   2.3580   0.0000   0.0000 997.1597   0.3850       ML
 msit_DDM_subject385   4.3936   2.0504   0.0000   2.6943   0.4812   0.3645   0.0000 2263.9367   0.4950       ML
 msit_DDM_subject386   2.5108   1.6124   0.1520   2.1846   0.4797   0.1633   0.0000 1958.3933   0.2620       ML
 msit_DDM_subject387   2.3070   1.4420   0.1342   2.2766   0.3771   0.3871   0.0000 2134.0059   0.2910       ML
 msit_DDM_subject388   3.2929   1.8701   0.0000   7.5623   2.2965   0.0000   0.0000 1270.9299   0.3120       ML
 msit_DDM_subject389   2.6769   1.5180   0.0690   2.5266   0.3600   0.3007   0.0000 2387.3133   0.3560       ML
 msit_DDM_subject39   4.0990   2.6332   0.0000   8.0970   2.7890   0.0000   0.0000 717.0422   1.0830       ML
 msit_DDM_subject390   3.8673   2.0263   0.0848   2.3155   0.7348   0.1726   0.0000 1804.4479   0.4870       ML
 msit_DDM_subject391   3.9216   2.4195   0.0000   3.0408   1.1122   0.2914   0.0000 1417.2828   0.6210       ML
 msit_DDM_subject392   3.9793   1.7786   0.0000   2.9697   0.5219   0.2883   0.0000 2492.3139   0.4750       ML
 msit_DDM_subject393   3.4589   1.8083   0.0392   2.5634   0.7129   0.2400   0.0000 1989.0870   0.4480       ML
 msit_DDM_subject394   2.3299   1.1012   0.0996   2.9171   0.7597   0.3390   0.0000 2441.0259   0.3820       ML
 msit_DDM_subject395   2.4361   1.7922   0.0906   2.1893   0.1274   0.4176   0.0000 1939.4224   0.4260       ML
 msit_DDM_subject396   3.7850   1.8381   0.0000   8.4441   2.4447   0.0000   0.0000 1376.5691   0.5230       ML
 msit_DDM_subject397   2.7725   1.2222   0.0938   2.8376   0.5582   0.3557   0.0000 2671.8448   0.4730       ML
 msit_DDM_subject398   2.9611   2.0122   0.0938   2.2041   0.7865   0.3038   0.0000 1438.2985   0.3360       ML
 msit_DDM_subject399   4.0181   2.2366   0.0000   3.0481   1.2133   0.3272   0.0000 1452.1837   0.2370       ML
 msit_DDM_subject4   3.6891   2.1736   0.0000   2.2152  -0.2195   0.2846   0.0000 1972.6001   0.2830       ML
 msit_DDM_subject40   2.2577   1.1983   0.1420   2.8381   1.2277   0.2057   0.0000 1791.4333   0.2470       ML
 msit_DDM_subject400   2.3949   1.4386   0.1037   3.7215   1.3734   0.4410   0.0000 1669.0956   0.2920       ML
 msit_DDM_subject401   4.6135   2.6999   0.0000   6.6459   2.7080   0.0000   0.0000 699.1478   0.4160       ML
 msit_DDM_subject402   4.2993   3.8515   0.0000   1.9883   0.4319   0.5081   0.0000 911.0923   0.3490       ML
 msit_DDM_subject403   2.8284   2.0354   0.0955   2.5887   0.7908   0.1727   0.0000 1632.5486   0.2470       ML
 msit_DDM_subject404   3.1854   2.0175   0.0000   7.4137   2.1699   0.0000   0.0000 1213.1347   0.4660       ML
 msit_DDM_subject405   3.1199   1.5329   0.0414   2.5343   0.1024   0.3068   0.0000 2571.8563   0.2760       ML
 msit_DDM_subject406   2.5378   1.5176   0.1292   3.0146   0.9885   0.4187   0.0000 1884.5017   0.1970       ML
 msit_DDM_subject407   2.2622   1.4861   0.1287   2.3056   0.2428   0.3193   0.0000 2192.8075   0.2280       ML
 msit_DDM_subject408   2.5434   1.5161   0.1066   6.7801   2.4403   0.0000   0.0000 1238.4268   0.3450       ML
 msit_DDM_subject409   2.3412   1.7641   0.0846   6.6037   2.4608   0.0000   0.0000 955.6388   0.4030       ML
 msit_DDM_subject41   3.6923   2.5879   0.0000   1.9800   0.0867   0.3674   0.0000 1544.8237   0.2490       ML
 msit_DDM_subject410   3.6488   2.5220   0.0000   2.4897   0.6568   0.3938   0.0000 1581.0666   0.3170       ML
 msit_DDM_subject411   2.7522   1.3993   0.1665   2.5161   0.6748   0.2626   0.0000 2177.9307   0.1910       ML
 msit_DDM_subject412   2.0338   1.4332   0.1076   2.4531   0.7164   0.4652   0.0000 1862.5132   0.2050       ML
 msit_DDM_subject413   1.9888   1.2981   0.1324   2.1378   0.4562   0.4121   0.0000 1995.9772   0.2090       ML
 msit_DDM_subject414   3.6224   2.0259   0.0000   2.6207   0.7483   0.2003   0.0000 1842.3081   0.2350       ML
 msit_DDM_subject415   2.5500   1.5142   0.0823   2.6207   1.0424   0.3195   0.0000 1697.8381   0.1980       ML
 msit_DDM_subject416   2.6557   1.0425   0.1295   7.4602   2.0878   0.0000   0.0000 1991.0615   0.2430       ML
 msit_DDM_subject417   6.9785   5.5364   0.0000   1.8264   0.7105   0.4449   0.0000 395.0389   0.4230       ML
 msit_DDM_subject418   4.4352   2.6872   0.0000   2.1894   0.7434   0.4671   0.0000 1361.6405   0.2990       ML
 msit_DDM_subject419   2.8136   1.8585   0.0441   3.0409   1.4856   0.5271   0.0000 1191.3375   0.1820       ML
 msit_DDM_subject42   4.3122   1.9071   0.0000   2.4463   0.2610   0.3045   0.0000 2398.6923   0.2340       ML
 msit_DDM_subject420   1.6575   1.4599   0.1631   0.8647   0.2561   1.1469   0.0000 -19.5325   0.2340       ML
 msit_DDM_subject421   3.0908   1.4527   0.0494   5.6706   1.4835   0.0000   0.0000 2014.3602   0.2160       ML
 msit_DDM_subject422   3.5995   1.7129   0.0000   6.7410   1.7576   0.0000   0.0000 1773.1031   0.2390       ML
 msit_DDM_subject423   2.6655   1.4823   0.1058   2.3346   0.2885   0.1716   0.0000 2335.1308   0.1570       ML
 msit_DDM_subject424   2.1532   1.0858   0.1510   2.2989   0.3227   0.3320   0.0000 2492.2031   0.2120       ML
 msit_DDM_subject425   4.2353   2.1968   0.0000   2.5527   0.7537   0.3083   0.0000 1822.8755   0.2130       ML
 msit_DDM_subject426   2.2487   1.5300   0.1009   6.7880   2.3122   0.0000   0.0000 1206.8989   0.2370       ML
 msit_DDM_subject427   2.9392   2.2942   0.0172   8.3236   3.0673   0.0000   0.0000 556.2373   0.2420       ML
 msit_DDM_subject428   2.3284   1.5054   0.1037   2.3798   0.3988   0.3168   0.0000 2134.4825   0.1970       ML
 msit_DDM_subject429   4.1256   1.9027   0.0000   2.6014   0.6568   0.3224   0.0000 2155.1079   0.1820       ML
 msit_DDM_subject43   2.8998   2.0574   0.0108   2.7636   0.9800   0.4102   0.0000 1452.8635   0.1690       ML
 msit_DDM_subject430   3.4047   2.1090   0.0000   2.2840   0.1640   0.4224   0.0000 2027.7600   0.1900       ML
 msit_DDM_subject431   4.5933   2.6465   0.0000   1.8059   0.2967   0.4601   0.0000 1362.6499   0.2430       ML
 msit_DDM_subject432   5.4389   3.0802   0.0000   2.6005   0.8355   0.3016   0.0000 1406.8164   0.2370       ML
 msit_DDM_subject433   2.1016   1.1460   0.1200   3.4602   1.2141   0.4293   0.0000 1927.4334   0.1880       ML
 msit_DDM_subject434   2.2890   2.5318   0.1934   5.5325   2.5126   0.0000   0.0000 325.1773   0.2850       ML
 msit_DDM_subject435   1.7878   3.0193   0.2845   1.3811   1.2329   0.7698   0.0000 -368.8927   0.2530       ML
 msit_DDM_subject436   1.7909   1.4062   0.2914   2.0081   0.2101   0.3249   0.0000 1768.1181   0.2530       ML
 msit_DDM_subject437   3.4324   1.7834   0.0487   2.6168   0.6221   0.1505   0.0000 2166.1365   0.2060       ML
 msit_DDM_subject438   2.0009   2.1173   0.1096   7.5408   2.9784   0.0000   0.0000 414.3121   0.3700       ML
 msit_DDM_subject439   2.0069   1.5219   0.1249   2.2166   0.7074   0.5685   0.0000 1599.7078   0.1770       ML
 msit_DDM_subject44   2.0329   1.3369   0.1307   2.2899   0.2893   0.4960   0.0000 2112.5362   0.2370       ML
 msit_DDM_subject440   4.5754   2.8655   0.0000   2.9658   1.3870   0.2103   0.0000 994.4942   0.2220       ML
 msit_DDM_subject441   3.6231   2.5473   0.0000   1.9127   0.1969   0.4857   0.0000 1452.6894   0.1990       ML
 msit_DDM_subject442   4.0787   2.3577   0.0000   3.2136   1.3597   0.2351   0.0000 1278.2686   0.2650       ML
 msit_DDM_subject443   3.2888   1.7369   0.0000   2.4544   0.4137   0.4604   0.0000 2282.0925   0.1670       ML
 msit_DDM_subject444  10.0000   9.9185   0.0308   9.9717   4.5333   0.1167   0.0000 -1320.1361   0.3320       ML
 msit_DDM_subject445   2.7785   1.5386   0.1201   2.4831   0.6381   0.2935   0.0000 2126.7341   0.1620       ML
 msit_DDM_subject446   2.1247   1.2580   0.1352   2.5059   0.6344   0.2381   0.0000 2151.9800   0.1830       ML
 msit_DDM_subject447   1.5718   1.7433   0.1917   1.8830  -0.4522   0.5488   0.0000 1135.4057   0.1830       ML
 msit_DDM_subject448   4.4721   2.9387   0.0000   2.2880   1.0088   0.1529   0.0000 1095.4767   0.5070       ML
 msit_DDM_subject449   2.7342   1.6560   0.1603   2.1944   0.4347   0.3648   0.0000 1994.0679   0.2130       ML
 msit_DDM_subject45   5.1421   4.1032   0.0000   1.8528   0.3462   0.2757   0.0000 835.7630   0.2190       ML
 msit_DDM_subject450   3.6383   1.7913   0.0000   2.8205   0.7343   0.2748   0.0000 2123.9965   0.1900       ML
 msit_DDM_subject451   1.6602   1.9328   0.1680   1.7234   0.1810   0.2875   0.0000 1078.4912   0.1900       ML
 msit_DDM_subject452   4.0723   2.1860   0.0003   6.2802   2.1022   0.0000   0.0000 1215.0881   0.2410       ML
 msit_DDM_subject453   4.0423   2.0234   0.0000   2.1110   0.2110   0.4872   0.0000 2050.3486   0.2030       ML
 msit_DDM_subject454   2.3523   1.5767   0.1035   2.8408   1.5484   0.5574   0.0000 1190.6423   0.1950       ML
 msit_DDM_subject455   2.8207   1.7614   0.0229   2.3373   0.6661   0.3878   0.0000 1817.0341   0.1920       ML
 msit_DDM_subject456   2.6470   1.6368   0.0661   2.6477   0.8497   0.3026   0.0000 1823.5321   0.1780       ML
 msit_DDM_subject457   1.9579   1.9944   0.1515   2.0926   0.9630   0.5301   0.0000 962.3793   0.2180       ML
 msit_DDM_subject458   3.9931   2.4421   0.0000   2.5602   1.2099   0.3163   0.0000 1171.2902   0.2120       ML
 msit_DDM_subject459   2.0173   1.4139   0.1683   2.2195   0.9091   0.3475   0.0000 1510.5529   0.1970       ML
 msit_DDM_subject46   6.0794   3.8456   0.0000   2.3056   0.6746   0.1833   0.0000 1184.6682   0.1950       ML
 msit_DDM_subject460   2.5080   1.6620   0.1875   7.2921   2.2526   0.0000   0.0000 1259.9759   0.5050       ML
 msit_DDM_subject461   3.2933   2.0212   0.0000   2.2620  -0.2438   0.3491   0.0000 1999.4645   0.2220       ML
 msit_DDM_subject462   2.2910   1.4827   0.1275   2.0081   0.2351   0.2110   0.0000 1923.9018   0.1900       ML
 msit_DDM_subject463   2.2015   1.3845   0.1350   2.2794   0.3535   0.2249   0.0000 2196.8627   0.2290       ML
 msit_DDM_subject464   2.2737   1.4984   0.0875   2.2257  -0.2644   0.6019   0.0000 2099.2311   0.2030       ML
 msit_DDM_subject465   3.9577   2.2964   0.0000   2.9712   1.1855   0.2678   0.0000 1405.1112   0.2740       ML
 msit_DDM_subject466   2.5995   2.0115   0.0828   2.1468   0.5231   0.2810   0.0000 1583.3893   0.1780       ML
 msit_DDM_subject467   2.2146   1.5070   0.1396   2.1348   0.2819   0.3294   0.0000 1978.0939   0.1820       ML
 msit_DDM_subject468   4.8063   2.7408   0.0000   2.7808   0.9913   0.3966   0.0000 1423.2629   0.1870       ML
 msit_DDM_subject469   4.1287   2.9308   0.0000   2.3114   0.1260   0.2124   0.0000 1686.6382   0.2680       ML
 msit_DDM_subject47   2.5913   1.1086   0.1067   2.4644   0.4004   0.3597   0.0000 2676.5833   0.1590       ML
 msit_DDM_subject470   2.9828   1.8570   0.1183   5.9947   2.2856   0.0000   0.0000 1103.7424   0.4720       ML
 msit_DDM_subject471   1.9081   1.6754   0.1536   1.9636   0.4502   0.4057   0.0000 1521.5148   0.1600       ML
 msit_DDM_subject472   3.5680   2.2132   0.0000   2.2459   0.5002   0.3604   0.0000 1767.8198   0.1940       ML
 msit_DDM_subject473   1.9065   2.8902   0.1733   3.7608   2.5423   0.3964   0.0000 -215.2152   0.1900       ML
 msit_DDM_subject474   3.5068   1.8652   0.0000   2.9556   0.8820   0.2578   0.0000 1939.7473   0.2280       ML
 msit_DDM_subject475   2.9117   1.4489   0.0627   2.5065   0.3140   0.3243   0.0000 2500.8619   0.2080       ML
 msit_DDM_subject476   2.5112   1.4749   0.0716   2.6514   0.8085   0.3660   0.0000 1995.7972   0.2100       ML
 msit_DDM_subject477   2.4472   2.0303   0.1979   2.3240   0.7090   0.2357   0.0000 1509.5823   0.2200       ML
 msit_DDM_subject478   2.7542   1.9544   0.1208   3.4222   1.4768   0.3031   0.0000 1212.4598   0.2000       ML
 msit_DDM_subject479   3.0038   1.7443   0.0454   2.3400  -0.1504   0.3155   0.0000 2258.9942   0.2220       ML
 msit_DDM_subject48   3.1399   1.2521   0.1060   6.9288   1.8392   0.0000   0.0000 2040.4224   0.2490       ML
 msit_DDM_subject480   3.2916   1.8876   0.0053   2.4943   0.2194   0.2911   0.0000 2251.3346   0.1950       ML
 msit_DDM_subject481   1.7560   1.6830   0.1199   2.1572   0.5099   0.6168   0.0000 1534.3978   0.1770       ML
 msit_DDM_subject482   5.1038   2.4566   0.0000   2.3026   0.1846   0.2097   0.0000 2092.6666   0.2250       ML
 msit_DDM_subject483   4.0408   1.9536   0.0000   2.5339   0.3820   0.2025   0.0000 2320.7156   0.1810       ML
 msit_DDM_subject484   2.6844   1.7904   0.0988   2.6899   1.0536   0.4040   0.0000 1493.3279   0.2280       ML
 msit_DDM_subject485   2.9400   2.2705   0.0906   6.8888   2.3357   0.0000   0.0000 872.7033   0.3100       ML
 msit_DDM_subject486   4.9987   2.9395   0.0000   1.9465   0.4851   0.4710   0.0000 1365.0200   0.1820       ML
 msit_DDM_subject487   2.6746   1.5234   0.1174   2.3698   0.1555   0.3057   0.0000 2407.7800   0.2180       ML
 msit_DDM_subject488   3.5310   2.2276   0.0000   2.1666   0.5601   0.3584   0.0000 1649.0613   0.1720       ML
 msit_DDM_subject489   3.6656   2.6692   0.0000   2.2068   0.7993   0.5668   0.0000 1228.2537   0.2290       ML
 msit_DDM_subject49   3.0037   1.5445   0.0121   8.0057   2.1541   0.0000   0.0000 1592.8034   0.3250       ML
 msit_DDM_subject490   5.0809   3.4139   0.0000   2.1513   0.1258   0.3399   0.0000 1539.1589   0.2170       ML
 msit_DDM_subject491   2.5648   1.4598   0.0749   8.0767   2.4667   0.0000   0.0000 1373.8351   0.2390       ML
 msit_DDM_subject492   2.3508   1.7299   0.0767   2.3365   0.9665   0.4407   0.0000 1398.9033   0.2190       ML
 msit_DDM_subject493   2.5340   2.1196   0.0836   2.2288   0.3680   0.2834   0.0000 1696.8515   0.2450       ML
 msit_DDM_subject494   3.8237   1.9371   0.0000   2.8099   0.9350   0.2223   0.0000 1819.2994   0.2240       ML
 msit_DDM_subject495   3.5515   1.7273   0.0000   4.8840   1.6238   0.2897   0.0000 1661.7476   0.3370       ML
 msit_DDM_subject496   1.9603   1.4612   0.1010   2.1264   0.5018   0.6398   0.0000 1722.6509   0.1840       ML
 msit_DDM_subject497   2.8284   2.0536   0.1493   2.0677   0.3809   0.2140   0.0000 1694.4976   0.2220       ML
 msit_DDM_subject498   4.4450   3.1489   0.0000   2.2254  -0.1543   0.2717   0.0000 1593.1718   0.3130       ML
 msit_DDM_subject499   3.8166   1.9546   0.0000   2.5616   0.5266   0.1939   0.0000 2137.8318   0.2230       ML
 msit_DDM_subject5   3.6440   1.5450   0.0282   8.2551   2.1180   0.0000   0.0000 1774.6006   0.4170       ML
 msit_DDM_subject50   3.0200   1.3676   0.0274   2.7776   0.7164   0.3699   0.0000 2392.5480   0.2060       ML
 msit_DDM_subject500   2.7118   1.0737   0.0618   2.6802   0.1357   0.2962   0.0000 3015.5874   0.3130       ML
 msit_DDM_subject501   1.8302   1.9693   0.1281   1.8316  -0.1812   0.6091   0.0000 1249.5131   0.2600       ML
 msit_DDM_subject502   3.3591   2.6191   0.0001   3.1430   1.2682   0.3862   0.0000 1057.9653   0.2840       ML
 msit_DDM_subject503   2.0803   1.2863   0.1339   2.6329   0.9483   0.4472   0.0000 1856.5070   0.1960       ML
 msit_DDM_subject504   3.1264   2.4907   0.1079   1.7178   0.2787   0.3399   0.0000 1155.2452   0.2320       ML
 msit_DDM_subject505   3.6626   1.9235   0.0000   2.1972   0.0168   0.2776   0.0000 2130.4223   0.2070       ML
 msit_DDM_subject506   2.2481   1.3300   0.0879   2.1492   0.5845   0.4027   0.0000 2001.4680   0.2640       ML
 msit_DDM_subject507   3.2240   2.1316   0.0000   2.4936   0.6434   0.3693   0.0000 1772.6399   0.2380       ML
 msit_DDM_subject508   4.0466   1.7320   0.0000   7.7000   2.0428   0.0000   0.0000 1695.5863   0.3220       ML
 msit_DDM_subject509   2.6663   1.4645   0.1073   2.1007  -0.0204   0.4662   0.0000 2249.7096   0.2300       ML
 msit_DDM_subject51   2.2829   1.1989   0.1207   2.7174   0.5415   0.4501   0.0000 2513.5877   0.2360       ML
 msit_DDM_subject510   4.1468   2.7872   0.0000   1.8886   0.0075   0.4025   0.0000 1437.2490   0.3270       ML
 msit_DDM_subject511   2.9181   1.5227   0.1107   2.5788   0.5989   0.2189   0.0000 2219.1648   0.2110       ML
 msit_DDM_subject512   2.4440   1.7712   0.1036   2.4939   1.0464   0.3323   0.0000 1403.0493   0.2230       ML
 msit_DDM_subject513   1.8459   1.4727   0.1196   0.7651   3.5351   1.0589   0.0000 -992.2260   0.3250       ML
 msit_DDM_subject514   2.1215   1.2523   0.1336   6.3961   1.9686   0.0000   0.0000 1593.3309   0.2280       ML
 msit_DDM_subject515   2.6047   1.6236   0.1453   2.3197   0.9180   0.3434   0.0000 1591.0826   0.1850       ML
 msit_DDM_subject516   3.5794   1.5507   0.0439   2.4350   0.1789   0.3992   0.0000 2617.2796   0.2520       ML
 msit_DDM_subject517   3.5412   2.4821   0.0000   2.1468   0.3598   0.6022   0.0000 1608.3510   0.3040       ML
 msit_DDM_subject518   2.3311   1.9350   0.0828   2.1372   0.2701   0.3140   0.0000 1735.2657   0.2740       ML
 msit_DDM_subject519   3.9591   2.2281   0.0000   6.6358   2.3968   0.0000   0.0000 1032.8082   0.3690       ML
 msit_DDM_subject52   2.2626   1.0884   0.1539   2.7034   1.4129   0.3063   0.0000 1645.9270   0.3610       ML
 msit_DDM_subject520   3.6665   2.0952   0.0000   2.9621   0.9507   0.2443   0.0000 1730.8392   0.1960       ML
 msit_DDM_subject521   2.0599   1.2312   0.1159   8.0098   2.4119   0.0000   0.0000 1419.7240   0.2780       ML
 msit_DDM_subject522   3.2109   1.8953   0.0207   6.6987   2.4072   0.0000   0.0000 1107.5961   0.2710       ML
 msit_DDM_subject523   2.4038   1.5804   0.0901   2.3486   0.4081   0.4560   0.0000 2079.7037   0.5020       ML
 msit_DDM_subject524   3.7393   2.7133   0.0000   2.2059   0.5766   0.1807   0.0000 1411.9842   0.2810       ML
 msit_DDM_subject525   4.2127   1.7526   0.0000   6.9439   1.8994   0.0000   0.0000 1756.8363   0.4120       ML
 msit_DDM_subject526   2.0679   1.5976   0.1719   2.2276   0.5236   0.3515   0.0000 1785.1052   0.2490       ML
 msit_DDM_subject527   2.5770   1.3614   0.1822   2.1612   0.4563   0.4995   0.0000 2139.8261   0.2380       ML
 msit_DDM_subject528   3.8377   2.5704   0.0000   1.8517   0.5329   0.5746   0.0000 1232.0945   0.3090       ML
 msit_DDM_subject529   2.8753   1.4403   0.1559   2.2523   0.1383   0.4037   0.0000 2416.5142   0.2900       ML
 msit_DDM_subject53  10.0000  13.1418   0.3344   1.9650  -0.0247   0.4191   0.0000 -283.9986   0.6750       ML
 msit_DDM_subject530   2.2530   1.8242   0.1385   2.3556   0.1599   0.2695   0.0000 1970.9781   0.4310       ML
 msit_DDM_subject531   3.7846   2.1508   0.0000   2.3014   0.3597   0.3806   0.0000 1981.6500   0.4460       ML
 msit_DDM_subject532   2.0722   1.4775   0.1827   2.3450   1.1255   0.2806   0.0000 1378.9341   0.2660       ML
 msit_DDM_subject533   2.8153   1.3105   0.1484   3.1625   0.9048   0.2382   0.0000 2284.4376   0.3660       ML
 msit_DDM_subject534   2.7913   1.4682   0.1006   2.4199   0.7276   0.2884   0.0000 2043.2717   0.8980       ML
 msit_DDM_subject535   2.0328   1.4676   0.1590   1.9537   0.1165   0.3060   0.0000 1801.2596   0.3920       ML
 msit_DDM_subject536   4.3367   2.4881   0.0000   2.5237   0.6862   0.2798   0.0000 1725.9038   0.5810       ML
 msit_DDM_subject537   1.9835   1.5247   0.1377   2.0635   0.3199   0.4301   0.0000 1824.1002   0.4610       ML
 msit_DDM_subject538   3.6931   2.5379   0.0000   1.9273   0.3089   0.3490   0.0000 1448.5907   0.6730       ML
 msit_DDM_subject539   4.5527   3.2769   0.0000   3.5389   1.8008   0.1117   0.0000 588.2524   0.6370       ML
 msit_DDM_subject54   4.5789   3.4982   0.0000   3.6486   1.7978   0.4258   0.0000 518.3688   0.4310       ML
 msit_DDM_subject540   3.2408   1.8597   0.0372   2.7412   0.5843   0.2874   0.0000 2134.8811   0.3950       ML
 msit_DDM_subject541   2.4538   1.4381   0.1045   2.3686   0.5769   0.3278   0.0000 2133.7222   0.3230       ML
 msit_DDM_subject542   3.0329   1.6312   0.1032   6.5551   2.1994   0.0000   0.0000 1387.7278   0.4550       ML
 msit_DDM_subject543   4.6297   1.8461   0.0000   3.8108   1.1345   0.4273   0.0000 2061.1398   0.4350       ML
 msit_DDM_subject544   3.1759   2.2688   0.0000   1.9272   0.4879   0.6228   0.0000 1431.2460   0.2840       ML
 msit_DDM_subject545   3.3890   1.8981   0.0000   7.6376   2.2228   0.0002   0.0000 1327.8105   0.5630       ML
 msit_DDM_subject546   3.8345   2.5096   0.0000   1.8914   0.2235   0.3556   0.0000 1512.9684   0.4550       ML
 msit_DDM_subject547   4.0397   1.9634   0.0415   2.5180   0.9611   0.3071   0.0000 1741.7474   0.3390       ML
 msit_DDM_subject548   2.2583   1.4937   0.0976   3.1124   1.0562   0.4084   0.0000 1760.3050   0.2580       ML
 msit_DDM_subject549   3.5195   1.7926   0.0000   2.8931   0.9422   0.4013   0.0000 1908.0930   0.1910       ML
 msit_DDM_subject55   2.0077   1.3019   0.1531   6.7283   2.3757   0.0000   0.0000 1272.1830   0.3900       ML
 msit_DDM_subject550   2.3280   1.2842   0.1141   2.3985   0.4703   0.3967   0.0000 2321.0614   0.2190       ML
 msit_DDM_subject551   1.8659   1.3158   0.1720   2.5863   0.6497   0.2308   0.0000 1951.8830   0.2170       ML
 msit_DDM_subject552   5.7675   4.0997   0.0000   2.1270   0.4264   0.2608   0.0000 1209.4130   0.2530       ML
 msit_DDM_subject553   2.9572   1.8318   0.1143   5.4646   2.1632   0.0000   0.0000 1135.1083   0.3340       ML
 msit_DDM_subject554   3.7237   1.8122   0.0000   2.3768   0.2291   0.2823   0.0000 2343.9902   0.2460       ML
 msit_DDM_subject555   2.9518   1.6384   0.0715   3.2061   0.6765   0.2140   0.0000 2294.3337   0.2610       ML
 msit_DDM_subject556   3.8267   2.2213   0.0000   2.2542   0.5475   0.2893   0.0000 1790.0972   0.2720       ML
 msit_DDM_subject557   2.2404   1.2373   0.1048   2.4179   0.4983   0.3831   0.0000 2312.1313   0.1620       ML
 msit_DDM_subject558   2.8629   1.6089   0.0650   8.0188   2.5639   0.0000   0.0000 1262.6635   0.3420       ML
 msit_DDM_subject559   2.8998   1.7472   0.0383   2.1421   0.5031   0.2719   0.0000 1898.7603   0.2390       ML
 msit_DDM_subject56   1.9177   2.1154   0.2032   2.2309   1.8531   0.5244   0.0000 237.3078   0.2610       ML
 msit_DDM_subject560   2.5850   1.1280   0.0765   2.9706   0.5360   0.3554   0.0000 2772.8832   0.2410       ML
 msit_DDM_subject561   2.0066   1.2525   0.1237   1.5830   0.0800   0.7800   0.0000 1575.1347   0.2170       ML
 msit_DDM_subject562   3.7769   2.2181   0.0000   2.2498   0.4498   0.2631   0.0000 1818.5228   0.2180       ML
 msit_DDM_subject563   5.2118   2.7456   0.0000   6.1829   2.2720   0.0000   0.0000 959.9766   0.6960       ML
 msit_DDM_subject564   1.7701   1.9363   0.1622   1.9256   0.2750   0.4427   0.0000 1345.2050   0.2050       ML
 msit_DDM_subject565   1.8956   1.3965   0.1338   2.7027   1.1374   0.3941   0.0000 1503.0226   0.2380       ML
 msit_DDM_subject566   2.2177   1.2161   0.1217   2.5743   0.6282   0.2860   0.0000 2293.8663   0.2400       ML
 msit_DDM_subject567   3.3191   1.8917   0.0107   3.2721   0.7964   0.2416   0.0000 2010.6443   0.3560       ML
 msit_DDM_subject568   3.2940   2.1359   0.0636   2.5043   0.5710   0.1952   0.0000 1846.0096   0.2180       ML
 msit_DDM_subject569   4.0399   2.4864   0.0000   3.3890   1.7521   0.5624   0.0000 910.7520   0.3210       ML
 msit_DDM_subject57   8.3580   5.7274   0.0000   2.1691   0.5426   0.2214   0.0000 766.9327   0.3100       ML
 msit_DDM_subject570   4.2020   3.0376   0.0000   2.0121   0.1205   0.2785   0.0000 1377.3229   0.3050       ML
 msit_DDM_subject571   4.6017   2.2476   0.0000   2.4559   0.4367   0.2155   0.0000 2123.5792   0.2990       ML
 msit_DDM_subject572   2.1904   2.3223   0.1326   1.9354   1.3080   0.8725   0.0000 508.8826   0.1850       ML
 msit_DDM_subject573   4.5249   2.0927   0.0000   6.2590   1.8790   0.0000   0.0000 1509.7009   0.2070       ML
 msit_DDM_subject574   5.4531   3.2029   0.0000   2.5108   1.0022   0.2687   0.0000 1169.9432   0.2400       ML
 msit_DDM_subject575   2.2105   1.6945   0.1193   2.2440   0.4356   0.3290   0.0000 1833.6338   0.2030       ML
 msit_DDM_subject576   3.3486   1.9911   0.0004   2.2001   0.2672   0.3240   0.0000 2079.2958   0.3800       ML
 msit_DDM_subject577   4.1634   2.2878   0.0000   2.3117   0.7272   0.5486   0.0000 1669.6602   0.2740       ML
 msit_DDM_subject578   5.5745   2.8122   0.0000   2.4089   0.5629   0.1587   0.0000 1768.9257   0.2680       ML
 msit_DDM_subject579   2.9868   2.4197   0.1001   2.2291   1.1339   0.4650   0.0000 927.4062   0.2510       ML
 msit_DDM_subject58   2.2050   1.1832   0.0970   2.8988   0.7712   0.2853   0.0000 2262.9306   0.1800       ML
 msit_DDM_subject580   2.4089   1.1862   0.0841   2.7620   0.6727   0.4938   0.0000 2446.5481   0.2230       ML
 msit_DDM_subject581   2.3972   1.7509   0.1144   3.9179   2.6839   0.5705   0.0000 567.3188   0.3980       ML
 msit_DDM_subject582   3.1185   1.5846   0.0525   2.9830   0.9605   0.5150   0.0000 1975.4127   0.2440       ML
 msit_DDM_subject583   3.1028   3.0765   0.3060   2.0506   0.8646   0.3096   0.0000 771.6869   0.2380       ML
 msit_DDM_subject584   1.8093   1.4959   0.1218   2.9007   1.3733   0.3079   0.0000 1202.2030   0.2380       ML
 msit_DDM_subject585   2.3801   1.6101   0.1419   2.0649   0.2688   0.3527   0.0000 1898.0990   0.1920       ML
 msit_DDM_subject586   3.3058   2.2372   0.0160   2.2555   1.0466   0.5623   0.0000 1216.3773   0.2530       ML
 msit_DDM_subject587   2.2472   1.4006   0.1269   2.0622   0.3552   0.4579   0.0000 1996.8575   0.2060       ML
 msit_DDM_subject588   3.4292   2.1323   0.0000   6.1992   2.2770   0.0000   0.0000 1024.7516   0.3060       ML
 msit_DDM_subject589   3.6592   1.6321   0.0440   2.9677   0.6341   0.2521   0.0000 2438.1908   0.2100       ML
 msit_DDM_subject59   3.5644   2.0327   0.0000   8.3451   2.3765   0.0000   0.0000 1231.9297   0.2650       ML
 msit_DDM_subject590   2.4378   1.2512   0.0996   2.5594   0.4624   0.3484   0.0000 2472.8623   0.1800       ML
 msit_DDM_subject591   2.4635   1.5372   0.1215   2.3727   0.5599   0.2453   0.0000 2022.0225   0.2360       ML
 msit_DDM_subject592   3.2279   2.3642   0.0000   2.1864   0.8061   0.6959   0.0000 1303.4213   0.3030       ML
 msit_DDM_subject593   3.0535   2.0666   0.0480   2.2204  -0.2054   0.3592   0.0000 1878.8910   0.2750       ML
 msit_DDM_subject594   1.8878   1.8114   0.1425   3.1282   1.7747   0.4482   0.0000 767.0886   0.2510       ML
 msit_DDM_subject595   3.9576   2.4679   0.0000   2.4106   0.4047   0.4417   0.0000 1836.9993   0.2080       ML
 msit_DDM_subject596   3.5466   1.6220   0.0000   2.7042   0.4266   0.1921   0.0000 2519.9440   0.2650       ML
 msit_DDM_subject597   2.4910   1.4206   0.1180   2.3227   0.5709   0.4733   0.0000 2085.3164   0.1880       ML
 msit_DDM_subject598   2.1326   2.2215   0.1627   1.1057   2.6138   0.6550   0.0000 -736.6897   0.2620       ML
 msit_DDM_subject599   2.2490   1.2461   0.1834   3.0865   0.9375   0.1707   0.0000 2104.7192   0.1670       ML
 msit_DDM_subject6   2.8514   3.5547   0.0816   1.5720   0.1539   0.4934   0.0000 489.7206   0.1270       ML
 msit_DDM_subject60   2.4205   1.0760   0.1448   2.7419   0.5734   0.3534   0.0000 2611.9800   0.1900       ML
 msit_DDM_subject600   3.3918   2.0335   0.0000   2.4113   0.3464   0.5004   0.0000 2076.2303   0.3170       ML
 msit_DDM_subject601   2.9621   2.1514   0.0156   2.4462   0.4777   0.4436   0.0000 1804.7461   0.2330       ML
 msit_DDM_subject602   4.0507   2.3232   0.0000   2.4670   0.3749   0.2743   0.0000 2050.8635   0.2840       ML
 msit_DDM_subject603   2.3671   1.5188   0.1470   2.3958   1.0420   0.3778   0.0000 1567.1973   0.1780       ML
 msit_DDM_subject604   3.9930   2.4702   0.0102   2.1667   0.6767   0.3584   0.0000 1523.7562   0.3020       ML
 msit_DDM_subject605   9.9963  14.6063   0.1679   1.3167   0.7967   0.6556   0.0000 -1473.1651   0.4710       ML
 msit_DDM_subject606   5.5311   4.2368   0.0000   6.1048   2.3019   0.0000   0.0000 334.4805   0.4550       ML
 msit_DDM_subject607   4.4218   2.4424   0.0000   2.0878  -0.0082   0.4084   0.0000 1873.2200   0.2780       ML
 msit_DDM_subject608   2.1355   1.4522   0.1204   7.5452   2.4348   0.0000   0.0000 1224.1967   0.3580       ML
 msit_DDM_subject609   1.9302   1.0414   0.1162   3.2485   1.0723   0.3810   0.0000 2028.3298   0.2030       ML
 msit_DDM_subject61   2.4675   2.9708   0.1195  10.0000   5.2900   0.3612   0.0000 -586.8590   0.3120       ML
 msit_DDM_subject610   2.3659   1.3844   0.1377   3.0035   1.2416   0.3780   0.0000 1671.3452   0.1980       ML
 msit_DDM_subject611   2.1696   1.8625   0.1340   2.3165   0.3963   0.3732   0.0000 1745.1867   0.1850       ML
 msit_DDM_subject612   2.3520   1.4764   0.1035   7.0941   2.3887   0.0000   0.0000 1260.8967   0.2940       ML
 msit_DDM_subject613   2.3095   1.4079   0.1218   2.3542   0.3947   0.4344   0.0000 2231.3383   0.1800       ML
 msit_DDM_subject614   3.1381   1.7314   0.0619   6.6573   2.1059   0.0000   0.0000 1406.6134   0.3430       ML
 msit_DDM_subject615   1.7898   1.4482   0.2013   2.6553   1.6472   0.4703   0.0000 909.9469   0.2220       ML
 msit_DDM_subject616   2.1793   1.4506   0.1111   2.5797   0.8977   0.2931   0.0000 1750.1834   0.2130       ML
 msit_DDM_subject617   3.2872   1.8816   0.0000   2.5172   0.5589   0.4252   0.0000 2027.7815   0.2280       ML
 msit_DDM_subject618   3.4353   1.8132   0.0000   3.0706   0.9001   0.2077   0.0000 1948.0666   0.2360       ML
 msit_DDM_subject619   5.0885   3.5092   0.0000   1.8395   0.2685   0.3665   0.0000 1055.9799   0.2870       ML
 msit_DDM_subject62   2.8195   2.1705   0.0748   3.0357   1.0782   0.4874   0.0000 1346.8573   0.2500       ML
 msit_DDM_subject620   2.5227   1.3872   0.1733   2.5834   0.5831   0.2703   0.0000 2200.0065   0.4940       ML
 msit_DDM_subject621   4.1730   2.5546   0.0000   7.4435   2.6288   0.0000   0.0000 810.2090   0.5010       ML
 msit_DDM_subject622   1.9419   1.3168   0.1129   2.4306   0.6791   0.4733   0.0000 1927.9718   0.1810       ML
 msit_DDM_subject623   3.2920   2.5934   0.0129   2.1677   0.7036   0.2139   0.0000 1303.2131   0.2530       ML
 msit_DDM_subject624   2.5279   1.3254   0.2033   2.4056   0.5609   0.1904   0.0000 2264.5860   0.1830       ML
 msit_DDM_subject625   3.9173   1.8083   0.0000   2.7528   0.5737   0.2626   0.0000 2315.7371   0.2110       ML
 msit_DDM_subject626   3.2917   1.8720   0.0000   3.1648   0.8355   0.4297   0.0000 1992.5416   0.1860       ML
 msit_DDM_subject627   2.2794   1.2653   0.0893   3.0364   0.6284   0.2603   0.0000 2435.2402   0.1910       ML
 msit_DDM_subject628   2.3197   1.7739   0.1200   2.2039   0.9894   0.4607   0.0000 1316.8584   0.2060       ML
 msit_DDM_subject629   2.7231   2.0405   0.1703   2.4514   0.9837   0.2860   0.0000 1338.2361   0.1810       ML
 msit_DDM_subject63   3.3578   2.2544   0.0000   3.7154   1.4163   0.2492   0.0000 1255.9923   0.2640       ML
 msit_DDM_subject630   3.6192   2.1395   0.0000   8.2797   2.4086   0.0000   0.0000 1137.8168   0.5490       ML
 msit_DDM_subject631   3.0276   1.9738   0.0000   2.2937   0.4790   0.5305   0.0000 1835.9961   0.2350       ML
 msit_DDM_subject632   3.2134   2.3018   0.0654   1.6879   0.7076   0.5231   0.0000 1015.4591   0.2550       ML
 msit_DDM_subject633   3.6793   2.3648   0.0000   2.4139   0.7492   0.3238   0.0000 1575.6968   0.2180       ML
 msit_DDM_subject634   3.4854   1.8756   0.0000   3.7180   1.2616   0.2194   0.0000 1686.0720   0.2490       ML
 msit_DDM_subject635   2.0107   1.4194   0.1518   2.6406   0.9926   0.2232   0.0000 1661.2341   0.1810       ML
 msit_DDM_subject636   3.2885   1.8155   0.0000   2.6470   0.9371   0.3235   0.0000 1775.3850   0.2360       ML
 msit_DDM_subject637   2.3939   1.2553   0.1124   2.7396   0.8170   0.4475   0.0000 2207.4518   0.2070       ML
 msit_DDM_subject638   3.9516   3.1651   0.0000   1.7501  -0.1954   0.5984   0.0000 998.3124   0.3390       ML
 msit_DDM_subject639   3.4476   2.1211   0.0000   2.0990   0.0960   0.4926   0.0000 1880.9561   0.1980       ML
 msit_DDM_subject64   2.4353   1.3843   0.1030   2.3279   0.3279   0.4468   0.0000 2326.5811   0.2160       ML
 msit_DDM_subject640   3.5163   1.9138   0.0000   2.4312   0.7470   0.4451   0.0000 1861.8641   0.2560       ML
 msit_DDM_subject641   3.4949   1.8944   0.0000   2.5097   0.8247   0.4984   0.0000 1824.9422   0.2580       ML
 msit_DDM_subject642   2.0907   1.3065   0.1259   1.9694   0.3670   0.4859   0.0000 1965.7030   0.2120       ML
 msit_DDM_subject643   2.0193   1.1083   0.1363   7.8684   2.9719   0.0000   0.0000 1216.1251   0.3660       ML
 msit_DDM_subject644   3.0152   1.8941   0.0781   1.8972  -0.0648   0.4848   0.0000 1768.5571   0.1790       ML
 msit_DDM_subject645   1.9755   1.7550   0.1558   2.1409   0.6895   0.2401   0.0000 1412.7889   0.1840       ML
 msit_DDM_subject646   2.2395   1.9725   0.1312   1.9687   0.5985   0.7256   0.0000 1292.2118   0.2370       ML
 msit_DDM_subject647   1.9948   2.6315   0.2475   1.8625  -0.6090   0.3000   0.0000 751.7343   0.2490       ML
 msit_DDM_subject648  10.0000   6.6449   0.0158   1.7635   0.7236   0.4629   0.0000 197.9330   0.4150       ML
 msit_DDM_subject649   4.0703   2.5719   0.0000   2.0855  -0.0705   0.3043   0.0000 1729.3009   0.2190       ML
 msit_DDM_subject65   3.7584   1.8206   0.0106   2.5448  -0.1272   0.4140   0.0000 2449.1357   0.2990       ML
 msit_DDM_subject650   2.4371   1.5356   0.1721   2.1685   0.3714   0.1452   0.0000 2088.3193   0.1790       ML
 msit_DDM_subject651   2.0097   1.8127   0.1322   2.7120   2.1912   0.6809   0.0000 422.0818   0.1920       ML
 msit_DDM_subject652   3.5554   2.0671   0.0000   6.1648   1.9738   0.0000   0.0000 1291.6520   0.2930       ML
 msit_DDM_subject653   2.7288   2.2375   0.0404   2.9065   1.0878   0.3181   0.0000 1272.9536   0.2230       ML
 msit_DDM_subject654   2.4181   1.3375   0.1131   4.3626   1.6446   0.2013   0.0000 1636.1729   0.2050       ML
 msit_DDM_subject655   3.3471   2.1105   0.0036   6.5541   2.4028   0.0000   0.0000 971.0740   0.3360       ML
 msit_DDM_subject656   4.1718   2.1739   0.0000   2.9129   0.8684   0.2686   0.0000 1817.2438   0.3450       ML
 msit_DDM_subject657   4.0358   2.2861   0.0000   2.1949  -0.1205   0.2671   0.0000 1953.0144   0.2480       ML
 msit_DDM_subject658   2.3607   1.3428   0.0999   2.8192   0.6630   0.1760   0.0000 2273.3249   0.2360       ML
 msit_DDM_subject659   4.4450   2.1278   0.0000   2.6056   0.6095   0.2245   0.0000 2069.8640   0.2120       ML
 msit_DDM_subject66   3.6496   1.9045   0.0000   3.5863   1.3984   0.3560   0.0000 1540.7572   0.2260       ML
 msit_DDM_subject660   4.6892   2.7324   0.0000   2.6958   1.0676   0.3852   0.0000 1286.9747   0.2530       ML
 msit_DDM_subject661   2.2954   1.6156   0.1006   2.1345   0.2145   0.3735   0.0000 1958.5015   0.2090       ML
 msit_DDM_subject662   3.3832   2.0140   0.0000   8.1944   2.2166   0.0000   0.0000 1289.0002   0.2850       ML
 msit_DDM_subject663   1.8576   1.0806   0.1300   2.4103   0.5268   0.3327   0.0000 2208.7157   0.1730       ML
 msit_DDM_subject664   4.3401   2.4044   0.0009   4.2409   1.6625   0.2926   0.0000 1221.3955   0.3930       ML
 msit_DDM_subject665   3.5170   1.7651   0.0000   2.6053   0.4439   0.3460   0.0000 2367.2006   0.2410       ML
 msit_DDM_subject666   3.3955   1.8297   0.1219   2.3050   0.8300   0.2000   0.0000 1757.2101   0.2180       ML
 msit_DDM_subject667   3.5083   2.3569   0.0392   2.1781   0.4443   0.3231   0.0000 1635.8571   0.2350       ML
 msit_DDM_subject668   2.5706   1.5525   0.1555   2.2748   0.2445   0.3369   0.0000 2222.7478   0.1890       ML
 msit_DDM_subject669   1.8353   1.7463   0.1421   2.2513   0.4561   0.4099   0.0000 1634.2368   0.2110       ML
 msit_DDM_subject67   2.6033   1.0929   0.1289   8.3162   2.1152   0.0000   0.0000 1962.5383   0.3100       ML
 msit_DDM_subject670   6.2088   3.9061   0.0000   2.2498   0.5879   0.2318   0.0000 1199.1455   0.2490       ML
 msit_DDM_subject671   2.7220   1.6491   0.1165   2.0039   0.2505   0.2149   0.0000 1944.9742   0.2030       ML
 msit_DDM_subject672   7.1039   5.3774   0.0000   1.5087   0.6396   0.6510   0.0000 123.6648   0.3280       ML
 msit_DDM_subject673   3.5706   1.9821   0.0000   2.7340   0.7130   0.3511   0.0000 1951.7343   0.2290       ML
 msit_DDM_subject674   2.2653   1.3880   0.0944   2.3007   0.0613   0.2877   0.0000 2284.4978   0.2160       ML
 msit_DDM_subject675   3.7646   2.9000   0.1248   1.2310   0.6554   0.6463   0.0000 211.4863   0.4060       ML
 msit_DDM_subject676   2.1450   1.7457   0.1589   2.0796   0.6649   0.5104   0.0000 1442.3492   0.2630       ML
 msit_DDM_subject677   2.9201   1.5768   0.0968   6.1060   2.2649   0.0000   0.0000 1324.1600   0.2880       ML
 msit_DDM_subject678   2.4336   1.4721   0.1134   6.6728   2.3225   0.0000   0.0000 1304.1327   0.2820       ML
 msit_DDM_subject679   1.8077   1.7657   0.1411   2.5596   1.4947   0.5788   0.0000 824.1159   0.2070       ML
 msit_DDM_subject68   2.0699   1.4500   0.1184   2.7782   1.6311   0.4228   0.0000 1106.6610   0.1730       ML
 msit_DDM_subject680   2.1487   1.3744   0.1348   2.2795   0.7064   0.4489   0.0000 1931.1598   0.1580       ML
 msit_DDM_subject681   3.7410   2.6221   0.0000   2.1627   0.0897   0.1761   0.0000 1689.5580   0.3010       ML
 msit_DDM_subject682   2.8623   1.7004   0.0688   2.7071   0.6271   0.3851   0.0000 2047.4568   0.3660       ML
 msit_DDM_subject683   1.8718   2.0879   0.1934   1.9271  -0.1599   0.2558   0.0000 1321.9300   0.2660       ML
 msit_DDM_subject684   3.7486   2.9199   0.0000   2.7004   1.9785   0.6257   0.0000 313.2945   0.2540       ML
 msit_DDM_subject685   3.5547   1.9197   0.0000   3.9021   1.6596   0.4403   0.0000 1332.0133   0.2410       ML
 msit_DDM_subject686   4.3505   2.2481   0.0000   2.0574   0.5926   0.1775   0.0000 1712.6695   0.2060       ML
 msit_DDM_subject687   2.8964   1.8568   0.0001   1.9496  -0.1768   0.5615   0.0000 1732.5402   0.2680       ML
 msit_DDM_subject688   2.6460   1.1971   0.0801   2.7465   0.4989   0.5488   0.0000 2692.2317   0.1790       ML
 msit_DDM_subject689   2.6401   1.7661   0.1969   2.2793   0.3148   0.3201   0.0000 1992.6578   0.3230       ML
 msit_DDM_subject69   3.0909   1.8588   0.0614   2.2856   0.3235   0.4232   0.0000 2071.3144   0.1750       ML
 msit_DDM_subject690   2.4831   1.5285   0.1695   2.7386   0.9426   0.2365   0.0000 1837.4644   0.1750       ML
 msit_DDM_subject691   2.1797   1.4506   0.1002   2.3775   0.1907   0.3922   0.0000 2275.5164   0.1780       ML
 msit_DDM_subject692   2.4066   1.6361   0.1098   3.3024   1.4605   0.1455   0.0000 1341.8103   0.1990       ML
 msit_DDM_subject693   1.8136   1.6261   0.1455   0.9860   1.0595   0.8435   0.0000  45.5755   0.2480       ML
 msit_DDM_subject694   2.6426   2.0744   0.1465   2.7194   2.4807   0.4974   0.0000 269.2065   0.2450       ML
 msit_DDM_subject695   3.9693   2.1487   0.1069   3.6123   1.7524   0.1309   0.0000 1139.2703   0.2160       ML
 msit_DDM_subject696   2.5149   1.5197   0.1050   4.2631   1.5250   0.2273   0.0000 1581.5197   0.2340       ML
 msit_DDM_subject697   4.0610   1.9209   0.0000   2.4716   0.0693   0.4365   0.0000 2447.5800   0.2250       ML
 msit_DDM_subject698   2.4907   1.7829   0.1722   1.9649   0.0639   0.2589   0.0000 1810.8898   0.2030       ML
 msit_DDM_subject699   3.4062   2.0306   0.0244   2.1426   0.3449   0.3427   0.0000 1881.6215   0.2230       ML
 msit_DDM_subject7   2.6418   1.6967   0.1512   2.1718   0.4313   0.4402   0.0000 1896.3863   0.1800       ML
 msit_DDM_subject70   2.2202   1.4256   0.1444   2.2026   0.4523   0.3036   0.0000 1947.9643   0.2150       ML
 msit_DDM_subject700   2.2443   1.3426   0.1566   2.3406   0.2269   0.2407   0.0000 2354.0315   0.2120       ML
 msit_DDM_subject701   4.2204   1.9811   0.0000   2.2147   0.6735   0.1593   0.0000 1898.5064   0.3260       ML
 msit_DDM_subject702   1.9635   1.1227   0.1249   2.5598   0.9391   0.4099   0.0000 1930.0089   0.2100       ML
 msit_DDM_subject703   2.4773   1.5382   0.1464   6.6333   2.8405   0.0000   0.0000 964.7302   0.2690       ML
 msit_DDM_subject704   2.1100   1.2496   0.1406   2.0530   0.8238   0.3057   0.0000 1711.2443   0.1740       ML
 msit_DDM_subject705   2.8536   1.6695   0.0650   2.6513   0.7853   0.3848   0.0000 1915.6191   0.2260       ML
 msit_DDM_subject706   3.8166   2.0911   0.0000   6.4134   2.0194   0.0004   0.0000 1314.9290   0.4000       ML
 msit_DDM_subject707   6.1189   4.3282   0.0000   1.3221   0.1181   0.4915   0.0000 237.6074   0.2480       ML
 msit_DDM_subject708   3.3134   1.9599   0.0000   6.1687   2.0809   0.0000   0.0000 1227.4668   0.3530       ML
 msit_DDM_subject709   2.7880   1.7995   0.0631   2.5623   0.8643   0.3221   0.0000 1685.3555   0.2110       ML
 msit_DDM_subject71   4.0901   2.2174   0.0000   2.9075   1.1818   0.2653   0.0000 1463.1218   0.2320       ML
 msit_DDM_subject710   2.0963   1.7247   0.1106   2.6164   1.7418   0.5572   0.0000 779.9543   0.1970       ML
 msit_DDM_subject711   1.8830   4.6107   0.5436   3.4340   1.7307   0.1609   0.0000 -394.8036   0.6850       ML
 msit_DDM_subject712   2.4318   1.5184   0.1262   2.4784   0.5358   0.2716   0.0000 2094.8534   0.1990       ML
 msit_DDM_subject713   3.7129   1.8925   0.0360   2.4839   0.5139   0.3831   0.0000 2176.7359   0.2180       ML
 msit_DDM_subject714   2.2252   1.7468   0.1613   2.3598   1.0329   0.3999   0.0000 1337.4092   0.1730       ML
 msit_DDM_subject715   2.9888   1.7533   0.0900   6.5434   2.6607   0.0000   0.0000 1016.4956   0.3070       ML
 msit_DDM_subject716   2.9677   1.7838   0.0715   2.5586   0.7613   0.4957   0.0000 1850.2224   0.2160       ML
 msit_DDM_subject717   2.1680   1.5667   0.1599   2.2560   1.7884   0.3446   0.0000 778.5642   0.2440       ML
 msit_DDM_subject718   5.0394   2.4022   0.0000   2.3404  -0.1017   0.2641   0.0000 2203.6003   0.3190       ML
 msit_DDM_subject719   3.2657   1.8796   0.0000   2.4903   0.7743   0.4622   0.0000 1807.7625   0.2040       ML
 msit_DDM_subject72   2.5216   1.4151   0.0794   7.9574   2.2739   0.0000   0.0000 1507.0414   0.3500       ML
 msit_DDM_subject720   2.8486   1.7335   0.0830   2.1773   0.1445   0.2074   0.0000 2118.9517   0.2220       ML
 msit_DDM_subject73   3.8282   1.8514   0.0609   2.1272   0.5249   0.1701   0.0000 1989.4426   0.2430       ML
 msit_DDM_subject74   9.9877   7.3229   0.0078   1.8772   0.5545   0.3255   0.0000 309.6466   0.3020       ML
 msit_DDM_subject75   3.0347   2.6301   0.0158   1.0009   1.7288   0.9177   0.0000 -480.0237   0.2740       ML
 msit_DDM_subject76   3.3932   3.7043   0.1612   1.8111   1.1339   0.1388   0.0000 274.4108   0.2060       ML
 msit_DDM_subject77   3.1370   2.0265   0.0000   3.1220   0.9858   0.4035   0.0000 1636.3871   0.1760       ML
 msit_DDM_subject78   6.0771   3.8554   0.0000   4.9798   2.4932   0.0000   0.0000 277.2185   0.2700       ML
 msit_DDM_subject79   2.8583   1.4347   0.0965   2.7061   0.5425   0.4369   0.0000 2436.9506   0.2000       ML
 msit_DDM_subject8   3.6143   1.7100   0.0000   3.0811   0.9195   0.3676   0.0000 2046.0061   0.2940       ML
 msit_DDM_subject80   3.0803   1.5184   0.0567   2.6453   0.8066   0.4929   0.0000 2095.6834   0.1600       ML
 msit_DDM_subject81   2.4508   1.6463   0.1182   3.4632   1.1443   0.2893   0.0000 1690.5645   0.2210       ML
 msit_DDM_subject82   2.2070   1.6354   0.2193   6.1023   2.6624   0.0000   0.0000 836.5631   0.2950       ML
 msit_DDM_subject83   3.2539   1.6027   0.0646   2.2551  -0.1223   0.3012   0.0000 2386.0241   0.1970       ML
 msit_DDM_subject84   5.9149   4.7902   0.0000   2.2788   0.7793   0.3991   0.0000 684.6385   0.2640       ML
 msit_DDM_subject85   4.0831   2.0736   0.0000   2.6087   0.6036   0.2236   0.0000 2076.7673   0.2100       ML
 msit_DDM_subject86   3.4916   2.1984   0.0484   2.3657   0.5017   0.1906   0.0000 1845.8688   0.2550       ML
 msit_DDM_subject87   2.1602   1.2381   0.1279   2.0391   0.1450   0.4498   0.0000 2139.4504   0.2360       ML
 msit_DDM_subject88   2.5754   1.1870   0.1299   6.6452   1.9423   0.0000   0.0000 1857.7355   0.2820       ML
 msit_DDM_subject89   3.7145   2.1998   0.0000   2.2442   0.3214   0.4004   0.0000 1881.5595   0.2180       ML
 msit_DDM_subject9   4.1217   2.4938   0.0000   2.3656   0.8324   0.2443   0.0000 1467.9617   0.2340       ML
 msit_DDM_subject90   3.0504   1.6716   0.0000   4.5480   1.6010   0.3069   0.0000 1556.6849   0.2760       ML
 msit_DDM_subject91   4.1678   3.5463   0.0000   2.3219   0.9727   0.5982   0.0000 798.0955   0.2100       ML
 msit_DDM_subject92   2.8523   1.7373   0.0838   2.2647   0.5444   0.2358   0.0000 1926.6879   0.2410       ML
 msit_DDM_subject93   3.6785   2.2638   0.0000   5.2313   2.0676   0.0001   0.0000 1024.3859   0.3050       ML
 msit_DDM_subject94   1.8877   1.3015   0.1460   2.7913   1.2262   0.3759   0.0000 1495.6451   0.1940       ML
 msit_DDM_subject95   4.3145   2.2149   0.0000   2.7128   0.8733   0.3285   0.0000 1757.2260   0.2580       ML
 msit_DDM_subject96   2.3295   1.4185   0.1029   2.2211   0.3670   0.4013   0.0000 2133.8079   0.2100       ML
 msit_DDM_subject97   4.3309   2.1551   0.0000   2.1052  -0.0120   0.2523   0.0000 2046.5440   0.1860       ML
 msit_DDM_subject98   3.7844   1.9240   0.0000   2.6056   0.7050   0.2855   0.0000 2028.3667   0.2040       ML
 msit_DDM_subject99   3.0639   1.7671   0.1371   2.5121   0.5424   0.2053   0.0000 2148.9987   0.1770       ML
